======= Version 03-11-2023 ======================================= **KM** ====

        Program WOMBAT: Estimates of covariance components
==============================================================================

 WOMBAT analysis of  Rep2CFM male DR, null model                            

 Analysis type          :   "UNI"
 Data file              :   "cfm2mDR_dat.dat"
 Pedigree file          :   "ReducedPedFile.dat"
 Parameter file         :   "cfm2mDR_null.par"
  
 No. of traits          =      1                    DR
 No. of records         =    506           506
 No. of parameters      =      2
 Maximum log L          =          -550.937
 -1/2 AIC & AICC        =          -552.937          -552.949
 -1/2 BIC               =          -557.156    "Penalty factor" =   3.109
  
 Operational zero used  =     0.00000001000
 Value for "small"      =     0.00010000000
 Limit: "small" pivots  =     0.00100000000
  
 Eigenvalues of AI matrix
    318.258        18.5603    

 Parameter estimates with approx. sampling erors
   1   CHOL Z 1 1              1.74029          0.562524E-01          
   2   CHOL A 1 1            -0.553012          0.232069              

 Convergence criteria for last 3 iterates
 Change in log likelihood    =    0.460192    0.002280    0.000006
 Change in parameter vector  =    0.075379    0.007962    0.000440
 Norm of gradient vector     =     14.0576      0.4647      0.0164
 Newton decrement            =     -0.8777     -0.0043     -0.0000

***** Estimates of residual covariances   ************************************
      Order of fit           =       1
 Covariance matrix
   1     3.0286    
 Matrix of correlations and variance ratios
   1      0.9015
 Covariances & correlations with approximate sampling errors
   1  COVS Z 1 1        3.02861       0.195791       vrat     0.902   0.042

***** Estimates for RE  1   "NSEC"   *****************************************
      No. of levels          =      27
      Covariance structure   = NRM
      Order of fit           =       1
 Covariance matrix
   1    0.33087    
 Matrix of correlations and variance ratios
   1      0.0985
 Covariances & correlations with approximate sampling errors
   2  COVS A 1 1       0.330872       0.153570       vrat     0.098   0.042

***** Estimates of phenotypic covariances  ***********************************
 Covariance matrix
   1     3.3595    
 Covariances & correlations with approximate sampling errors
   3  COVS T 1 1        3.35949       0.238805    
  
======== end of file ============================23-06-2025==========13:12====
  
