======= Version 03-11-2023 ======================================= **KM** ====

        Program WOMBAT: Estimates of covariance components
==============================================================================

 bivariate WOMBAT analysis of LA from Rep1 CWT                              

 Analysis type          :   "MUV 2"
 Data file              :   "cwt1LA_dat.dat"
 Pedigree file          :   "ReducedPedFile.dat"
 Parameter file         :   "cwt1LA_par.par"
  
 No. of traits          =      2                   mLA                 fLA
 No. of records         =    904           508         396
 No. of parameters      =      9
   ... not estimated    =      1
 Maximum log L          =         -1453.296
 -1/2 AIC & AICC        =         -1461.296         -1461.377
 -1/2 BIC               =         -1480.488    "Penalty factor" =   3.399
  
 Operational zero used  =     0.00000001000
 Value for "small"      =     0.00010000000
 Limit: "small" pivots  =     0.00100000000
  
 Eigenvalues of AI matrix
    116.137        86.2147        9.60046        8.46110        5.44646        2.99148       0.504846E-02   0.604996E-07
   -0.00000    

 Parameter estimates with approx. sampling erors
   1   CHOL Z 1 1              2.31424          0.177779              
   2   CHOL Z 1 2              0.00000           1000.00      constant
   3   CHOL Z 2 2              2.97648          0.195013              
   4   CHOL A 1 1              1.68287          0.381021              
   5   CHOL A 1 2             0.847444          0.428288              
   6   CHOL A 2 2             0.866357          0.531383              
   7   CHOL B 1 1             -3.45388           30.8186              
   8   CHOL B 1 2             0.438397           11.7581              
   9   CHOL B 2 2             -2.63391           999.555              

 Convergence criteria for last 3 iterates
 Change in log likelihood    =    0.133797    0.031979    0.000305
 Change in parameter vector  =    0.048498    0.054950    0.017437
 Norm of gradient vector     =      1.8386      1.0311      0.1222
 Newton decrement            =     -0.3600     -0.0770     -0.0090

***** Estimates of residual covariances   ************************************
      Order of fit           =       2
 Covariance matrix
   1     8.8594    
   2     0.0000       5.3557    
 Eigenvalues of covariance matrix
 Value         8.86         5.36
   (%)        62.32        37.68
 Trace        14.22
 Matrix of correlations and variance ratios
   1      0.7452
   2      0.0000    0.7847
 Covariances & correlations with approximate sampling errors
   1  COVS Z 1 1        8.85941        1.16092       vrat     0.745   0.097
   3  COVS Z 2 2        5.35572       0.868559       vrat     0.785   0.124

***** Estimates for RE  1   "ANIMAL"   ***************************************
      No. of levels          =    1146
      Covariance structure   = NRM
      Order of fit           =       2
 Covariance matrix
   1     2.8321    
   2     1.4261       1.4687    
 Eigenvalues of covariance matrix
 Value         3.73         0.57
   (%)        86.75        13.25
 Trace         4.30
 Matrix of correlations and variance ratios
   1      0.2382
   2      0.6993    0.2152
 Covariances & correlations with approximate sampling errors
   4  COVS A 1 1        2.83206        1.28245       vrat     0.238   0.104
   5  COVS A 1 2        1.42614       0.744966       corr     0.699   0.358
   6  COVS A 2 2        1.46874       0.959819       vrat     0.215   0.138

***** Estimates for RE  2   "NSEC"   *****************************************
      No. of levels          =      28
      Covariance structure   = IDE
      Order of fit           =       2
 Covariance matrix
   1    0.19735    
   2    0.13863E-01  0.10000E-02
 Eigenvalues of covariance matrix
 Value         0.20         0.00
   (%)        99.99         0.01
 Trace         0.20
 Matrix of correlations and variance ratios
   1      0.0166
   2      0.9869    0.0001
 Covariances & correlations with approximate sampling errors
   7  COVS B 1 1       0.197347       0.337061       vrat     0.017   0.028
   8  COVS B 1 2       0.138633E-01   0.201238       corr     0.987  failed
   9  COVS B 2 2       0.100000E-02   0.224734       vrat     0.000   0.033

***** Estimates of phenotypic covariances  ***********************************
 Covariance matrix
   1     11.889    
   2     1.4400       6.8255    
 Eigenvalues of covariance matrix
 Value        12.27         6.44
   (%)        65.56        34.44
 Trace        18.71
 Correlation matrix
   1      1.0000
   2      0.1599    1.0000
 Covariances & correlations with approximate sampling errors
  10  COVS T 1 1        11.8888       0.782297    
  11  COVS T 1 2        1.44000       0.685025       corr     0.160   0.074
  12  COVS T 2 2        6.82546       0.501307    
  
======== end of file ============================24-06-2025==========16:10====
  
