======= Version 03-11-2023 ======================================= **KM** ====

        Program WOMBAT: Estimates of covariance components
==============================================================================

 bivariate WOMBAT analysis of WS from Rep2 CWT                              

 Analysis type          :   "MUV 2"
 Data file              :   "cwt2WS_dat.dat"
 Pedigree file          :   "ReducedPedFile.dat"
 Parameter file         :   "cwt2WS_par.par"
  
 No. of traits          =      2                   mWS                 fWS
 No. of records         =    950           499         451
 No. of parameters      =      9
   ... not estimated    =      1
 Maximum log L          =          2209.055
 -1/2 AIC & AICC        =          2201.055          2200.978
 -1/2 BIC               =          2181.663    "Penalty factor" =   3.424
  
 Operational zero used  =     0.00000001000
 Value for "small"      =     0.00010000000
 Limit: "small" pivots  =     0.00001000000
  
 Eigenvalues of AI matrix
    95142.3        18243.5        896.760        95.4753        11.5756        3.62583       0.318102E-02   0.131229E-02
   -0.00000    

 Parameter estimates with approx. sampling erors
   1   CHOL Z 1 1             -5.75646           26.8200              
   2   CHOL Z 1 2              0.00000           1000.00      constant
   3   CHOL Z 2 2             -3.96459          0.519274              
   4   CHOL A 1 1             -2.66389          0.909271E-01          
   5   CHOL A 1 2             0.362704E-01      0.664935E-02          
   6   CHOL A 2 2             -3.12137          0.134768              
   7   CHOL B 1 1             -3.75475          0.305529              
   8   CHOL B 1 2            -0.117834E-01      0.100904E-01          
   9   CHOL B 2 2             -5.75646           18.8961              

 Convergence criteria for last 3 iterates
 Change in log likelihood    =    0.013481    0.001450    0.000000
 Change in parameter vector  =    0.014129    0.005033    0.000000
 Norm of gradient vector     =      7.5238      0.8526      0.7841
 Newton decrement            =     -0.0264     -0.0070     -0.0064

***** Estimates of residual covariances   ************************************
      Order of fit           =       2
 Covariance matrix
   1    0.36008E-03
   2     0.0000      0.10000E-04
 Eigenvalues of covariance matrix
 Value         0.00         0.00
   (%)        97.30         2.70
 Trace         0.00
 Matrix of correlations and variance ratios
   1      0.0864
   2      0.0000    0.0020
 Covariances & correlations with approximate sampling errors
   1  COVS Z 1 1       0.360080E-03   0.373960E-03   vrat     0.086   0.093
   3  COVS Z 2 2       0.100000E-04   0.536400E-03   vrat     0.002   0.107

***** Estimates for RE  1   "ANIMAL"   ***************************************
      No. of levels          =    1188
      Covariance structure   = NRM
      Order of fit           =       2
 Covariance matrix
   1    0.32600E-02
   2    0.25272E-02  0.48549E-02
 Eigenvalues of covariance matrix
 Value         0.01         0.00
   (%)        82.66        17.34
 Trace         0.01
 Matrix of correlations and variance ratios
   1      0.7822
   2      0.6352    0.9683
 Covariances & correlations with approximate sampling errors
   4  COVS A 1 1       0.326004E-02   0.613600E-03   vrat     0.782   0.128
   5  COVS A 1 2       0.252721E-02   0.543697E-03   corr     0.635   0.096
   6  COVS A 2 2       0.485488E-02   0.882881E-03   vrat     0.968   0.136

***** Estimates for RE  2   "NSEC"   *****************************************
      No. of levels          =      26
      Covariance structure   = IDE
      Order of fit           =       2
 Covariance matrix
   1    0.54786E-03
   2   -0.27581E-03  0.14885E-03
 Eigenvalues of covariance matrix
 Value         0.00         0.00
   (%)        98.86         1.14
 Trace         0.00
 Matrix of correlations and variance ratios
   1      0.1314
   2     -0.9658    0.0297
 Covariances & correlations with approximate sampling errors
   7  COVS B 1 1       0.547856E-03   0.334772E-03   vrat     0.131   0.072
   8  COVS B 1 2      -0.275806E-03   0.218131E-03   corr    -0.966  failed
   9  COVS B 2 2       0.148849E-03   0.301388E-03   vrat     0.030   0.059

***** Estimates of phenotypic covariances  ***********************************
 Covariance matrix
   1    0.41680E-02
   2    0.22514E-02  0.50137E-02
 Eigenvalues of covariance matrix
 Value         0.01         0.00
   (%)        74.95        25.05
 Trace         0.01
 Correlation matrix
   1      1.0000
   2      0.4925    1.0000
 Covariances & correlations with approximate sampling errors
  10  COVS T 1 1       0.416798E-02   0.412137E-03
  11  COVS T 1 2       0.225140E-02   0.533722E-03   corr     0.493   0.105
  12  COVS T 2 2       0.501373E-02   0.451897E-03
  
======== end of file ============================26-06-2025==========14:18====
  
