======= Version 03-11-2023 ======================================= **KM** ====

        Program WOMBAT: Estimates of covariance components
==============================================================================

 WOMBAT analysis of  Rep2FLX male DR, null model                            

 Analysis type          :   "UNI"
 Data file              :   "flx2mDR_dat.dat"
 Pedigree file          :   "ReducedPedFile.dat"
 Parameter file         :   "flx2mDR_null.par"
  
 No. of traits          =      1                    DR
 No. of records         =    493           493
 No. of parameters      =      2
 Maximum log L          =          -543.628
 -1/2 AIC & AICC        =          -545.628          -545.640
 -1/2 BIC               =          -549.821    "Penalty factor" =   3.096
  
 Operational zero used  =     0.00000001000
 Value for "small"      =     0.00010000000
 Limit: "small" pivots  =     0.00100000000
  
 Eigenvalues of AI matrix
    315.783        25.0470    

 Parameter estimates with approx. sampling erors
   1   CHOL Z 1 1              1.72051          0.562924E-01          
   2   CHOL A 1 1              1.17154          0.199807              

 Convergence criteria for last 3 iterates
 Change in log likelihood    =    0.802413    0.002636    0.000000
 Change in parameter vector  =    0.031834    0.001952    0.000008
 Norm of gradient vector     =     24.1073      1.2953      0.0047
 Newton decrement            =     -1.5676     -0.0053     -0.0000

***** Estimates of residual covariances   ************************************
      Order of fit           =       1
 Covariance matrix
   1     2.9602    
 Matrix of correlations and variance ratios
   1      0.6832
 Covariances & correlations with approximate sampling errors
   1  COVS Z 1 1        2.96017       0.193704       vrat     0.683   0.076

***** Estimates for RE  1   "NSEC"   *****************************************
      No. of levels          =      26
      Covariance structure   = NRM
      Order of fit           =       1
 Covariance matrix
   1     1.3725    
 Matrix of correlations and variance ratios
   1      0.3168
 Covariances & correlations with approximate sampling errors
   2  COVS A 1 1        1.37250       0.468162       vrat     0.317   0.076

***** Estimates of phenotypic covariances  ***********************************
 Covariance matrix
   1     4.3327    
 Covariances & correlations with approximate sampling errors
   3  COVS T 1 1        4.33267       0.502202    
  
======== end of file ============================17-06-2025==========14:14====
  
