======= Version 03-11-2023 ======================================= **KM** ====

        Program WOMBAT: Estimates of covariance components
==============================================================================

 bivariate WOMBAT analysis of DR from Rep2 FLX null model                   

 Analysis type          :   "MUV 2"
 Data file              :   "flx2DR_dat.dat"
 Pedigree file          :   "ReducedPedFile.dat"
 Parameter file         :   "flx2DR_null.par"
  
 No. of traits          =      2                   mDR                 fDR
 No. of records         =    954           493         461
 No. of parameters      =      8
   ... not estimated    =      1
 Maximum log L          =         -1462.654
 -1/2 AIC & AICC        =         -1469.654         -1469.713
 -1/2 BIC               =         -1486.637    "Penalty factor" =   3.426
  
 Operational zero used  =     0.00000001000
 Value for "small"      =     0.00010000000
 Limit: "small" pivots  =     0.00100000000
  
 Eigenvalues of AI matrix
    15424.6        318.880        28.1436        23.9181        20.1104        4.34381       -0.00000      -0.677581E-18

 Parameter estimates with approx. sampling erors
   1   CHOL Z 1 1              3.25046          0.190287              
   2   CHOL Z 1 2              0.00000           1000.00              
   3   CHOL Z 2 2              1.39513          0.116559              
   4   CHOL A 1 1             0.652077E-01      0.177091              
   5   CHOL A 2 2              1.21693          0.591478              
   6   CHOL B 1 1             0.130575E-01       3.28883              
   7   CHOL B 1 2              1.76377           5.80706              
   8   CHOL B 2 2             -2.29230           999.978              

 Convergence criteria for last 3 iterates
 Change in log likelihood    =    1.418588    0.272683    0.061136
 Change in parameter vector  =    0.051916    0.013036    0.004008
 Norm of gradient vector     =    262.0684    172.0761    135.7157
 Newton decrement            =     -4.1395     -1.6382     -1.1506

***** Estimates of residual covariances   ************************************
      Order of fit           =       2
 Covariance matrix
   1     1.9464    
   2     0.0000       10.566    
 Eigenvalues of covariance matrix
 Value        10.57         1.95
   (%)        84.44        15.56
 Trace        12.51
 Matrix of correlations and variance ratios
   1      0.4733
   2      0.0000    0.4211
 Covariances & correlations with approximate sampling errors
   1  COVS Z 1 1        1.94640       0.325232       vrat     0.473   0.091
   3  COVS Z 2 2        10.5655        2.42236       vrat     0.421   0.106

***** Estimates for RE  1   "ANIMAL"   ***************************************
      No. of levels          =    1189
      Covariance structure   = NRM
      Order of fit           =       2
 Variance components
   1     1.1393    
   2     11.403    
 Variance ratios
   1      0.2771
   2      0.4545
 Covariances & correlations with approximate sampling errors
   4  COVS A 1 1        1.13930       0.403523       vrat     0.277   0.096
   5  COVS A 2 2        11.4028        3.37125       vrat     0.454   0.124

***** Estimates for RE  2   "NSEC"   *****************************************
      No. of levels          =      26
      Covariance structure   = IDE
      Order of fit           =       2
 Covariance matrix
   1     1.0265    
   2     1.7870       3.1211    
 Eigenvalues of covariance matrix
 Value         4.15         0.00
   (%)        99.94         0.06
 Trace         4.15
 Matrix of correlations and variance ratios
   1      0.2496
   2      0.9984    0.1244
 Covariances & correlations with approximate sampling errors
   6  COVS B 1 1        1.02646       0.367553       vrat     0.250   0.070
   7  COVS B 1 2        1.78695       0.674947       corr     0.998   0.152
   8  COVS B 2 2        3.12109        1.73719       vrat     0.124   0.063

***** Estimates of phenotypic covariances  ***********************************
 Covariance matrix
   1     4.1122    
   2     1.7870       25.089    
 Eigenvalues of covariance matrix
 Value        25.24         3.96
   (%)        86.44        13.56
 Trace        29.20
 Correlation matrix
   1      1.0000
   2      0.1759    1.0000
 Covariances & correlations with approximate sampling errors
   9  COVS T 1 1        4.11216       0.413696    
  10  COVS T 1 2        1.78695       0.674947       corr     0.176   0.056
  11  COVS T 2 2        25.0894        2.22578    
  
======== end of file ============================25-06-2025==========17:32====
  
