======= Version 03-11-2023 ======================================= **KM** ====

        Program WOMBAT: Estimates of covariance components
==============================================================================

 WOMBAT analysis of  Rep2CFM female LA, null model                          

 Analysis type          :   "UNI"
 Data file              :   "cfm2fLA_dat.dat"
 Pedigree file          :   "ReducedPedFile.dat"
 Parameter file         :   "cfm2fLA_null.par"
  
 No. of traits          =      1                    LA
 No. of records         =    447           447
 No. of parameters      =      2
 Maximum log L          =          -637.481
 -1/2 AIC & AICC        =          -639.481          -639.494
 -1/2 BIC               =          -643.574    "Penalty factor" =   3.047
  
 Operational zero used  =     0.00000001000
 Value for "small"      =     0.00010000000
 Limit: "small" pivots  =     0.00100000000
  
 Eigenvalues of AI matrix
    143.094        26.7678    

 Parameter estimates with approx. sampling erors
   1   CHOL Z 1 1              2.43381          0.838485E-01          
   2   CHOL A 1 1             0.879164          0.193174              

 Convergence criteria for last 3 iterates
 Change in log likelihood    =    1.407300    0.008379    0.000000
 Change in parameter vector  =    0.047966    0.004155    0.000046
 Norm of gradient vector     =     22.1184      1.5597      0.0096
 Newton decrement            =     -2.7303     -0.0167     -0.0000

***** Estimates of residual covariances   ************************************
      Order of fit           =       1
 Covariance matrix
   1     5.9234    
 Matrix of correlations and variance ratios
   1      0.8846
 Covariances & correlations with approximate sampling errors
   1  COVS Z 1 1        5.92344       0.408143       vrat     0.885   0.046

***** Estimates for RE  1   "NSEC"   *****************************************
      No. of levels          =      27
      Covariance structure   = NRM
      Order of fit           =       1
 Covariance matrix
   1    0.77293    
 Matrix of correlations and variance ratios
   1      0.1154
 Covariances & correlations with approximate sampling errors
   2  COVS A 1 1       0.772929       0.339663       vrat     0.115   0.046

***** Estimates of phenotypic covariances  ***********************************
 Covariance matrix
   1     6.6964    
 Covariances & correlations with approximate sampling errors
   3  COVS T 1 1        6.69637       0.512442    
  
======== end of file ============================23-06-2025==========13:32====
  
