======= Version 03-11-2023 ======================================= **KM** ====

        Program WOMBAT: Estimates of covariance components
==============================================================================

 WOMBAT analysis of  Rep2CWT female DR, null model                          

 Analysis type          :   "UNI"
 Data file              :   "cwt2fDR_dat.dat"
 Pedigree file          :   "ReducedPedFile.dat"
 Parameter file         :   "cwt2fDR_null.par"
  
 No. of traits          =      1                    DR
 No. of records         =    451           451
 No. of parameters      =      2
 Maximum log L          =          -972.502
 -1/2 AIC & AICC        =          -974.502          -974.515
 -1/2 BIC               =          -978.604    "Penalty factor" =   3.051
  
 Operational zero used  =     0.00000001000
 Value for "small"      =     0.00010000000
 Limit: "small" pivots  =     0.00100000000
  
 Eigenvalues of AI matrix
    33.1490        16.8350    

 Parameter estimates with approx. sampling erors
   1   CHOL Z 1 1              5.10075          0.175163              
   2   CHOL A 1 1             0.527817          0.242662              

 Convergence criteria for last 3 iterates
 Change in log likelihood    =    2.281868    0.023114    0.000021
 Change in parameter vector  =    0.062643    0.007491    0.000290
 Norm of gradient vector     =     13.8202      1.2145      0.0277
 Newton decrement            =     -4.3867     -0.0456     -0.0000

***** Estimates of residual covariances   ************************************
      Order of fit           =       1
 Covariance matrix
   1     26.018    
 Matrix of correlations and variance ratios
   1      0.9005
 Covariances & correlations with approximate sampling errors
   1  COVS Z 1 1        26.0176        1.78692       vrat     0.901   0.044

***** Estimates for RE  1   "NSEC"   *****************************************
      No. of levels          =      26
      Covariance structure   = NRM
      Order of fit           =       1
 Covariance matrix
   1     2.8738    
 Matrix of correlations and variance ratios
   1      0.0995
 Covariances & correlations with approximate sampling errors
   2  COVS A 1 1        2.87380        1.39472       vrat     0.099   0.044

***** Estimates of phenotypic covariances  ***********************************
 Covariance matrix
   1     28.891    
 Covariances & correlations with approximate sampling errors
   3  COVS T 1 1        28.8914        2.16501    
  
======== end of file ============================23-06-2025==========14:10====
  
