======= Version 03-11-2023 ======================================= **KM** ====

        Program WOMBAT: Estimates of covariance components
==============================================================================

 bivariate WOMBAT analysis of DR from Rep2 CFM null model                   

 Analysis type          :   "MUV 2"
 Data file              :   "cfm2DR_dat.dat"
 Pedigree file          :   "ReducedPedFile.dat"
 Parameter file         :   "cfm2DR_null.par"
  
 No. of traits          =      2                   mDR                 fDR
 No. of records         =    953           506         447
 No. of parameters      =      8
   ... not estimated    =      1
 Maximum log L          =         -1474.915
 -1/2 AIC & AICC        =         -1481.915         -1481.974
 -1/2 BIC               =         -1498.894    "Penalty factor" =   3.426
  
 Operational zero used  =     0.00000001000
 Value for "small"      =     0.00010000000
 Limit: "small" pivots  =     0.00100000000
  
 Eigenvalues of AI matrix
    6325.01        317.563        29.8294        23.0853        15.0034        4.84893       -0.00000      -0.120718E-20

 Parameter estimates with approx. sampling erors
   1   CHOL Z 1 1              4.18153          0.184082              
   2   CHOL Z 1 2              0.00000           1000.00      constant
   3   CHOL Z 2 2              1.42632          0.116535              
   4   CHOL A 1 1             0.699861E-01      0.181300              
   5   CHOL A 2 2             0.940089          0.168460              
   6   CHOL B 1 1             0.827796E-01      0.429363              
   7   CHOL B 1 2             0.475001          0.288515              
   8   CHOL B 2 2             -3.45386           1000.00              

 Convergence criteria for last 3 iterates
 Change in log likelihood    =    0.000000************    0.024768
 Change in parameter vector  =    0.000000    0.486951    0.012438
 Norm of gradient vector     =      0.0000      0.0000    115.0301
 Newton decrement            =      0.0000      0.0000     -6.6709

***** Estimates of residual covariances   ************************************
      Order of fit           =       2
 Covariance matrix
   1     2.0344    
   2     0.0000       17.485    
 Eigenvalues of covariance matrix
 Value        17.49         2.03
   (%)        89.58        10.42
 Trace        19.52
 Matrix of correlations and variance ratios
   1      0.5964
   2      0.0000    0.6933
 Covariances & correlations with approximate sampling errors
   1  COVS Z 1 1        2.03439       0.332434       vrat     0.596   0.104
   3  COVS Z 2 2        17.4852        2.65953       vrat     0.693   0.108

***** Estimates for RE  1   "ANIMAL"   ***************************************
      No. of levels          =    1193
      Covariance structure   = NRM
      Order of fit           =       2
 Variance components
   1     1.1502    
   2     6.5547    
 Variance ratios
   1      0.3372
   2      0.2599
 Covariances & correlations with approximate sampling errors
   4  COVS A 1 1        1.15024       0.417078       vrat     0.337   0.116
   5  COVS A 2 2        6.55468        3.04103       vrat     0.260   0.116

***** Estimates for RE  2   "NSEC"   *****************************************
      No. of levels          =      27
      Covariance structure   = IDE
      Order of fit           =       2
 Covariance matrix
   1    0.22663    
   2    0.51599       1.1801    
 Eigenvalues of covariance matrix
 Value         1.41         0.00
   (%)        99.94         0.06
 Trace         1.41
 Matrix of correlations and variance ratios
   1      0.0664
   2      0.9978    0.0468
 Covariances & correlations with approximate sampling errors
   6  COVS B 1 1       0.226626       0.184439       vrat     0.066   0.052
   7  COVS B 1 2       0.515994       0.310348       corr     0.998   0.658
   8  COVS B 2 2        1.18005        1.05393       vrat     0.047   0.041

***** Estimates of phenotypic covariances  ***********************************
 Covariance matrix
   1     3.4113    
   2    0.51599       25.220    
 Eigenvalues of covariance matrix
 Value        25.23         3.40
   (%)        88.13        11.87
 Trace        28.63
 Correlation matrix
   1      1.0000
   2      0.0556    1.0000
 Covariances & correlations with approximate sampling errors
   9  COVS T 1 1        3.41126       0.261328    
  10  COVS T 1 2       0.515994       0.310348       corr     0.056   0.033
  11  COVS T 2 2        25.2199        1.86017    
  
======== end of file ============================26-06-2025==========13:57====
  
