======= Version 03-11-2023 ======================================= **KM** ====

        Program WOMBAT: Estimates of covariance components
==============================================================================

 bivariate WOMBAT analysis of WS from Rep1 CWT                              

 Analysis type          :   "MUV 2"
 Data file              :   "cwt1WS_dat.dat"
 Pedigree file          :   "ReducedPedFile.dat"
 Parameter file         :   "cwt1WS_par.par"
  
 No. of traits          =      2                   mWS                 fWS
 No. of records         =    904           508         396
 No. of parameters      =      9
   ... not estimated    =      1
 Maximum log L          =          2249.696
 -1/2 AIC & AICC        =          2241.696          2241.616
 -1/2 BIC               =          2222.505    "Penalty factor" =   3.399
  
 Operational zero used  =     0.00000001000
 Value for "small"      =     0.00010000000
 Limit: "small" pivots  =     0.00001000000
  
 Eigenvalues of AI matrix
    185735.        48159.1        427.981        25.5848        19.1185        11.3907        9.32770       0.575866E-01
   -0.00000    

 Parameter estimates with approx. sampling erors
   1   CHOL Z 1 1             -3.86676          0.301231              
   2   CHOL Z 1 2              0.00000           1000.00      constant
   3   CHOL Z 2 2             -3.53031          0.217073              
   4   CHOL A 1 1             -3.03848          0.121565              
   5   CHOL A 1 2             0.374616E-01      0.600237E-02          
   6   CHOL A 2 2             -3.60270          0.252279              
   7   CHOL B 1 1             -3.84488          0.296072              
   8   CHOL B 1 2             0.137557E-01      0.565776E-02          
   9   CHOL B 2 2             -5.75646           4.16532              

 Convergence criteria for last 3 iterates
 Change in log likelihood    =    0.008231    0.001890    0.000000
 Change in parameter vector  =    0.010678    0.005765    0.000000
 Norm of gradient vector     =     10.9322      1.0499      1.0969
 Newton decrement            =     -0.0126     -0.0026     -0.0017

***** Estimates of residual covariances   ************************************
      Order of fit           =       2
 Covariance matrix
   1    0.43790E-03
   2     0.0000      0.85824E-03
 Eigenvalues of covariance matrix
 Value         0.00         0.00
   (%)        66.22        33.78
 Trace         0.00
 Matrix of correlations and variance ratios
   1      0.1573
   2      0.0000    0.2377
 Covariances & correlations with approximate sampling errors
   1  COVS Z 1 1       0.437901E-03   0.263819E-03   vrat     0.157   0.100
   3  COVS Z 2 2       0.858242E-03   0.372602E-03   vrat     0.238   0.110

***** Estimates for RE  1   "ANIMAL"   ***************************************
      No. of levels          =    1146
      Covariance structure   = NRM
      Order of fit           =       2
 Covariance matrix
   1    0.21459E-02
   2    0.17947E-02  0.22952E-02
 Eigenvalues of covariance matrix
 Value         0.00         0.00
   (%)        90.45         9.55
 Trace         0.00
 Matrix of correlations and variance ratios
   1      0.7711
   2      0.8087    0.6356
 Covariances & correlations with approximate sampling errors
   4  COVS A 1 1       0.214594E-02   0.422407E-03   vrat     0.771   0.124
   5  COVS A 1 2       0.179470E-02   0.376741E-03   corr     0.809   0.100
   6  COVS A 2 2       0.229516E-02   0.558021E-03   vrat     0.636   0.137

***** Estimates for RE  2   "NSEC"   *****************************************
      No. of levels          =      28
      Covariance structure   = IDE
      Order of fit           =       2
 Covariance matrix
   1    0.19922E-03
   2    0.29422E-03  0.45749E-03
 Eigenvalues of covariance matrix
 Value         0.00         0.00
   (%)        98.93         1.07
 Trace         0.00
 Matrix of correlations and variance ratios
   1      0.0716
   2      0.9746    0.1267
 Covariances & correlations with approximate sampling errors
   7  COVS B 1 1       0.199218E-03   0.161682E-03   vrat     0.072   0.056
   8  COVS B 1 2       0.294219E-03   0.182178E-03   corr     0.975   0.209
   9  COVS B 2 2       0.457488E-03   0.270898E-03   vrat     0.127   0.068

***** Estimates of phenotypic covariances  ***********************************
 Covariance matrix
   1    0.27831E-02
   2    0.20889E-02  0.36109E-02
 Eigenvalues of covariance matrix
 Value         0.01         0.00
   (%)        83.31        16.69
 Trace         0.01
 Correlation matrix
   1      1.0000
   2      0.6590    1.0000
 Covariances & correlations with approximate sampling errors
  10  COVS T 1 1       0.278306E-02   0.235699E-03
  11  COVS T 1 2       0.208892E-02   0.380369E-03   corr     0.659   0.088
  12  COVS T 2 2       0.361089E-02   0.348576E-03
  
======== end of file ============================24-06-2025==========14:44====
  
