======= Version 03-11-2023 ======================================= **KM** ====

        Program WOMBAT: Estimates of covariance components
==============================================================================

 WOMBAT analysis of  Rep1CWT male LA, null model                            

 Analysis type          :   "UNI"
 Data file              :   "cwt1mLA_dat.dat"
 Pedigree file          :   "ReducedPedFile.dat"
 Parameter file         :   "cwt1mLA_null.par"
  
 No. of traits          =      1                    LA
 No. of records         =    508           508
 No. of parameters      =      2
 Maximum log L          =          -881.036
 -1/2 AIC & AICC        =          -883.036          -883.047
 -1/2 BIC               =          -887.258    "Penalty factor" =   3.111
  
 Operational zero used  =     0.00000001000
 Value for "small"      =     0.00010000000
 Limit: "small" pivots  =     0.00100000000
  
 Eigenvalues of AI matrix
    85.7874        6.66513    

 Parameter estimates with approx. sampling erors
   1   CHOL Z 1 1              3.38210          0.108984              
   2   CHOL A 1 1            -0.490039          0.387058              

 Convergence criteria for last 3 iterates
 Change in log likelihood    =    0.978533    0.003508    0.000000
 Change in parameter vector  =    0.044370    0.002783    0.000011
 Norm of gradient vector     =     13.8447      0.7756      0.0030
 Newton decrement            =     -1.9085     -0.0070     -0.0000

***** Estimates of residual covariances   ************************************
      Order of fit           =       1
 Covariance matrix
   1     11.439    
 Matrix of correlations and variance ratios
   1      0.9682
 Covariances & correlations with approximate sampling errors
   1  COVS Z 1 1        11.4386       0.737192       vrat     0.968   0.024

***** Estimates for RE  1   "NSEC"   *****************************************
      No. of levels          =      28
      Covariance structure   = NRM
      Order of fit           =       1
 Covariance matrix
   1    0.37528    
 Matrix of correlations and variance ratios
   1      0.0318
 Covariances & correlations with approximate sampling errors
   2  COVS A 1 1       0.375282       0.290511       vrat     0.032   0.024

***** Estimates of phenotypic covariances  ***********************************
 Covariance matrix
   1     11.814    
 Covariances & correlations with approximate sampling errors
   3  COVS T 1 1        11.8139       0.756147    
  
======== end of file ============================12-06-2025==========14:16====
  
