======= Version 03-11-2023 ======================================= **KM** ====

        Program WOMBAT: Estimates of covariance components
==============================================================================

 WOMBAT analysis of  Rep2FLX female WS, null model                          

 Analysis type          :   "UNI"
 Data file              :   "flx2fWS_dat.dat"
 Pedigree file          :   "ReducedPedFile.dat"
 Parameter file         :   "flx2fWS_null.par"
  
 No. of traits          =      1                    WS
 No. of records         =    461           461
 No. of parameters      =      2
 Maximum log L          =          1075.665
 -1/2 AIC & AICC        =          1073.665          1073.652
 -1/2 BIC               =          1069.540    "Penalty factor" =   3.062
  
 Operational zero used  =     0.00000001000
 Value for "small"      =     0.00010000000
 Limit: "small" pivots  =     0.00100000000
  
 Eigenvalues of AI matrix
    873.092        12.1600    

 Parameter estimates with approx. sampling erors
   1   CHOL Z 1 1             -2.90468          0.338529E-01          
   2   CHOL A 1 1             -3.45388          0.286769              

 Convergence criteria for last 3 iterates
 Change in log likelihood    =   22.730513    0.665638    0.000000
 Change in parameter vector  =    0.038789    0.008719    0.000000
 Norm of gradient vector     =    235.0593     36.7737     11.2181
 Newton decrement            =    -49.9276    -10.9248     -9.7873

***** Estimates of residual covariances   ************************************
      Order of fit           =       1
 Covariance matrix
   1    0.29994E-02
 Matrix of correlations and variance ratios
   1      0.7500
 Covariances & correlations with approximate sampling errors
   1  COVS Z 1 1       0.299937E-02   0.203075E-03   vrat     0.750   0.109

***** Estimates for RE  1   "NSEC"   *****************************************
      No. of levels          =      26
      Covariance structure   = NRM
      Order of fit           =       1
 Covariance matrix
   1    0.10000E-02
 Matrix of correlations and variance ratios
   1      0.2500
 Covariances & correlations with approximate sampling errors
   2  COVS A 1 1       0.100000E-02   0.573538E-03   vrat     0.250   0.109

***** Estimates of phenotypic covariances  ***********************************
 Covariance matrix
   1    0.39994E-02
 Covariances & correlations with approximate sampling errors
   3  COVS T 1 1       0.399937E-02   0.603843E-03
  
======== end of file ============================12-06-2025==========15:28====
  
