======= Version 03-11-2023 ======================================= **KM** ====

        Program WOMBAT: Estimates of covariance components
==============================================================================

 WOMBAT analysis of  Rep1CFM female wing length, null model                 

 Analysis type          :   "UNI"
 Data file              :   "cfm1fWS_dat.dat"
 Pedigree file          :   "ReducedPedFile.dat"
 Parameter file         :   "cfm1fWS_null.par"
  
 No. of traits          =      1                    WL
 No. of records         =    454           454
 No. of parameters      =      2
 Maximum log L          =          1083.553
 -1/2 AIC & AICC        =          1081.553          1081.539
 -1/2 BIC               =          1077.443    "Penalty factor" =   3.055
  
 Operational zero used  =     0.00000001000
 Value for "small"      =     0.00010000000
 Limit: "small" pivots  =     0.00100000000
  
 Eigenvalues of AI matrix
    855.551        11.0563    

 Parameter estimates with approx. sampling erors
   1   CHOL Z 1 1             -2.96027          0.341970E-01          
   2   CHOL A 1 1             -3.45388          0.300742              

 Convergence criteria for last 3 iterates
 Change in log likelihood    =   15.051908    0.297125    0.000000
 Change in parameter vector  =    0.033164    0.006192    0.000000
 Norm of gradient vector     =    184.1333     26.3775     12.9151
 Newton decrement            =    -40.9196    -14.8264    -14.3994

***** Estimates of residual covariances   ************************************
      Order of fit           =       1
 Covariance matrix
   1    0.26837E-02
 Matrix of correlations and variance ratios
   1      0.7285
 Covariances & correlations with approximate sampling errors
   1  COVS Z 1 1       0.268375E-02   0.183552E-03   vrat     0.729   0.120

***** Estimates for RE  1   "NSEC"   *****************************************
      No. of levels          =      27
      Covariance structure   = NRM
      Order of fit           =       1
 Covariance matrix
   1    0.10000E-02
 Matrix of correlations and variance ratios
   1      0.2715
 Covariances & correlations with approximate sampling errors
   2  COVS A 1 1       0.100000E-02   0.601484E-03   vrat     0.271   0.120

***** Estimates of phenotypic covariances  ***********************************
 Covariance matrix
   1    0.36837E-02
 Covariances & correlations with approximate sampling errors
   3  COVS T 1 1       0.368375E-02   0.624925E-03
  
======== end of file ============================12-06-2025==========11:04====
  
