======= Version 03-11-2023 ======================================= **KM** ====

        Program WOMBAT: Estimates of covariance components
==============================================================================

 WOMBAT analysis of  Rep2CWT female LA, null model                          

 Analysis type          :   "UNI"
 Data file              :   "cwt2fLA_dat.dat"
 Pedigree file          :   "ReducedPedFile.dat"
 Parameter file         :   "cwt2fLA_null.par"
  
 No. of traits          =      1                    LA
 No. of records         =    451           451
 No. of parameters      =      2
 Maximum log L          =          -520.132
 -1/2 AIC & AICC        =          -522.132          -522.145
 -1/2 BIC               =          -526.234    "Penalty factor" =   3.051
  
 Operational zero used  =     0.00000001000
 Value for "small"      =     0.00010000000
 Limit: "small" pivots  =     0.00100000000
  
 Eigenvalues of AI matrix
    253.376        36.1846    

 Parameter estimates with approx. sampling erors
   1   CHOL Z 1 1              1.83419          0.629454E-01          
   2   CHOL A 1 1             0.832039          0.166195              

 Convergence criteria for last 3 iterates
 Change in log likelihood    =    3.097657    0.038853    0.000012
 Change in parameter vector  =    0.065417    0.008915    0.000250
 Norm of gradient vector     =     45.7492      4.4718      0.0693
 Newton decrement            =     -5.9352     -0.0771     -0.0000

***** Estimates of residual covariances   ************************************
      Order of fit           =       1
 Covariance matrix
   1     3.3643    
 Matrix of correlations and variance ratios
   1      0.8293
 Covariances & correlations with approximate sampling errors
   1  COVS Z 1 1        3.36426       0.230908       vrat     0.829   0.058

***** Estimates for RE  1   "NSEC"   *****************************************
      No. of levels          =      26
      Covariance structure   = NRM
      Order of fit           =       1
 Covariance matrix
   1    0.69229    
 Matrix of correlations and variance ratios
   1      0.1707
 Covariances & correlations with approximate sampling errors
   2  COVS A 1 1       0.692288       0.276561       vrat     0.171   0.058

***** Estimates of phenotypic covariances  ***********************************
 Covariance matrix
   1     4.0566    
 Covariances & correlations with approximate sampling errors
   3  COVS T 1 1        4.05655       0.349899    
  
======== end of file ============================23-06-2025==========14:40====
  
