======= Version 03-11-2023 ======================================= **KM** ====

        Program WOMBAT: Estimates of covariance components
==============================================================================

 bivariate WOMBAT analysis of LA from Rep1 CFM null model                   

 Analysis type          :   "MUV 2"
 Data file              :   "cfm1LA_dat.dat"
 Pedigree file          :   "ReducedPedFile.dat"
 Parameter file         :   "cfm1LA_null.par"
  
 No. of traits          =      2                   mLA                 fLA
 No. of records         =    947           493         454
 No. of parameters      =      8
   ... not estimated    =      1
 Maximum log L          =         -1392.432
 -1/2 AIC & AICC        =         -1399.432         -1399.492
 -1/2 BIC               =         -1416.389    "Penalty factor" =   3.422
  
 Operational zero used  =     0.00000001000
 Value for "small"      =     0.00010000000
 Limit: "small" pivots  =     0.00100000000
  
 Eigenvalues of AI matrix
    199.825        183.132        19.1145        10.0459        5.13516       0.282631E-04   -0.00000      -0.192238E-20

 Parameter estimates with approx. sampling erors
   1   CHOL Z 1 1              2.19272          0.747272E-01          
   2   CHOL Z 1 2              0.00000           1000.00              
   3   CHOL Z 2 2              2.37975          0.210025              
   4   CHOL A 1 1             0.707368          0.155411              
   5   CHOL A 2 2             -3.45388           719.507              
   6   CHOL B 1 1            -0.926507          0.426734              
   7   CHOL B 1 2             0.665985          0.416849              
   8   CHOL B 2 2             -3.45388           719.507              

 Convergence criteria for last 3 iterates
 Change in log likelihood    =    0.002973    0.001131    0.000435
 Change in parameter vector  =    0.001436    0.000557    0.000216
 Norm of gradient vector     =      0.1520      0.1190      0.1071
 Newton decrement            =     -0.0147     -0.0140     -0.0139

***** Estimates of residual covariances   ************************************
      Order of fit           =       2
 Covariance matrix
   1     5.6632    
   2     0.0000       4.8080    
 Eigenvalues of covariance matrix
 Value         5.66         4.81
   (%)        54.08        45.92
 Trace        10.47
 Matrix of correlations and variance ratios
   1      0.5540
   2      0.0000    0.9682
 Covariances & correlations with approximate sampling errors
   1  COVS Z 1 1        5.66320       0.999614       vrat     0.554   0.103
   3  COVS Z 2 2        4.80802       0.491856       vrat     0.968   0.069

***** Estimates for RE  1   "ANIMAL"   ***************************************
      No. of levels          =    1182
      Covariance structure   = NRM
      Order of fit           =       2
 Variance components
   1     4.1154    
   2    0.10000E-02
 Variance ratios
   1      0.4026
   2      0.0002
 Covariances & correlations with approximate sampling errors
   4  COVS A 1 1        4.11540        1.27915       vrat     0.403   0.117
   5  COVS A 2 2       0.100000E-02   0.351670       vrat     0.000   0.071

***** Estimates for RE  2   "NSEC"   *****************************************
      No. of levels          =      27
      Covariance structure   = IDE
      Order of fit           =       2
 Covariance matrix
   1    0.44454    
   2    0.26369      0.15676    
 Eigenvalues of covariance matrix
 Value         0.60         0.00
   (%)        99.96         0.04
 Trace         0.60
 Matrix of correlations and variance ratios
   1      0.0435
   2      0.9989    0.0316
 Covariances & correlations with approximate sampling errors
   6  COVS B 1 1       0.444536       0.455533       vrat     0.043   0.044
   7  COVS B 1 2       0.263686       0.177839       corr     0.999   0.637
   8  COVS B 2 2       0.156764       0.139399       vrat     0.032   0.028

***** Estimates of phenotypic covariances  ***********************************
 Covariance matrix
   1     10.223    
   2    0.26369       4.9658    
 Eigenvalues of covariance matrix
 Value        10.24         4.95
   (%)        67.39        32.61
 Trace        15.19
 Correlation matrix
   1      1.0000
   2      0.0370    1.0000
 Covariances & correlations with approximate sampling errors
   9  COVS T 1 1        10.2231       0.740749    
  10  COVS T 1 2       0.263686       0.177839       corr     0.037   0.025
  11  COVS T 2 2        4.96579       0.341135    
  
======== end of file ============================24-06-2025==========14:39====
  
