======= Version 03-11-2023 ======================================= **KM** ====

        Program WOMBAT: Estimates of covariance components
==============================================================================

 bivariate WOMBAT analysis of LA from Rep1 CWT null model                   

 Analysis type          :   "MUV 2"
 Data file              :   "cwt1LA_dat.dat"
 Pedigree file          :   "ReducedPedFile.dat"
 Parameter file         :   "cwt1LA_null.par"
  
 No. of traits          =      2                   mLA                 fLA
 No. of records         =    904           508         396
 No. of parameters      =      8
   ... not estimated    =      1
 Maximum log L          =         -1456.354
 -1/2 AIC & AICC        =         -1463.354         -1463.417
 -1/2 BIC               =         -1480.147    "Penalty factor" =   3.399
  
 Operational zero used  =     0.00000001000
 Value for "small"      =     0.00010000000
 Limit: "small" pivots  =     0.00100000000
  
 Eigenvalues of AI matrix
    113.764        83.6287        59.6458        11.8402       0.164326       0.210666E-02   -0.00000      -0.184645E-18

 Parameter estimates with approx. sampling erors
   1   CHOL Z 1 1              2.37264          0.110669              
   2   CHOL Z 1 2              0.00000           1000.00      constant
   3   CHOL Z 2 2              2.98668          0.195770              
   4   CHOL A 1 1             0.505949          0.233487              
   5   CHOL A 2 2             0.262838           5.58203              
   6   CHOL B 1 1             -2.48894           17.2735              
   7   CHOL B 1 2             0.701696           12.4980              
   8   CHOL B 2 2             -2.79132           999.998              

 Convergence criteria for last 3 iterates
 Change in log likelihood    =    1.053450    0.027235    0.000063
 Change in parameter vector  =    0.218215    0.026835    0.001397
 Norm of gradient vector     =     16.3784     11.4401     11.2588
 Newton decrement            =     -5.4529     -2.8835     -2.8250

***** Estimates of residual covariances   ************************************
      Order of fit           =       2
 Covariance matrix
   1     8.9202    
   2     0.0000       5.6294    
 Eigenvalues of covariance matrix
 Value         8.92         5.63
   (%)        61.31        38.69
 Trace        14.55
 Matrix of correlations and variance ratios
   1      0.7331
   2      0.0000    0.7682
 Covariances & correlations with approximate sampling errors
   1  COVS Z 1 1        8.92025        1.16941       vrat     0.733   0.097
   3  COVS Z 2 2        5.62943       0.979852       vrat     0.768   0.133

***** Estimates for RE  1   "ANIMAL"   ***************************************
      No. of levels          =    1146
      Covariance structure   = NRM
      Order of fit           =       2
 Variance components
   1     2.7508    
   2     1.6916    
 Variance ratios
   1      0.2261
   2      0.2308
 Covariances & correlations with approximate sampling errors
   4  COVS A 1 1        2.75082        1.28456       vrat     0.226   0.102
   5  COVS A 2 2        1.69160        1.10617       vrat     0.231   0.147

***** Estimates for RE  2   "NSEC"   *****************************************
      No. of levels          =      28
      Covariance structure   = IDE
      Order of fit           =       2
 Covariance matrix
   1    0.49614    
   2    0.58240E-01  0.68887E-02
 Eigenvalues of covariance matrix
 Value         0.50         0.00
   (%)        99.99         0.01
 Trace         0.50
 Matrix of correlations and variance ratios
   1      0.0408
   2      0.9962    0.0009
 Covariances & correlations with approximate sampling errors
   6  COVS B 1 1       0.496141       0.481137       vrat     0.041   0.038
   7  COVS B 1 2       0.582396E-01   0.238435       corr     0.996  failed
   8  COVS B 2 2       0.688870E-02   0.268880       vrat     0.001   0.037

***** Estimates of phenotypic covariances  ***********************************
 Covariance matrix
   1     12.167    
   2    0.58240E-01   7.3279    
 Eigenvalues of covariance matrix
 Value        12.17         7.33
   (%)        62.42        37.58
 Trace        19.50
 Correlation matrix
   1      1.0000
   2      0.0062    1.0000
 Covariances & correlations with approximate sampling errors
   9  COVS T 1 1        12.1672       0.851567    
  10  COVS T 1 2       0.582396E-01   0.238435       corr     0.006   0.025
  11  COVS T 2 2        7.32792       0.563587    
  
======== end of file ============================24-06-2025==========16:17====
  
