======= Version 03-11-2023 ======================================= **KM** ====

        Program WOMBAT: Estimates of covariance components
==============================================================================

 WOMBAT analysis of  Rep2FLX male WS, null model                            

 Analysis type          :   "UNI"
 Data file              :   "flx2mWS_dat.dat"
 Pedigree file          :   "ReducedPedFile.dat"
 Parameter file         :   "flx2mWS_null.par"
  
 No. of traits          =      1                    WS
 No. of records         =    493           493
 No. of parameters      =      2
 Maximum log L          =          1218.211
 -1/2 AIC & AICC        =          1216.211          1216.199
 -1/2 BIC               =          1212.019    "Penalty factor" =   3.096
  
 Operational zero used  =     0.00000001000
 Value for "small"      =     0.00010000000
 Limit: "small" pivots  =     0.00100000000
  
 Eigenvalues of AI matrix
    934.733        6.27399    

 Parameter estimates with approx. sampling erors
   1   CHOL Z 1 1             -3.04092          0.327102E-01          
   2   CHOL A 1 1             -3.45388          0.399234              

 Convergence criteria for last 3 iterates
 Change in log likelihood    =    8.564032    0.087017    0.000000
 Change in parameter vector  =    0.025156    0.003415    0.000000
 Norm of gradient vector     =    140.3316     20.4689     15.8573
 Newton decrement            =    -54.0007    -39.2238    -39.1961

***** Estimates of residual covariances   ************************************
      Order of fit           =       1
 Covariance matrix
   1    0.22840E-02
 Matrix of correlations and variance ratios
   1      0.6955
 Covariances & correlations with approximate sampling errors
   1  COVS Z 1 1       0.228399E-02   0.149420E-03   vrat     0.695   0.170

***** Estimates for RE  1   "NSEC"   *****************************************
      No. of levels          =      26
      Covariance structure   = NRM
      Order of fit           =       1
 Covariance matrix
   1    0.10000E-02
 Matrix of correlations and variance ratios
   1      0.3045
 Covariances & correlations with approximate sampling errors
   2  COVS A 1 1       0.100000E-02   0.798469E-03   vrat     0.305   0.170

***** Estimates of phenotypic covariances  ***********************************
 Covariance matrix
   1    0.32840E-02
 Covariances & correlations with approximate sampling errors
   3  COVS T 1 1       0.328399E-02   0.810684E-03
  
======== end of file ============================12-06-2025==========15:19====
  
