======= Version 03-11-2023 ======================================= **KM** ====

        Program WOMBAT: Estimates of covariance components
==============================================================================

 WOMBAT analysis of  Rep2CWT male wing length, null model                   

 Analysis type          :   "UNI"
 Data file              :   "cwt2mWS_dat.dat"
 Pedigree file          :   "ReducedPedFile.dat"
 Parameter file         :   "cwt2mWS_null.par"
  
 No. of traits          =      1                    WL
 No. of records         =    499           499
 No. of parameters      =      2
 Maximum log L          =          1144.840
 -1/2 AIC & AICC        =          1142.840          1142.828
 -1/2 BIC               =          1138.636    "Penalty factor" =   3.102
  
 Operational zero used  =     0.00000001000
 Value for "small"      =     0.00010000000
 Limit: "small" pivots  =     0.00100000000
  
 Eigenvalues of AI matrix
    946.926        26.2917    

 Parameter estimates with approx. sampling erors
   1   CHOL Z 1 1             -2.87049          0.325125E-01          
   2   CHOL A 1 1             -3.45388          0.195023              

 Convergence criteria for last 3 iterates
 Change in log likelihood    =    1.149769    0.001295    0.000000
 Change in parameter vector  =    0.010399    0.000518    0.000000
 Norm of gradient vector     =     48.3637      3.4450      3.0768
 Newton decrement            =     -2.5699     -0.3503     -0.3481

***** Estimates of residual covariances   ************************************
      Order of fit           =       1
 Covariance matrix
   1    0.32116E-02
 Matrix of correlations and variance ratios
   1      0.7626
 Covariances & correlations with approximate sampling errors
   1  COVS Z 1 1       0.321165E-02   0.208837E-03   vrat     0.763   0.072

***** Estimates for RE  1   "NSEC"   *****************************************
      No. of levels          =      26
      Covariance structure   = NRM
      Order of fit           =       1
 Covariance matrix
   1    0.10000E-02
 Matrix of correlations and variance ratios
   1      0.2374
 Covariances & correlations with approximate sampling errors
   2  COVS A 1 1       0.100000E-02   0.390045E-03   vrat     0.237   0.072

***** Estimates of phenotypic covariances  ***********************************
 Covariance matrix
   1    0.42116E-02
 Covariances & correlations with approximate sampling errors
   3  COVS T 1 1       0.421165E-02   0.436782E-03
  
======== end of file ============================23-06-2025==========13:40====
  
