======= Version 03-11-2023 ======================================= **KM** ====

        Program WOMBAT: Estimates of covariance components
==============================================================================

 WOMBAT analysis of  Rep1FLX female DR, null model                          

 Analysis type          :   "UNI"
 Data file              :   "flx1fDR_datnull.dat"
 Pedigree file          :   "ReducedPedFile.dat"
 Parameter file         :   "flx1fDR_null.par"
  
 No. of traits          =      1                    DR
 No. of records         =    457           457
 No. of parameters      =      2
 Maximum log L          =          -911.275
 -1/2 AIC & AICC        =          -913.275          -913.289
 -1/2 BIC               =          -917.391    "Penalty factor" =   3.058
  
 Operational zero used  =     0.00000001000
 Value for "small"      =     0.00010000000
 Limit: "small" pivots  =     0.00100000000
  
 Eigenvalues of AI matrix
    46.8043        7.05348    

 Parameter estimates with approx. sampling erors
   1   CHOL Z 1 1              4.30215          0.146541              
   2   CHOL A 1 1              1.76964          0.376384              

 Convergence criteria for last 3 iterates
 Change in log likelihood    =    5.578714    0.112742    0.000120
 Change in parameter vector  =    0.094187    0.018869    0.001041
 Norm of gradient vector     =     26.8879      3.1278      0.0703
 Newton decrement            =    -10.6013     -0.2226     -0.0002

***** Estimates of residual covariances   ************************************
      Order of fit           =       1
 Covariance matrix
   1     18.508    
 Matrix of correlations and variance ratios
   1      0.8553
 Covariances & correlations with approximate sampling errors
   1  COVS Z 1 1        18.5085        1.26089       vrat     0.855   0.054

***** Estimates for RE  1   "NSEC"   *****************************************
      No. of levels          =      26
      Covariance structure   = NRM
      Order of fit           =       1
 Covariance matrix
   1     3.1316    
 Matrix of correlations and variance ratios
   1      0.1447
 Covariances & correlations with approximate sampling errors
   2  COVS A 1 1        3.13164        1.33213       vrat     0.145   0.054

***** Estimates of phenotypic covariances  ***********************************
 Covariance matrix
   1     21.640    
 Covariances & correlations with approximate sampling errors
   3  COVS T 1 1        21.6401        1.77314    
  
======== end of file ============================12-06-2025==========10:16====
  
