======= Version 03-11-2023 ======================================= **KM** ====

        Program WOMBAT: Estimates of covariance components
==============================================================================

 WOMBAT analysis of  Rep2FLX male WS                                        

 Analysis type          :   "UNI"
 Data file              :   "flx2mWS_dat.dat"
 Pedigree file          :   "ReducedPedFile.dat"
 Parameter file         :   "flx2mWS_par.par"
  
 No. of traits          =      1                    WS
 No. of records         =    493           493
 No. of parameters      =      3
 Maximum log L          =          1238.072
 -1/2 AIC & AICC        =          1235.072          1235.047
 -1/2 BIC               =          1228.783    "Penalty factor" =   3.096
  
 Operational zero used  =     0.00000001000
 Value for "small"      =     0.00010000000
 Limit: "small" pivots  =     0.00100000000
  
 Eigenvalues of AI matrix
    378.419        19.2749        3.39977    

 Parameter estimates with approx. sampling erors
   1   CHOL Z 1 1             -3.45388          0.195260              
   2   CHOL A 1 1             -3.07674          0.128579              
   3   CHOL B 1 1             -3.45388          0.542219              

 Convergence criteria for last 3 iterates
 Change in log likelihood    =    0.027906    0.000817    0.000024
 Change in parameter vector  =    0.000044    0.000001    0.000000
 Norm of gradient vector     =    127.2663    127.1963    127.1943
 Newton decrement            =   -107.3343   -107.2672   -107.2652

***** Estimates of residual covariances   ************************************
      Order of fit           =       1
 Covariance matrix
   1    0.10000E-02
 Matrix of correlations and variance ratios
   1      0.2424
 Covariances & correlations with approximate sampling errors
   1  COVS Z 1 1       0.100000E-02   0.390520E-03   vrat     0.242   0.117

***** Estimates for RE  1   "ANIMAL"   ***************************************
      No. of levels          =     722
      Covariance structure   = NRM
      Order of fit           =       1
 Covariance matrix
   1    0.21261E-02
 Matrix of correlations and variance ratios
   1      0.5153
 Covariances & correlations with approximate sampling errors
   2  COVS A 1 1       0.212606E-02   0.546733E-03   vrat     0.515   0.179

***** Estimates for RE  2   "NSEC"   *****************************************
      No. of levels          =      26
      Covariance structure   = IDE
      Order of fit           =       1
 Covariance matrix
   1    0.10000E-02
 Matrix of correlations and variance ratios
   1      0.2424
 Covariances & correlations with approximate sampling errors
   3  COVS B 1 1       0.100000E-02   0.108444E-02   vrat     0.242   0.201

***** Estimates of phenotypic covariances  ***********************************
 Covariance matrix
   1    0.41261E-02
 Covariances & correlations with approximate sampling errors
   4  COVS T 1 1       0.412606E-02   0.110456E-02
  
======== end of file ============================12-06-2025==========15:16====
  
