======= Version 03-11-2023 ======================================= **KM** ====

        Program WOMBAT: Estimates of covariance components
==============================================================================

 bivariate WOMBAT analysis of WS from Rep1 FLX                              

 Analysis type          :   "MUV 2"
 Data file              :   "flx1WS_dat.dat"
 Pedigree file          :   "ReducedPedFile.dat"
 Parameter file         :   "flx1WS_par.par"
  
 No. of traits          =      2                   mWS                 fWS
 No. of records         =    945           488         457
 No. of parameters      =      9
   ... not estimated    =      1
 Maximum log L          =          2447.045
 -1/2 AIC & AICC        =          2439.045          2438.968
 -1/2 BIC               =          2419.674    "Penalty factor" =   3.421
  
 Operational zero used  =     0.00000001000
 Value for "small"      =     0.00010000000
 Limit: "small" pivots  =     0.00001000000
  
 Eigenvalues of AI matrix
    311312.        62597.5        801.371        21.1844        2.06700       0.804877       0.173279E-01   0.128939E-01
   -0.00000    

 Parameter estimates with approx. sampling erors
   1   CHOL Z 1 1             -3.81495          0.241607              
   2   CHOL Z 1 2              0.00000           1000.00              
   3   CHOL Z 2 2             -4.26786          0.742793              
   4   CHOL A 1 1             -2.98167          0.930263E-01          
   5   CHOL A 1 2             0.425773E-01      0.451334E-02          
   6   CHOL A 2 2             -5.57091           7.60548              
   7   CHOL B 1 1             -4.99798           1.47575              
   8   CHOL B 1 2            -0.280332E-02      0.170617E-01          
   9   CHOL B 2 2             -5.75646           8.74077              

 Convergence criteria for last 3 iterates
 Change in log likelihood    =    0.001359    0.001127    0.000936
 Change in parameter vector  =    0.003549    0.003192    0.002904
 Norm of gradient vector     =      3.4585      3.8902      3.8188
 Newton decrement            =     -0.0032     -0.0029     -0.0027

***** Estimates of residual covariances   ************************************
      Order of fit           =       2
 Covariance matrix
   1    0.48570E-03
   2     0.0000      0.19633E-03
 Eigenvalues of covariance matrix
 Value         0.00         0.00
   (%)        71.21        28.79
 Trace         0.00
 Matrix of correlations and variance ratios
   1      0.2084
   2      0.0000    0.0698
 Covariances & correlations with approximate sampling errors
   1  COVS Z 1 1       0.485705E-03   0.234699E-03   vrat     0.208   0.108
   3  COVS Z 2 2       0.196330E-03   0.291665E-03   vrat     0.070   0.107

***** Estimates for RE  1   "ANIMAL"   ***************************************
      No. of levels          =    1185
      Covariance structure   = NRM
      Order of fit           =       2
 Covariance matrix
   1    0.18273E-02
   2    0.21590E-02  0.25713E-02
 Eigenvalues of covariance matrix
 Value         0.00         0.00
   (%)        99.81         0.19
 Trace         0.00
 Matrix of correlations and variance ratios
   1      0.7840
   2      0.9960    0.9140
 Covariances & correlations with approximate sampling errors
   4  COVS A 1 1       0.182732E-02   0.366403E-03   vrat     0.784   0.124
   5  COVS A 1 2       0.215900E-02   0.346179E-03   corr     0.996   0.060
   6  COVS A 2 2       0.257129E-02   0.478395E-03   vrat     0.914   0.127

***** Estimates for RE  2   "NSEC"   *****************************************
      No. of levels          =      26
      Covariance structure   = IDE
      Order of fit           =       2
 Covariance matrix
   1    0.17859E-04
   2   -0.18927E-04  0.45584E-04
 Eigenvalues of covariance matrix
 Value         0.00         0.00
   (%)        86.98        13.02
 Trace         0.00
 Matrix of correlations and variance ratios
   1      0.0077
   2     -0.6634    0.0162
 Covariances & correlations with approximate sampling errors
   7  COVS B 1 1       0.178586E-04   0.944984E-04   vrat     0.008   0.040
   8  COVS B 1 2      -0.189268E-04   0.931884E-04   corr    -0.663  failed
   9  COVS B 2 2       0.455837E-04   0.134541E-03   vrat     0.016   0.048

***** Estimates of phenotypic covariances  ***********************************
 Covariance matrix
   1    0.23309E-02
   2    0.21401E-02  0.28132E-02
 Eigenvalues of covariance matrix
 Value         0.00         0.00
   (%)        91.87         8.13
 Trace         0.01
 Correlation matrix
   1      1.0000
   2      0.8357    1.0000
 Covariances & correlations with approximate sampling errors
  10  COVS T 1 1       0.233088E-02   0.183749E-03
  11  COVS T 1 2       0.214008E-02   0.327283E-03   corr     0.836   0.086
  12  COVS T 2 2       0.281320E-02   0.238407E-03
  
======== end of file ============================23-06-2025==========16:50====
  
