======= Version 03-11-2023 ======================================= **KM** ====

        Program WOMBAT: Estimates of covariance components
==============================================================================

 bivariate WOMBAT analysis of WS from Rep2 CFM                              

 Analysis type          :   "MUV 2"
 Data file              :   "cfm2WS_dat.dat"
 Pedigree file          :   "ReducedPedFile.dat"
 Parameter file         :   "cfm2WS_par.par"
  
 No. of traits          =      2                   mWS                 fWS
 No. of records         =    953           506         447
 No. of parameters      =      9
   ... not estimated    =      1
 Maximum log L          =          2278.778
 -1/2 AIC & AICC        =          2270.778          2270.701
 -1/2 BIC               =          2251.373    "Penalty factor" =   3.426
  
 Operational zero used  =     0.00000001000
 Value for "small"      =     0.00010000000
 Limit: "small" pivots  =     0.00001000000
  
 Eigenvalues of AI matrix
    132868.        3170.69        466.779        69.0242        43.5527        6.58551       0.264804E-01   0.108148E-01
   -0.00000    

 Parameter estimates with approx. sampling erors
   1   CHOL Z 1 1             -3.13823          0.106592              
   2   CHOL Z 1 2              0.00000           1000.00              
   3   CHOL Z 2 2             -3.41515          0.131590              
   4   CHOL A 1 1             -3.13395          0.137649              
   5   CHOL A 1 2             0.355063E-01      0.641631E-02          
   6   CHOL A 2 2             -3.81773          0.413303              
   7   CHOL B 1 1             -5.75646           8.50449              
   8   CHOL B 1 2             0.301218E-02      0.289615E-01          
   9   CHOL B 2 2             -5.75646           7.60759              

 Convergence criteria for last 3 iterates
 Change in log likelihood    =    0.004833    0.003818    0.000175
 Change in parameter vector  =    0.000783    0.000122    0.000122
 Norm of gradient vector     =     38.0424     28.1666     24.3168
 Newton decrement            =     -0.2205     -0.3863     -0.2186

***** Estimates of residual covariances   ************************************
      Order of fit           =       2
 Covariance matrix
   1    0.10805E-02
   2     0.0000      0.18800E-02
 Eigenvalues of covariance matrix
 Value         0.00         0.00
   (%)        63.50        36.50
 Trace         0.00
 Matrix of correlations and variance ratios
   1      0.3800
   2      0.0000    0.4965
 Covariances & correlations with approximate sampling errors
   1  COVS Z 1 1       0.108053E-02   0.284375E-03   vrat     0.380   0.108
   3  COVS Z 2 2       0.188004E-02   0.400792E-03   vrat     0.497   0.112

***** Estimates for RE  1   "ANIMAL"   ***************************************
      No. of levels          =    1193
      Covariance structure   = NRM
      Order of fit           =       2
 Covariance matrix
   1    0.17437E-02
   2    0.15461E-02  0.18962E-02
 Eigenvalues of covariance matrix
 Value         0.00         0.00
   (%)        92.53         7.47
 Trace         0.00
 Matrix of correlations and variance ratios
   1      0.6133
   2      0.8503    0.5008
 Covariances & correlations with approximate sampling errors
   4  COVS A 1 1       0.174372E-02   0.409462E-03   vrat     0.613   0.124
   5  COVS A 1 2       0.154614E-02   0.346273E-03   corr     0.850   0.126
   6  COVS A 2 2       0.189622E-02   0.522023E-03   vrat     0.501   0.125

***** Estimates for RE  2   "NSEC"   *****************************************
      No. of levels          =      27
      Covariance structure   = IDE
      Order of fit           =       2
 Covariance matrix
   1    0.19073E-04
   2    0.95253E-05  0.10000E-04
 Eigenvalues of covariance matrix
 Value         0.00         0.00
   (%)        86.29        13.71
 Trace         0.00
 Matrix of correlations and variance ratios
   1      0.0067
   2      0.6897    0.0026
 Covariances & correlations with approximate sampling errors
   7  COVS B 1 1       0.190732E-04   0.115526E-03   vrat     0.007   0.041
   8  COVS B 1 2       0.952534E-05   0.108500E-03   corr     0.690  failed
   9  COVS B 2 2       0.100000E-04   0.170090E-03   vrat     0.003   0.045

***** Estimates of phenotypic covariances  ***********************************
 Covariance matrix
   1    0.28433E-02
   2    0.15557E-02  0.37863E-02
 Eigenvalues of covariance matrix
 Value         0.00         0.00
   (%)        74.52        25.48
 Trace         0.01
 Correlation matrix
   1      1.0000
   2      0.4741    1.0000
 Covariances & correlations with approximate sampling errors
  10  COVS T 1 1       0.284332E-02   0.208434E-03
  11  COVS T 1 2       0.155567E-02   0.321786E-03   corr     0.474   0.084
  12  COVS T 2 2       0.378625E-02   0.290237E-03
  
======== end of file ============================26-06-2025==========13:05====
  
