======= Version 03-11-2023 ======================================= **KM** ====

        Program WOMBAT: Estimates of covariance components
==============================================================================

 WOMBAT analysis of  Rep1FLX male WS, null model                            

 Analysis type          :   "UNI"
 Data file              :   "flx1mWS_datnull.dat"
 Pedigree file          :   "ReducedPedFile.dat"
 Parameter file         :   "flx1mWS_null.par"
  
 No. of traits          =      1                    WS
 No. of records         =    488           488
 No. of parameters      =      2
 Maximum log L          =          1228.942
 -1/2 AIC & AICC        =          1226.942          1226.929
 -1/2 BIC               =          1222.760    "Penalty factor" =   3.091
  
 Operational zero used  =     0.00000001000
 Value for "small"      =     0.00010000000
 Limit: "small" pivots  =     0.00100000000
  
 Eigenvalues of AI matrix
    923.770        7.34716    

 Parameter estimates with approx. sampling erors
   1   CHOL Z 1 1             -3.09117          0.329048E-01          
   2   CHOL A 1 1             -3.45388          0.368926              

 Convergence criteria for last 3 iterates
 Change in log likelihood    =    5.199180    0.025589    0.000000
 Change in parameter vector  =    0.020375    0.002193    0.000000
 Norm of gradient vector     =    106.8305     16.7675     15.2538
 Newton decrement            =    -39.6781    -30.8305    -30.8787

***** Estimates of residual covariances   ************************************
      Order of fit           =       1
 Covariance matrix
   1    0.20656E-02
 Matrix of correlations and variance ratios
   1      0.6738
 Covariances & correlations with approximate sampling errors
   1  COVS Z 1 1       0.206558E-02   0.135935E-03   vrat     0.674   0.163

***** Estimates for RE  1   "NSEC"   *****************************************
      No. of levels          =      26
      Covariance structure   = NRM
      Order of fit           =       1
 Covariance matrix
   1    0.10000E-02
 Matrix of correlations and variance ratios
   1      0.3262
 Covariances & correlations with approximate sampling errors
   2  COVS A 1 1       0.100000E-02   0.737853E-03   vrat     0.326   0.163

***** Estimates of phenotypic covariances  ***********************************
 Covariance matrix
   1    0.30656E-02
 Covariances & correlations with approximate sampling errors
   3  COVS T 1 1       0.306558E-02   0.748430E-03
  
======== end of file ============================11-06-2025==========17:39====
  
