======= Version 03-11-2023 ======================================= **KM** ====

        Program WOMBAT: Estimates of covariance components
==============================================================================

 bivariate WOMBAT analysis of DR from Rep1 FLX                              

 Analysis type          :   "MUV 2"
 Data file              :   "flx1DR_dat.dat"
 Pedigree file          :   "ReducedPedFile.dat"
 Parameter file         :   "flx1DR_null.par"
  
 No. of traits          =      2                   mDR                 fDR
 No. of records         =    945           488         457
 No. of parameters      =      8
   ... not estimated    =      1
 Maximum log L          =         -1452.236
 -1/2 AIC & AICC        =         -1459.236         -1459.296
 -1/2 BIC               =         -1476.186    "Penalty factor" =   3.421
  
 Operational zero used  =     0.00000001000
 Value for "small"      =     0.00010000000
 Limit: "small" pivots  =     0.00100000000
  
 Eigenvalues of AI matrix
    1271.38        469.918        39.0497        17.4913        9.94584        1.21465       -0.00000      -0.527466E-17

 Parameter estimates with approx. sampling erors
   1   CHOL Z 1 1              3.24636          0.160890              
   2   CHOL Z 1 2              0.00000           1000.00              
   3   CHOL Z 2 2              1.05861          0.214234              
   4   CHOL A 1 1             0.542535          0.115652              
   5   CHOL A 2 2              1.00581           2.95219              
   6   CHOL B 1 1            -0.282326           19.4052              
   7   CHOL B 1 2             0.718105           13.9279              
   8   CHOL B 2 2             -2.30259           999.711              

 Convergence criteria for last 3 iterates
 Change in log likelihood    =    0.000000    0.000000    0.000000
 Change in parameter vector  =    0.000000    0.000000    0.000000
 Norm of gradient vector     =      0.0000      0.0000************
 Newton decrement            =      0.0000      0.0000     -4.1641

***** Estimates of residual covariances   ************************************
      Order of fit           =       2
 Covariance matrix
   1     1.1207    
   2     0.0000       10.539    
 Eigenvalues of covariance matrix
 Value        10.54         1.12
   (%)        90.39         9.61
 Trace        11.66
 Matrix of correlations and variance ratios
   1      0.2411
   2      0.0000    0.5684
 Covariances & correlations with approximate sampling errors
   1  COVS Z 1 1        1.12065       0.453581       vrat     0.241   0.105
   3  COVS Z 2 2        10.5389        1.91193       vrat     0.568   0.106

***** Estimates for RE  1   "ANIMAL"   ***************************************
      No. of levels          =    1185
      Covariance structure   = NRM
      Order of fit           =       2
 Variance components
   1     2.9596    
   2     7.4754    
 Variance ratios
   1      0.6366
   2      0.4032
 Covariances & correlations with approximate sampling errors
   4  COVS A 1 1        2.95965       0.684580       vrat     0.637   0.137
   5  COVS A 2 2        7.47536        2.37262       vrat     0.403   0.120

***** Estimates for RE  2   "NSEC"   *****************************************
      No. of levels          =      26
      Covariance structure   = IDE
      Order of fit           =       2
 Covariance matrix
   1    0.56856    
   2    0.54147      0.52567    
 Eigenvalues of covariance matrix
 Value         1.09         0.01
   (%)        99.52         0.48
 Trace         1.09
 Matrix of correlations and variance ratios
   1      0.1223
   2      0.9904    0.0284
 Covariances & correlations with approximate sampling errors
   6  COVS B 1 1       0.568558       0.439946       vrat     0.122   0.085
   7  COVS B 1 2       0.541471       0.367274       corr     0.990  failed
   8  COVS B 2 2       0.525675       0.672021       vrat     0.028   0.036

***** Estimates of phenotypic covariances  ***********************************
 Covariance matrix
   1     4.6489    
   2    0.54147       18.540    
 Eigenvalues of covariance matrix
 Value        18.56         4.63
   (%)        80.04        19.96
 Trace        23.19
 Correlation matrix
   1      1.0000
   2      0.0583    1.0000
 Covariances & correlations with approximate sampling errors
   9  COVS T 1 1        4.64886       0.509589    
  10  COVS T 1 2       0.541471       0.367274       corr     0.058   0.040
  11  COVS T 2 2        18.5399        1.25024    
  
======== end of file ============================24-06-2025==========13:20====
  
