======= Version 03-11-2023 ======================================= **KM** ====

        Program WOMBAT: Estimates of covariance components
==============================================================================

 WOMBAT analysis of  Rep1FLX male DR                                        

 Analysis type          :   "UNI"
 Data file              :   "flx1mDR_dat.dat"
 Pedigree file          :   "ReducedPedFile.dat"
 Parameter file         :   "flx1mDR_par.par"
  
 No. of traits          =      1                    DR
 No. of records         =    488           488
 No. of parameters      =      3
 Maximum log L          =          -554.321
 -1/2 AIC & AICC        =          -557.321          -557.346
 -1/2 BIC               =          -563.594    "Penalty factor" =   3.091
  
 Operational zero used  =     0.00000001000
 Value for "small"      =     0.00010000000
 Limit: "small" pivots  =     0.00100000000
  
 Eigenvalues of AI matrix
    245.192        14.7344        7.97810    

 Parameter estimates with approx. sampling erors
   1   CHOL Z 1 1             0.473543E-02      0.214679              
   2   CHOL A 1 1              1.72069          0.192618              
   3   CHOL B 1 1            -0.419887          0.337789              

 Convergence criteria for last 3 iterates
 Change in log likelihood    =    0.247724    0.073700    0.000016
 Change in parameter vector  =    0.200295    0.019000    0.000859
 Norm of gradient vector     =      2.7250      5.8791      0.0465
 Newton decrement            =     -0.5820     -0.1483     -0.0000

***** Estimates of residual covariances   ************************************
      Order of fit           =       1
 Covariance matrix
   1     1.0095    
 Matrix of correlations and variance ratios
   1      0.2293
 Covariances & correlations with approximate sampling errors
   1  COVS Z 1 1        1.00952       0.433443       vrat     0.229   0.106

***** Estimates for RE  1   "ANIMAL"   ***************************************
      No. of levels          =     717
      Covariance structure   = NRM
      Order of fit           =       1
 Covariance matrix
   1     2.9608    
 Matrix of correlations and variance ratios
   1      0.6726
 Covariances & correlations with approximate sampling errors
   2  COVS A 1 1        2.96076       0.662871       vrat     0.673   0.131

***** Estimates for RE  2   "NSEC"   *****************************************
      No. of levels          =      26
      Covariance structure   = IDE
      Order of fit           =       1
 Covariance matrix
   1    0.43181    
 Matrix of correlations and variance ratios
   1      0.0981
 Covariances & correlations with approximate sampling errors
   3  COVS B 1 1       0.431808       0.291720       vrat     0.098   0.062

***** Estimates of phenotypic covariances  ***********************************
 Covariance matrix
   1     4.4021    
 Covariances & correlations with approximate sampling errors
   4  COVS T 1 1        4.40208       0.387716    
  
======== end of file ============================11-06-2025==========18:03====
  
