======= Version 03-11-2023 ======================================= **KM** ====

        Program WOMBAT: Estimates of covariance components
==============================================================================

 WOMBAT analysis of  Rep1CFM female wing length,                            

 Analysis type          :   "UNI"
 Data file              :   "cfm1fWS_dat.dat"
 Pedigree file          :   "ReducedPedFile.dat"
 Parameter file         :   "cfm1fWS_par.par"
  
 No. of traits          =      1                    WL
 No. of records         =    454           454
 No. of parameters      =      3
 Maximum log L          =          1099.171
 -1/2 AIC & AICC        =          1096.171          1096.144
 -1/2 BIC               =          1090.007    "Penalty factor" =   3.055
  
 Operational zero used  =     0.00000001000
 Value for "small"      =     0.00010000000
 Limit: "small" pivots  =     0.00100000000
  
 Eigenvalues of AI matrix
    427.519        22.7192        5.39179    

 Parameter estimates with approx. sampling erors
   1   CHOL Z 1 1             -3.45388          0.175191              
   2   CHOL A 1 1             -3.09844          0.126895              
   3   CHOL B 1 1             -3.45388          0.430148              

 Convergence criteria for last 3 iterates
 Change in log likelihood    =    0.000000    0.130587    0.000000
 Change in parameter vector  =    0.000000    0.001728    0.000000
 Norm of gradient vector     =      0.0000     20.6215     17.8997
 Newton decrement            =      0.0000    -27.8245    -27.3756

***** Estimates of residual covariances   ************************************
      Order of fit           =       1
 Covariance matrix
   1    0.10000E-02
 Matrix of correlations and variance ratios
   1      0.2478
 Covariances & correlations with approximate sampling errors
   1  COVS Z 1 1       0.100000E-02   0.350383E-03   vrat     0.248   0.104

***** Estimates for RE  1   "ANIMAL"   ***************************************
      No. of levels          =     678
      Covariance structure   = NRM
      Order of fit           =       1
 Covariance matrix
   1    0.20358E-02
 Matrix of correlations and variance ratios
   1      0.5044
 Covariances & correlations with approximate sampling errors
   2  COVS A 1 1       0.203578E-02   0.516662E-03   vrat     0.504   0.156

***** Estimates for RE  2   "NSEC"   *****************************************
      No. of levels          =      27
      Covariance structure   = IDE
      Order of fit           =       1
 Covariance matrix
   1    0.10000E-02
 Matrix of correlations and variance ratios
   1      0.2478
 Covariances & correlations with approximate sampling errors
   3  COVS B 1 1       0.100000E-02   0.860296E-03   vrat     0.248   0.162

***** Estimates of phenotypic covariances  ***********************************
 Covariance matrix
   1    0.40358E-02
 Covariances & correlations with approximate sampling errors
   4  COVS T 1 1       0.403578E-02   0.878308E-03
  
======== end of file ============================12-06-2025==========11:01====
  
