======= Version 03-11-2023 ======================================= **KM** ====

        Program WOMBAT: Estimates of covariance components
==============================================================================

 bivariate WOMBAT analysis of DR from Rep2 FLX                              

 Analysis type          :   "MUV 2"
 Data file              :   "flx2DR_dat.dat"
 Pedigree file          :   "ReducedPedFile.dat"
 Parameter file         :   "flx2DR_par.par"
  
 No. of traits          =      2                   mDR                 fDR
 No. of records         =    954           493         461
 No. of parameters      =      9
   ... not estimated    =      1
 Maximum log L          =         -1454.824
 -1/2 AIC & AICC        =         -1462.824         -1462.901
 -1/2 BIC               =         -1482.233    "Penalty factor" =   3.426
  
 Operational zero used  =     0.00000001000
 Value for "small"      =     0.00010000000
 Limit: "small" pivots  =     0.00100000000
  
 Eigenvalues of AI matrix
    304.072        154.806        39.7121        25.3891        11.6536        8.32249        3.63424        1.26983    
   -0.00000    

 Parameter estimates with approx. sampling erors
   1   CHOL Z 1 1              3.48111          0.322192              
   2   CHOL Z 1 2              0.00000           1000.00      constant
   3   CHOL Z 2 2              1.42843          0.111728              
   4   CHOL A 1 1              1.09054          0.161708              
   5   CHOL A 1 2             0.885648          0.220741              
   6   CHOL A 2 2            -0.725340          0.868976              
   7   CHOL B 1 1             0.113741          0.185300              
   8   CHOL B 1 2              1.33341          0.515930              
   9   CHOL B 2 2             0.300824          0.310077              

 Convergence criteria for last 3 iterates
 Change in log likelihood    =    0.281085    0.002258    0.000012
 Change in parameter vector  =    0.057377    0.007701    0.000864
 Norm of gradient vector     =      7.6424      0.8278      0.0254
 Newton decrement            =     -0.5755     -0.0044     -0.0000

***** Estimates of residual covariances   ************************************
      Order of fit           =       2
 Covariance matrix
   1     2.0404    
   2     0.0000       12.118    
 Eigenvalues of covariance matrix
 Value        12.12         2.04
   (%)        85.59        14.41
 Trace        14.16
 Matrix of correlations and variance ratios
   1      0.4729
   2      0.0000    0.4931
 Covariances & correlations with approximate sampling errors
   1  COVS Z 1 1        2.04042       0.319191       vrat     0.473   0.089
   3  COVS Z 2 2        12.1181        2.24317       vrat     0.493   0.099

***** Estimates for RE  1   "ANIMAL"   ***************************************
      No. of levels          =    1189
      Covariance structure   = NRM
      Order of fit           =       2
 Covariance matrix
   1     1.0188    
   2     2.6356       8.8559    
 Eigenvalues of covariance matrix
 Value         9.66         0.21
   (%)        97.82         2.18
 Trace         9.87
 Matrix of correlations and variance ratios
   1      0.2361
   2      0.8774    0.3603
 Covariances & correlations with approximate sampling errors
   4  COVS A 1 1        1.01878       0.383198       vrat     0.236   0.089
   5  COVS A 1 2        2.63559       0.746500       corr     0.877   0.207
   6  COVS A 2 2        8.85594        2.86414       vrat     0.360   0.112

***** Estimates for RE  2   "NSEC"   *****************************************
      No. of levels          =      26
      Covariance structure   = IDE
      Order of fit           =       2
 Covariance matrix
   1     1.2554    
   2     1.4940       3.6031    
 Eigenvalues of covariance matrix
 Value         4.33         0.53
   (%)        89.11        10.89
 Trace         4.86
 Matrix of correlations and variance ratios
   1      0.2910
   2      0.7025    0.1466
 Covariances & correlations with approximate sampling errors
   7  COVS B 1 1        1.25543       0.465263       vrat     0.291   0.079
   8  COVS B 1 2        1.49403       0.751639       corr     0.702   0.176
   9  COVS B 2 2        3.60309        1.78413       vrat     0.147   0.064

***** Estimates of phenotypic covariances  ***********************************
 Covariance matrix
   1     4.3146    
   2     4.1296       24.577    
 Eigenvalues of covariance matrix
 Value        25.39         3.51
   (%)        87.87        12.13
 Trace        28.89
 Correlation matrix
   1      1.0000
   2      0.4010    1.0000
 Covariances & correlations with approximate sampling errors
  10  COVS T 1 1        4.31464       0.500304    
  11  COVS T 1 2        4.12962       0.990028       corr     0.401   0.075
  12  COVS T 2 2        24.5771        2.19121    
  
======== end of file ============================25-10-2024==========18:53====
  
