======= Version 03-11-2023 ======================================= **KM** ====

        Program WOMBAT: Estimates of covariance components
==============================================================================

 WOMBAT analysis of  Rep1CFM female LA                                      

 Analysis type          :   "UNI"
 Data file              :   "cfm1fLA_dat.dat"
 Pedigree file          :   "ReducedPedFile.dat"
 Parameter file         :   "cfm1fLA_par.par"
  
 No. of traits          =      1                    LA
 No. of records         =    454           454
 No. of parameters      =      3
 Maximum log L          =          -589.624
 -1/2 AIC & AICC        =          -592.624          -592.651
 -1/2 BIC               =          -598.788    "Penalty factor" =   3.055
  
 Operational zero used  =     0.00000001000
 Value for "small"      =     0.00010000000
 Limit: "small" pivots  =     0.00100000000
  
 Eigenvalues of AI matrix
    186.600        16.6890       0.190528E-01

 Parameter estimates with approx. sampling erors
   1   CHOL Z 1 1              1.95283          0.132238              
   2   CHOL A 1 1             0.627700E-01      0.248833              
   3   CHOL B 1 1             -2.34411           7.24373              

 Convergence criteria for last 3 iterates
 Change in log likelihood    =    0.040772    0.001103    0.000005
 Change in parameter vector  =    0.132818    0.054790    0.006973
 Norm of gradient vector     =      3.2461      0.2092      0.0154
 Newton decrement            =     -0.0867     -0.0024     -0.0000

***** Estimates of residual covariances   ************************************
      Order of fit           =       1
 Covariance matrix
   1     3.8135    
 Matrix of correlations and variance ratios
   1      0.7694
 Covariances & correlations with approximate sampling errors
   1  COVS Z 1 1        3.81355       0.516478       vrat     0.769   0.100

***** Estimates for RE  1   "ANIMAL"   ***************************************
      No. of levels          =     678
      Covariance structure   = NRM
      Order of fit           =       1
 Covariance matrix
   1     1.1338    
 Matrix of correlations and variance ratios
   1      0.2287
 Covariances & correlations with approximate sampling errors
   2  COVS A 1 1        1.13376       0.564233       vrat     0.229   0.110

***** Estimates for RE  2   "NSEC"   *****************************************
      No. of levels          =      27
      Covariance structure   = IDE
      Order of fit           =       1
 Covariance matrix
   1    0.92031E-02
 Matrix of correlations and variance ratios
   1      0.0019
 Covariances & correlations with approximate sampling errors
   3  COVS B 1 1       0.920309E-02   0.133329       vrat     0.002   0.027

***** Estimates of phenotypic covariances  ***********************************
 Covariance matrix
   1     4.9565    
 Covariances & correlations with approximate sampling errors
   4  COVS T 1 1        4.95651       0.338634    
  
======== end of file ============================12-06-2025==========11:27====
  
