======= Version 03-11-2023 ======================================= **KM** ====

        Program WOMBAT: Estimates of covariance components
==============================================================================

 WOMBAT analysis of  Rep2CFM male wing length,                              

 Analysis type          :   "UNI"
 Data file              :   "cfm2mWS_dat.dat"
 Pedigree file          :   "ReducedPedFile.dat"
 Parameter file         :   "cfm2mWS_par.par"
  
 No. of traits          =      1                    WL
 No. of records         =    506           506
 No. of parameters      =      3
 Maximum log L          =          1233.827
 -1/2 AIC & AICC        =          1230.827          1230.804
 -1/2 BIC               =          1224.500    "Penalty factor" =   3.109
  
 Operational zero used  =     0.00000001000
 Value for "small"      =     0.00010000000
 Limit: "small" pivots  =     0.00100000000
  
 Eigenvalues of AI matrix
    486.030        29.5880        5.48555    

 Parameter estimates with approx. sampling erors
   1   CHOL Z 1 1             -3.44590          0.147384              
   2   CHOL A 1 1             -3.14864          0.119639              
   3   CHOL B 1 1             -3.45388          0.426751              

 Convergence criteria for last 3 iterates
 Change in log likelihood    =    0.000000    0.055358    0.000000
 Change in parameter vector  =    0.000000    0.001960    0.000000
 Norm of gradient vector     =      0.0000     15.7057     13.6634
 Newton decrement            =      0.0000    -31.1170    -30.9189

***** Estimates of residual covariances   ************************************
      Order of fit           =       1
 Covariance matrix
   1    0.10161E-02
 Matrix of correlations and variance ratios
   1      0.2634
 Covariances & correlations with approximate sampling errors
   1  COVS Z 1 1       0.101609E-02   0.299512E-03   vrat     0.263   0.100

***** Estimates for RE  1   "ANIMAL"   ***************************************
      No. of levels          =     744
      Covariance structure   = NRM
      Order of fit           =       1
 Covariance matrix
   1    0.18413E-02
 Matrix of correlations and variance ratios
   1      0.4773
 Covariances & correlations with approximate sampling errors
   2  COVS A 1 1       0.184130E-02   0.440585E-03   vrat     0.477   0.146

***** Estimates for RE  2   "NSEC"   *****************************************
      No. of levels          =      27
      Covariance structure   = IDE
      Order of fit           =       1
 Covariance matrix
   1    0.10000E-02
 Matrix of correlations and variance ratios
   1      0.2592
 Covariances & correlations with approximate sampling errors
   3  COVS B 1 1       0.100000E-02   0.853502E-03   vrat     0.259   0.166

***** Estimates of phenotypic covariances  ***********************************
 Covariance matrix
   1    0.38574E-02
 Covariances & correlations with approximate sampling errors
   4  COVS T 1 1       0.385740E-02   0.869877E-03
  
======== end of file ============================17-06-2025==========15:13====
  
