======= Version 03-11-2023 ======================================= **KM** ====

        Program WOMBAT: Estimates of covariance components
==============================================================================

 WOMBAT analysis of  Rep2CFM female DR, null model                          

 Analysis type          :   "UNI"
 Data file              :   "cfm2fDR_dat.dat"
 Pedigree file          :   "ReducedPedFile.dat"
 Parameter file         :   "cfm2fDR_null.par"
  
 No. of traits          =      1                    DR
 No. of records         =    447           447
 No. of parameters      =      2
 Maximum log L          =          -937.940
 -1/2 AIC & AICC        =          -939.940          -939.954
 -1/2 BIC               =          -944.034    "Penalty factor" =   3.047
  
 Operational zero used  =     0.00000001000
 Value for "small"      =     0.00010000000
 Limit: "small" pivots  =     0.00100000000
  
 Eigenvalues of AI matrix
    36.5251        12.1771    

 Parameter estimates with approx. sampling erors
   1   CHOL Z 1 1              4.84374          0.166836              
   2   CHOL A 1 1             0.227380          0.285772              

 Convergence criteria for last 3 iterates
 Change in log likelihood    =    0.378453    0.000611    0.000000
 Change in parameter vector  =    0.028761    0.001211    0.000003
 Norm of gradient vector     =      5.4573      0.2103      0.0004
 Newton decrement            =     -0.7436     -0.0012     -0.0000

***** Estimates of residual covariances   ************************************
      Order of fit           =       1
 Covariance matrix
   1     23.462    
 Matrix of correlations and variance ratios
   1      0.9371
 Covariances & correlations with approximate sampling errors
   1  COVS Z 1 1        23.4618        1.61622       vrat     0.937   0.034

***** Estimates for RE  1   "NSEC"   *****************************************
      No. of levels          =      27
      Covariance structure   = NRM
      Order of fit           =       1
 Covariance matrix
   1     1.5758    
 Matrix of correlations and variance ratios
   1      0.0629
 Covariances & correlations with approximate sampling errors
   2  COVS A 1 1        1.57579       0.900635       vrat     0.063   0.034

***** Estimates of phenotypic covariances  ***********************************
 Covariance matrix
   1     25.038    
 Covariances & correlations with approximate sampling errors
   3  COVS T 1 1        25.0376        1.76623    
  
======== end of file ============================23-06-2025==========13:17====
  
