======= Version 03-11-2023 ======================================= **KM** ====

        Program WOMBAT: Estimates of covariance components
==============================================================================

 WOMBAT analysis of  Rep2FLX female DR                                      

 Analysis type          :   "UNI"
 Data file              :   "flx2fDR_dat.dat"
 Pedigree file          :   "ReducedPedFile.dat"
 Parameter file         :   "flx2fDR_par.par"
  
 No. of traits          =      1                    DR
 No. of records         =    461           461
 No. of parameters      =      3
 Maximum log L          =          -930.529
 -1/2 AIC & AICC        =          -933.529          -933.555
 -1/2 BIC               =          -939.716    "Penalty factor" =   3.062
  
 Operational zero used  =     0.00000001000
 Value for "small"      =     0.00010000000
 Limit: "small" pivots  =     0.00100000000
  
 Eigenvalues of AI matrix
    42.5103        4.95236        2.83764    

 Parameter estimates with approx. sampling erors
   1   CHOL Z 1 1              3.40651          0.336456              
   2   CHOL A 1 1              3.08386          0.486410              
   3   CHOL B 1 1              1.86465          0.477551              

 Convergence criteria for last 3 iterates
 Change in log likelihood    =    1.973551    0.008361    0.000015
 Change in parameter vector  =    0.195106    0.011110    0.000589
 Norm of gradient vector     =      4.0946      0.4504      0.0103
 Newton decrement            =     -3.3212     -0.0162     -0.0000

***** Estimates of residual covariances   ************************************
      Order of fit           =       1
 Covariance matrix
   1     11.604    
 Matrix of correlations and variance ratios
   1      0.4719
 Covariances & correlations with approximate sampling errors
   1  COVS Z 1 1        11.6043        2.29229       vrat     0.472   0.101

***** Estimates for RE  1   "ANIMAL"   ***************************************
      No. of levels          =     684
      Covariance structure   = NRM
      Order of fit           =       1
 Covariance matrix
   1     9.5102    
 Matrix of correlations and variance ratios
   1      0.3867
 Covariances & correlations with approximate sampling errors
   2  COVS A 1 1        9.51019        3.00004       vrat     0.387   0.116

***** Estimates for RE  2   "NSEC"   *****************************************
      No. of levels          =      26
      Covariance structure   = IDE
      Order of fit           =       1
 Covariance matrix
   1     3.4769    
 Matrix of correlations and variance ratios
   1      0.1414
 Covariances & correlations with approximate sampling errors
   3  COVS B 1 1        3.47690        1.78093       vrat     0.141   0.064

***** Estimates of phenotypic covariances  ***********************************
 Covariance matrix
   1     24.591    
 Covariances & correlations with approximate sampling errors
   4  COVS T 1 1        24.5914        2.19405    
  
======== end of file ============================17-06-2025==========14:24====
  
