======= Version 03-11-2023 ======================================= **KM** ====

        Program WOMBAT: Estimates of covariance components
==============================================================================

 WOMBAT analysis of  Rep2CWT male DR, null model                            

 Analysis type          :   "UNI"
 Data file              :   "cwt2mDR_dat.dat"
 Pedigree file          :   "ReducedPedFile.dat"
 Parameter file         :   "cwt2mDR_null.par"
  
 No. of traits          =      1                    DR
 No. of records         =    499           499
 No. of parameters      =      2
 Maximum log L          =          -673.826
 -1/2 AIC & AICC        =          -675.826          -675.838
 -1/2 BIC               =          -680.031    "Penalty factor" =   3.102
  
 Operational zero used  =     0.00000001000
 Value for "small"      =     0.00010000000
 Limit: "small" pivots  =     0.00100000000
  
 Eigenvalues of AI matrix
    188.144        21.9673    

 Parameter estimates with approx. sampling erors
   1   CHOL Z 1 1              2.24099          0.731346E-01          
   2   CHOL A 1 1              1.03329          0.213281              

 Convergence criteria for last 3 iterates
 Change in log likelihood    =    1.481444    0.013679    0.000172
 Change in parameter vector  =    0.046915    0.008125    0.001455
 Norm of gradient vector     =     25.7206      1.9516      0.0923
 Newton decrement            =     -2.8490     -0.0256     -0.0003

***** Estimates of residual covariances   ************************************
      Order of fit           =       1
 Covariance matrix
   1     5.0220    
 Matrix of correlations and variance ratios
   1      0.8247
 Covariances & correlations with approximate sampling errors
   1  COVS Z 1 1        5.02202       0.327787       vrat     0.825   0.061

***** Estimates for RE  1   "NSEC"   *****************************************
      No. of levels          =      26
      Covariance structure   = NRM
      Order of fit           =       1
 Covariance matrix
   1     1.0677    
 Matrix of correlations and variance ratios
   1      0.1753
 Covariances & correlations with approximate sampling errors
   2  COVS A 1 1        1.06769       0.440761       vrat     0.175   0.061

***** Estimates of phenotypic covariances  ***********************************
 Covariance matrix
   1     6.0897    
 Covariances & correlations with approximate sampling errors
   3  COVS T 1 1        6.08971       0.529336    
  
======== end of file ============================23-06-2025==========14:04====
  
