======= Version 03-11-2023 ======================================= **KM** ====

        Program WOMBAT: Estimates of covariance components
==============================================================================

 WOMBAT analysis of all six traits together from Rep1 FLX,                  

 Analysis type          :   "MUV 6"
 Data file              :   "flx1_dat.dat"
 Pedigree file          :   "ReducedPedFile.dat"
 Parameter file         :   "flx1_par.par"
  
 No. of traits          =      6
 No. of records         =   2835      488  mWS                 
                                      488  mDR                 
                                      488  mLA                 
                                      457  fWS                 
                                      457  fDR                 
                                      457  fLA                 
 No. of parameters      =     63
   ... not estimated    =      9
 Maximum log L          =          2760.966
 -1/2 AIC & AICC        =          2706.966          2705.897
 -1/2 BIC               =          2546.551    "Penalty factor" =   3.971
  
 Operational zero used  =     0.00000001000
 Value for "small"      =     0.00010000000
 Limit: "small" pivots  =     0.00001000000
  
 Eigenvalues of AI matrix
    728244.        628591.        606980.        569938.        513019.        248789.        220485.        146352.    
    132702.        90464.0        80588.5        58434.5        45377.3        37552.7        33532.3        23157.9    
    20463.9        12974.7        11233.3        9417.99        4707.96        3144.19        2918.30        829.846    
    660.822        655.623        566.578        551.044        458.373        311.957        244.076        192.855    
    151.510        87.9126        77.0679        58.9991        53.9587        38.1093        30.7489        27.4011    
    26.0735        13.6026        9.76978        9.30748        6.66812        4.23568        2.39761        2.23986    
    1.19428       0.273426       0.398893E-01   0.254208E-01   0.240909E-01   0.112530E-02   -0.00000       -0.00000    
   -0.00000       -0.00000       -0.00000       -0.00000       -0.00000       -0.00000       -0.00000    

 Parameter estimates with approx. sampling erors
   1   CHOL Z 1 1            -0.614171E-01      0.662026E-01          
   2   CHOL Z 1 2              0.00000           1000.00              
   3   CHOL Z 1 3            -0.288186E-01      0.343992E-01          
   4   CHOL Z 1 4              0.00000           1000.00              
   5   CHOL Z 1 5              0.00000           1000.00              
   6   CHOL Z 1 6            -0.161078E-02      0.267807E-02          
   7   CHOL Z 2 2            -0.127274          0.809052E-01          
   8   CHOL Z 2 3              0.00000           1000.00              
   9   CHOL Z 2 4            -0.295623E-01      0.323601E-01          
  10   CHOL Z 2 5            -0.102651E-02      0.314612E-02          
  11   CHOL Z 2 6              0.00000           1000.00              
  12   CHOL Z 3 3             -1.20623          0.100891              
  13   CHOL Z 3 4              0.00000           1000.00              
  14   CHOL Z 3 5              0.00000           1000.00              
  15   CHOL Z 3 6             0.941697E-03      0.335436E-02          
  16   CHOL Z 4 4             -1.73023          0.208482              
  17   CHOL Z 4 5            -0.622361E-02      0.588485E-02          
  18   CHOL Z 4 6              0.00000           1000.00              
  19   CHOL Z 5 5             -4.37052          0.516026              
  20   CHOL Z 5 6              0.00000           1000.00              
  21   CHOL Z 6 6             -4.68753          0.668631              
  22   CHOL A 1 1            -0.427112          0.178898              
  23   CHOL A 1 2             0.398748E-01      0.142211              
  24   CHOL A 1 3            -0.471571E-01      0.613951E-01          
  25   CHOL A 1 4             0.820546E-02      0.604497E-01          
  26   CHOL A 1 5             0.623645E-02      0.566055E-02          
  27   CHOL A 1 6             0.673096E-02      0.594414E-02          
  28   CHOL A 2 2            -0.793250          0.300338              
  29   CHOL A 2 3             0.386362E-01      0.857841E-01          
  30   CHOL A 2 4             0.173281          0.808985E-01          
  31   CHOL A 2 5             0.762720E-02      0.770449E-02          
  32   CHOL A 2 6             0.106735E-01      0.759730E-02          
  33   CHOL A 3 3             -1.31948          0.173526              
  34   CHOL A 3 4             0.156865          0.671412E-01          
  35   CHOL A 3 5             0.332494E-02      0.599520E-02          
  36   CHOL A 3 6             0.126834E-02      0.617219E-02          
  37   CHOL A 4 4             -1.66251          0.363963              
  38   CHOL A 4 5             0.428703E-03      0.893100E-02          
  39   CHOL A 4 6             0.813249E-02      0.855818E-02          
  40   CHOL A 5 5             -3.51773          0.115190              
  41   CHOL A 5 6             0.277175E-01      0.361284E-02          
  42   CHOL A 6 6             -5.75646           6.28061              
  43   CHOL B 1 1             -1.21239          0.321981              
  44   CHOL B 1 2            -0.254476E-01      0.582079E-01          
  45   CHOL B 1 3            -0.191908E-01      0.616385E-01          
  46   CHOL B 1 4            -0.505640E-02      0.508760E-02          
  47   CHOL B 1 5            -0.352469E-02      0.458602E-02          
  48   CHOL B 1 6             0.173502          0.151460              
  49   CHOL B 2 2             -2.05625          0.338997              
  50   CHOL B 2 3             0.120569          0.545654E-01          
  51   CHOL B 2 4            -0.472298E-02      0.569273E-02          
  52   CHOL B 2 5            -0.722822E-03      0.516650E-02          
  53   CHOL B 2 6            -0.166892          0.151519              
  54   CHOL B 3 3             -3.15459           3.04383              
  55   CHOL B 3 4            -0.301756E-02      0.189485E-01          
  56   CHOL B 3 5             0.184222E-02      0.167190E-01          
  57   CHOL B 3 6             0.207885          0.922378              
  58   CHOL B 4 4             -5.75646           7.01252              
  59   CHOL B 4 5             0.612176E-03      0.261193E-01          
  60   CHOL B 4 6            -0.834812E-02       1.86940              
  61   CHOL B 5 5             -5.75646           4.89759              
  62   CHOL B 5 6             0.804408E-01       1.34316              
  63   CHOL B 6 6             -2.78265           29.5195              

 Convergence criteria for last 3 iterates
 Change in log likelihood    =    0.003104    0.004546    0.000873
 Change in parameter vector  =    0.002367    0.002118    0.002067
 Norm of gradient vector     =     31.9526     40.8905     34.9911
 Newton decrement            =     -0.1549     -0.2079     -0.1583

***** Estimates of residual covariances   ************************************
      Order of fit           =       6
 Covariance matrix
   1    0.19967E-03
   2   -0.10728E-02  0.32289E-01
   3   -0.90384E-03 -0.26029E-01  0.77527    
   4     0.0000       0.0000       0.0000      0.88294E-04
   5     0.0000       0.0000       0.0000      0.32829E-03  0.90424E-01
   6     0.0000       0.0000       0.0000     -0.15148E-02 -0.27102E-01  0.88441    
 Eigenvalues of covariance matrix
 Value         0.89         0.78         0.09         0.03         0.00         0.00
   (%)        49.66        43.54         5.02         1.76         0.01         0.00
 Trace         1.78
 Matrix of correlations and variance ratios
   1      0.1621
   2     -0.4225    0.2307
   3     -0.0726   -0.1645    0.5907
   4      0.0000    0.0000    0.0000    0.0772
   5      0.0000    0.0000    0.0000    0.1162    0.4960
   6      0.0000    0.0000    0.0000   -0.1714   -0.0958    0.7500
 Covariances & correlations with approximate sampling errors
   1  COVS Z 1 1       0.199674E-03   0.123095E-03   vrat     0.162   0.106
   2  COVS Z 1 2      -0.107275E-02   0.928445E-03   corr    -0.422   0.465
   3  COVS Z 1 3      -0.903839E-03   0.275899E-02   corr    -0.073   0.227
   7  COVS Z 2 2       0.322894E-01   0.131054E-01   vrat     0.231   0.101
   8  COVS Z 2 3      -0.260294E-01   0.285640E-01   corr    -0.165   0.181
  12  COVS Z 3 3       0.775268       0.125446       vrat     0.591   0.102
  16  COVS Z 4 4       0.882938E-04   0.113054E-03   vrat     0.077   0.102
  17  COVS Z 4 5       0.328291E-03   0.100306E-02   corr     0.116   0.352
  18  COVS Z 4 6      -0.151482E-02   0.250988E-02   corr    -0.171   0.313
  19  COVS Z 5 5       0.904244E-01   0.181031E-01   vrat     0.496   0.106
  20  COVS Z 5 6      -0.271019E-01   0.324234E-01   corr    -0.096   0.114
  21  COVS Z 6 6       0.884410       0.117101       vrat     0.750   0.099

***** Estimates for RE  1   "ANIMAL"   ***************************************
      No. of levels          =    1185
      Covariance structure   = NRM
      Order of fit           =       6
 Covariance matrix
   1    0.10052E-02
   2    0.36461E-02  0.90672E-01
   3    0.43912E-02  0.53532E-02  0.42561    
   4    0.95338E-03  0.19757E-02  0.40686E-02  0.98842E-03
   5    0.43396E-03  0.48234E-01 -0.30765E-01  0.88926E-03  0.75151E-01
   6    0.50968E-02  0.78715E-01  0.26014E-01  0.36990E-02  0.15598E-01  0.20623    
 Eigenvalues of covariance matrix
 Value         0.43         0.25         0.09         0.02         0.00         0.00
   (%)        53.95        31.49        11.56         2.80         0.21         0.00
 Trace         0.80
 Matrix of correlations and variance ratios
   1      0.8162
   2      0.3819    0.6478
   3      0.2123    0.0272    0.3243
   4      0.9564    0.2087    0.1984    0.8642
   5      0.0499    0.5843   -0.1720    0.1032    0.4122
   6      0.3540    0.5756    0.0878    0.2591    0.1253    0.1749
 Covariances & correlations with approximate sampling errors
  22  COVS A 1 1       0.100524E-02   0.196757E-03   vrat     0.816   0.126
  23  COVS A 1 2       0.364613E-02   0.146005E-02   corr     0.382   0.129
  24  COVS A 1 3       0.439122E-02   0.395480E-02   corr     0.212   0.185
  25  COVS A 1 4       0.953379E-03   0.154906E-03   corr     0.956   0.066
  26  COVS A 1 5       0.433963E-03   0.146154E-02   corr     0.050   0.168
  27  COVS A 1 6       0.509678E-02   0.346051E-02   corr     0.354   0.237
  28  COVS A 2 2       0.906724E-01   0.198983E-01   vrat     0.648   0.127
  29  COVS A 2 3       0.535316E-02   0.393903E-01   corr     0.027   0.201
  30  COVS A 2 4       0.197570E-02   0.135377E-02   corr     0.209   0.138
  31  COVS A 2 5       0.482338E-01   0.156761E-01   corr     0.584   0.157
  32  COVS A 2 6       0.787145E-01   0.360225E-01   corr     0.576   0.259
  33  COVS A 3 3       0.425613       0.152283       vrat     0.324   0.111
  34  COVS A 3 4       0.406860E-02   0.372190E-02   corr     0.198   0.179
  35  COVS A 3 5      -0.307648E-01   0.401397E-01   corr    -0.172   0.223
  36  COVS A 3 6       0.260139E-01   0.929134E-01   corr     0.088   0.313
  37  COVS A 4 4       0.988424E-03   0.184258E-03   vrat     0.864   0.131
  38  COVS A 4 5       0.889259E-03   0.148156E-02   corr     0.103   0.170
  39  COVS A 4 6       0.369901E-02   0.346001E-02   corr     0.259   0.242
  40  COVS A 5 5       0.751514E-01   0.234583E-01   vrat     0.412   0.123
  41  COVS A 5 6       0.155975E-01   0.381097E-01   corr     0.125   0.311
  42  COVS A 6 6       0.206230       0.122846       vrat     0.175   0.102

***** Estimates for RE  2   "NSEC"   *****************************************
      No. of levels          =      26
      Covariance structure   = IDE
      Order of fit           =       6
 Covariance matrix
   1    0.26714E-04
   2   -0.27774E-05  0.17014E-01
   3    0.14133E-03 -0.25766E-01  0.11154    
   4    0.17613E-04 -0.47555E-03 -0.74277E-03  0.66979E-04
   5    0.59074E-04  0.15913E-01 -0.14584E-01 -0.60112E-03  0.16725E-01
   6   -0.10485E-02 -0.75703E-02  0.51614E-01 -0.15042E-02 -0.57090E-02  0.88497E-01
 Eigenvalues of covariance matrix
 Value         0.16         0.05         0.02         0.00         0.00         0.00
   (%)        68.21        22.04         9.68         0.06         0.00         0.00
 Trace         0.23
 Matrix of correlations and variance ratios
   1      0.0217
   2     -0.0041    0.1216
   3      0.0819   -0.5915    0.0850
   4      0.4164   -0.4455   -0.2717    0.0586
   5      0.0884    0.9433   -0.3377   -0.5680    0.0917
   6     -0.6819   -0.1951    0.5195   -0.6178   -0.1484    0.0751
 Covariances & correlations with approximate sampling errors
  43  COVS B 1 1       0.267145E-04   0.629509E-04   vrat     0.022   0.051
  44  COVS B 1 2      -0.277744E-05   0.599758E-03   corr    -0.004   0.892
  45  COVS B 1 3       0.141327E-03   0.161230E-02   corr     0.082   0.922
  46  COVS B 1 4       0.176130E-04   0.592744E-04   corr     0.416   0.878
  47  COVS B 1 5       0.590738E-04   0.625158E-03   corr     0.088   0.923
  48  COVS B 1 6      -0.104854E-02   0.133336E-02   corr    -0.682  failed
  49  COVS B 2 2       0.170143E-01   0.106691E-01   vrat     0.122   0.069
  50  COVS B 2 3      -0.257661E-01   0.211894E-01   corr    -0.591   0.434
  51  COVS B 2 4      -0.475548E-03   0.650129E-03   corr    -0.445   0.651
  52  COVS B 2 5       0.159130E-01   0.914055E-02   corr     0.943   0.334
  53  COVS B 2 6      -0.757026E-02   0.171225E-01   corr    -0.195   0.451
  54  COVS B 3 3       0.111541       0.804745E-01   vrat     0.085   0.057
  55  COVS B 3 4      -0.742774E-03   0.179411E-02   corr    -0.272   0.654
  56  COVS B 3 5      -0.145840E-01   0.227842E-01   corr    -0.338   0.470
  57  COVS B 3 6       0.516143E-01   0.496076E-01   corr     0.520   0.409
  58  COVS B 4 4       0.669793E-04   0.789236E-04   vrat     0.059   0.066
  59  COVS B 4 5      -0.601123E-03   0.710581E-03   corr    -0.568   0.762
  60  COVS B 4 6      -0.150420E-02   0.150195E-02   corr    -0.618   0.681
  61  COVS B 5 5       0.167246E-01   0.121163E-01   vrat     0.092   0.062
  62  COVS B 5 6      -0.570898E-02   0.183645E-01   corr    -0.148   0.477
  63  COVS B 6 6       0.884971E-01   0.569888E-01   vrat     0.075   0.046

***** Estimates of phenotypic covariances  ***********************************
 Covariance matrix
   1    0.12316E-02
   2    0.25706E-02  0.13998    
   3    0.36287E-02 -0.46442E-01   1.3124    
   4    0.97099E-03  0.15001E-02  0.33258E-02  0.11437E-02
   5    0.49304E-03  0.64147E-01 -0.45349E-01  0.61643E-03  0.18230    
   6    0.40482E-02  0.71144E-01  0.77628E-01  0.67999E-03 -0.17213E-01   1.1791    
 Eigenvalues of covariance matrix
 Value         1.35         1.15         0.22         0.09         0.00         0.00
   (%)        47.95        40.85         7.95         3.17         0.07         0.01
 Trace         2.82
 Correlation matrix
   1      1.0000
   2      0.1958    1.0000
   3      0.0903   -0.1084    1.0000
   4      0.8181    0.1186    0.0858    1.0000
   5      0.0329    0.4016   -0.0927    0.0427    1.0000
   6      0.1062    0.1751    0.0624    0.0185   -0.0371    1.0000
 Covariances & correlations with approximate sampling errors
  64  COVS T 1 1       0.123162E-02   0.103541E-03
  65  COVS T 1 2       0.257060E-02   0.837276E-03   corr     0.196   0.059
  66  COVS T 1 3       0.362870E-02   0.234234E-02   corr     0.090   0.057
  67  COVS T 1 4       0.970992E-03   0.151367E-03   corr     0.818   0.085
  68  COVS T 1 5       0.493037E-03   0.142397E-02   corr     0.033   0.095
  69  COVS T 1 6       0.404824E-02   0.337541E-02   corr     0.106   0.088
  70  COVS T 2 2       0.139976       0.131997E-01
  71  COVS T 2 3      -0.464423E-01   0.266681E-01   corr    -0.108   0.060
  72  COVS T 2 4       0.150015E-02   0.137624E-02   corr     0.119   0.108
  73  COVS T 2 5       0.641468E-01   0.163810E-01   corr     0.402   0.088
  74  COVS T 2 6       0.711442E-01   0.364749E-01   corr     0.175   0.088
  75  COVS T 3 3        1.31242       0.106316    
  76  COVS T 3 4       0.332582E-02   0.375586E-02   corr     0.086   0.097
  77  COVS T 3 5      -0.453489E-01   0.406970E-01   corr    -0.093   0.082
  78  COVS T 3 6       0.776282E-01   0.951701E-01   corr     0.062   0.076
  79  COVS T 4 4       0.114370E-02   0.108505E-03
  80  COVS T 4 5       0.616428E-03   0.927552E-03   corr     0.043   0.064
  81  COVS T 4 6       0.679988E-03   0.214933E-02   corr     0.019   0.059
  82  COVS T 5 5       0.182300       0.155854E-01
  83  COVS T 5 6      -0.172133E-01   0.259945E-01   corr    -0.037   0.056
  84  COVS T 6 6        1.17914       0.889463E-01
  
======== end of file ============================27-06-2025==========13:35====
  
