======= Version 03-11-2023 ======================================= **KM** ====

        Program WOMBAT: Estimates of covariance components
==============================================================================

 bivariate WOMBAT analysis of DR from Rep1 CWT                              

 Analysis type          :   "MUV 2"
 Data file              :   "cwt1DR_dat.dat"
 Pedigree file          :   "ReducedPedFile.dat"
 Parameter file         :   "cwt1DR_par.par"
  
 No. of traits          =      2                   mDR                 fDR
 No. of records         =    904           508         396
 No. of parameters      =      9
   ... not estimated    =      1
 Maximum log L          =         -1512.496
 -1/2 AIC & AICC        =         -1520.496         -1520.577
 -1/2 BIC               =         -1539.688    "Penalty factor" =   3.399
  
 Operational zero used  =     0.00000001000
 Value for "small"      =     0.00010000000
 Limit: "small" pivots  =     0.00100000000
  
 Eigenvalues of AI matrix
    180.409        135.923        35.1367        13.0163        9.25818        6.77295        5.27485       0.495361E-05
   -0.00000    

 Parameter estimates with approx. sampling erors
   1   CHOL Z 1 1              3.75490          0.392571              
   2   CHOL Z 1 2              0.00000           1000.00      constant
   3   CHOL Z 2 2              1.74113          0.176551              
   4   CHOL A 1 1              1.19779          0.174979              
   5   CHOL A 1 2              1.64621          0.317073              
   6   CHOL A 2 2             -3.45388           449.303              
   7   CHOL B 1 1             0.731315          0.250493              
   8   CHOL B 1 2             0.922956          0.288940              
   9   CHOL B 2 2            -0.589279          0.446186              

 Convergence criteria for last 3 iterates
 Change in log likelihood    =    0.184586    0.295050    0.000349
 Change in parameter vector  =    0.046503    0.022934    0.001150
 Norm of gradient vector     =      9.9295      8.5867      0.1890
 Newton decrement            =     -1.0387     -0.5923     -0.0014

***** Estimates of residual covariances   ************************************
      Order of fit           =       2
 Covariance matrix
   1     3.0315    
   2     0.0000       14.099    
 Eigenvalues of covariance matrix
 Value        14.10         3.03
   (%)        82.30        17.70
 Trace        17.13
 Matrix of correlations and variance ratios
   1      0.4392
   2      0.0000    0.4797
 Covariances & correlations with approximate sampling errors
   1  COVS Z 1 1        3.03153       0.614796       vrat     0.439   0.098
   3  COVS Z 2 2        14.0993        2.94813       vrat     0.480   0.108

***** Estimates for RE  1   "ANIMAL"   ***************************************
      No. of levels          =    1146
      Covariance structure   = NRM
      Order of fit           =       2
 Covariance matrix
   1     2.7110    
   2     5.4536       10.975    
 Eigenvalues of covariance matrix
 Value        13.68         0.00
   (%)        99.99         0.01
 Trace        13.69
 Matrix of correlations and variance ratios
   1      0.3928
   2      0.9998    0.3734
 Covariances & correlations with approximate sampling errors
   4  COVS A 1 1        2.71101       0.826908       vrat     0.393   0.114
   5  COVS A 1 2        5.45356        1.33934       corr     1.000   0.166
   6  COVS A 2 2        10.9746        3.84066       vrat     0.373   0.124

***** Estimates for RE  2   "NSEC"   *****************************************
      No. of levels          =      28
      Covariance structure   = IDE
      Order of fit           =       2
 Covariance matrix
   1     1.1596    
   2     1.9177       4.3173    
 Eigenvalues of covariance matrix
 Value         5.22         0.25
   (%)        95.36         4.64
 Trace         5.48
 Matrix of correlations and variance ratios
   1      0.1680
   2      0.8571    0.1469
 Covariances & correlations with approximate sampling errors
   7  COVS B 1 1        1.15957       0.529757       vrat     0.168   0.066
   8  COVS B 1 2        1.91773       0.940299       corr     0.857   0.139
   9  COVS B 2 2        4.31730        2.16291       vrat     0.147   0.066

***** Estimates of phenotypic covariances  ***********************************
 Covariance matrix
   1     6.9021    
   2     7.3713       29.391    
 Eigenvalues of covariance matrix
 Value        31.59         4.70
   (%)        87.05        12.95
 Trace        36.29
 Correlation matrix
   1      1.0000
   2      0.5175    1.0000
 Covariances & correlations with approximate sampling errors
  10  COVS T 1 1        6.90211       0.625705    
  11  COVS T 1 2        7.37129        1.47119       corr     0.518   0.078
  12  COVS T 2 2        29.3912        2.71398    
  
======== end of file ============================24-10-2024==========17:53====
  
