======= Version 03-11-2023 ======================================= **KM** ====

        Program WOMBAT: Estimates of covariance components
==============================================================================

 WOMBAT analysis of  Rep2FLX male LA, null model                            

 Analysis type          :   "UNI"
 Data file              :   "flx2mLA_dat.dat"
 Pedigree file          :   "ReducedPedFile.dat"
 Parameter file         :   "flx2mLA_null.par"
  
 No. of traits          =      1                    LA
 No. of records         =    493           493
 No. of parameters      =      2
 Maximum log L          =          -783.163
 -1/2 AIC & AICC        =          -785.163          -785.175
 -1/2 BIC               =          -789.355    "Penalty factor" =   3.096
  
 Operational zero used  =     0.00000001000
 Value for "small"      =     0.00010000000
 Limit: "small" pivots  =     0.00100000000
  
 Eigenvalues of AI matrix
    112.887        20.3652    

 Parameter estimates with approx. sampling erors
   1   CHOL Z 1 1              2.88790          0.946289E-01          
   2   CHOL A 1 1             0.871244          0.221376              

 Convergence criteria for last 3 iterates
 Change in log likelihood    =    0.543720    0.001537    0.000003
 Change in parameter vector  =    0.030325    0.002178    0.000173
 Norm of gradient vector     =     11.7031      0.5510      0.0113
 Newton decrement            =     -1.0638     -0.0030     -0.0000

***** Estimates of residual covariances   ************************************
      Order of fit           =       1
 Covariance matrix
   1     8.3400    
 Matrix of correlations and variance ratios
   1      0.9166
 Covariances & correlations with approximate sampling errors
   1  COVS Z 1 1        8.33999       0.546558       vrat     0.917   0.040

***** Estimates for RE  1   "NSEC"   *****************************************
      No. of levels          =      26
      Covariance structure   = NRM
      Order of fit           =       1
 Covariance matrix
   1    0.75907    
 Matrix of correlations and variance ratios
   1      0.0834
 Covariances & correlations with approximate sampling errors
   2  COVS A 1 1       0.759067       0.385744       vrat     0.083   0.040

***** Estimates of phenotypic covariances  ***********************************
 Covariance matrix
   1     9.0991    
 Covariances & correlations with approximate sampling errors
   3  COVS T 1 1        9.09906       0.638718    
  
======== end of file ============================17-06-2025==========14:51====
  
