======= Version 03-11-2023 ======================================= **KM** ====

        Program WOMBAT: Estimates of covariance components
==============================================================================

 WOMBAT analysis of  Rep2FLX male LA                                        

 Analysis type          :   "UNI"
 Data file              :   "flx2mLA_dat.dat"
 Pedigree file          :   "ReducedPedFile.dat"
 Parameter file         :   "flx2mLA_par.par"
  
 No. of traits          =      1                    LA
 No. of records         =    493           493
 No. of parameters      =      3
 Maximum log L          =          -783.144
 -1/2 AIC & AICC        =          -786.144          -786.169
 -1/2 BIC               =          -792.433    "Penalty factor" =   3.096
  
 Operational zero used  =     0.00000001000
 Value for "small"      =     0.00010000000
 Limit: "small" pivots  =     0.00100000000
  
 Eigenvalues of AI matrix
    111.453        19.9481       0.142637    

 Parameter estimates with approx. sampling erors
   1   CHOL Z 1 1              2.86648          0.147181              
   2   CHOL A 1 1            -0.981288           2.64483              
   3   CHOL B 1 1             0.859467          0.230402              

 Convergence criteria for last 3 iterates
 Change in log likelihood    =    0.505356    0.001358    0.000004
 Change in parameter vector  =    0.034940    0.005417    0.000765
 Norm of gradient vector     =     11.1831      0.4998      0.0122
 Newton decrement            =     -0.9889     -0.0026     -0.0000

***** Estimates of residual covariances   ************************************
      Order of fit           =       1
 Covariance matrix
   1     8.2167    
 Matrix of correlations and variance ratios
   1      0.9033
 Covariances & correlations with approximate sampling errors
   1  COVS Z 1 1        8.21669       0.843780       vrat     0.903   0.081

***** Estimates for RE  1   "ANIMAL"   ***************************************
      No. of levels          =     722
      Covariance structure   = NRM
      Order of fit           =       1
 Covariance matrix
   1    0.14050    
 Matrix of correlations and variance ratios
   1      0.0154
 Covariances & correlations with approximate sampling errors
   2  COVS A 1 1       0.140496       0.743177       vrat     0.015   0.082

***** Estimates for RE  2   "NSEC"   *****************************************
      No. of levels          =      26
      Covariance structure   = IDE
      Order of fit           =       1
 Covariance matrix
   1    0.73868    
 Matrix of correlations and variance ratios
   1      0.0812
 Covariances & correlations with approximate sampling errors
   3  COVS B 1 1       0.738684       0.396046       vrat     0.081   0.041

***** Estimates of phenotypic covariances  ***********************************
 Covariance matrix
   1     9.0959    
 Covariances & correlations with approximate sampling errors
   4  COVS T 1 1        9.09587       0.638018    
  
======== end of file ============================17-06-2025==========14:48====
  
