======= Version 03-11-2023 ======================================= **KM** ====

        Program WOMBAT: Estimates of covariance components
==============================================================================

 bivariate WOMBAT analysis of LA from Rep2 CFM                              

 Analysis type          :   "MUV 2"
 Data file              :   "cfm2LA_dat.dat"
 Pedigree file          :   "ReducedPedFile.dat"
 Parameter file         :   "cfm2LA_par.par"
  
 No. of traits          =      2                   mLA                 fLA
 No. of records         =    953           506         447
 No. of parameters      =      9
   ... not estimated    =      1
 Maximum log L          =         -1474.100
 -1/2 AIC & AICC        =         -1482.100         -1482.176
 -1/2 BIC               =         -1501.505    "Penalty factor" =   3.426
  
 Operational zero used  =     0.00000001000
 Value for "small"      =     0.00010000000
 Limit: "small" pivots  =     0.00100000000
  
 Eigenvalues of AI matrix
    138.310        125.904        23.4419        17.1889        13.4489        9.06293        6.97316        2.08379    
   -0.00000    

 Parameter estimates with approx. sampling erors
   1   CHOL Z 1 1              2.15598          0.163625              
   2   CHOL Z 1 2              0.00000           1000.00      constant
   3   CHOL Z 2 2              2.74463          0.180141              
   4   CHOL A 1 1             0.466823          0.217165              
   5   CHOL A 1 2             0.899120          0.377786              
   6   CHOL A 2 2            -0.219878          0.650935              
   7   CHOL B 1 1             0.809471          0.223558              
   8   CHOL B 1 2             0.244025          0.362870              
   9   CHOL B 2 2             0.865070          0.263684              

 Convergence criteria for last 3 iterates
 Change in log likelihood    =    0.533526    0.001015    0.000003
 Change in parameter vector  =    0.030577    0.002044    0.000217
 Norm of gradient vector     =     11.7693      0.4476      0.0066
 Newton decrement            =     -1.0465     -0.0020     -0.0000

***** Estimates of residual covariances   ************************************
      Order of fit           =       2
 Covariance matrix
   1     7.5330    
   2     0.0000       4.6482    
 Eigenvalues of covariance matrix
 Value         7.53         4.65
   (%)        61.84        38.16
 Trace        12.18
 Matrix of correlations and variance ratios
   1      0.6921
   2      0.0000    0.6880
 Covariances & correlations with approximate sampling errors
   1  COVS Z 1 1        7.53301       0.988842       vrat     0.692   0.093
   3  COVS Z 2 2        4.64825       0.705544       vrat     0.688   0.107

***** Estimates for RE  1   "ANIMAL"   ***************************************
      No. of levels          =    1193
      Covariance structure   = NRM
      Order of fit           =       2
 Covariance matrix
   1     2.5438    
   2     1.4340       1.4526    
 Eigenvalues of covariance matrix
 Value         3.53         0.46
   (%)        88.39        11.61
 Trace         4.00
 Matrix of correlations and variance ratios
   1      0.2337
   2      0.7460    0.2150
 Covariances & correlations with approximate sampling errors
   4  COVS A 1 1        2.54377        1.10483       vrat     0.234   0.098
   5  COVS A 1 2        1.43402       0.638585       corr     0.746   0.305
   6  COVS A 2 2        1.45261       0.799420       vrat     0.215   0.115

***** Estimates for RE  2   "NSEC"   *****************************************
      No. of levels          =      27
      Covariance structure   = IDE
      Order of fit           =       2
 Covariance matrix
   1    0.80789    
   2    0.19753      0.65524    
 Eigenvalues of covariance matrix
 Value         0.94         0.52
   (%)        64.47        35.53
 Trace         1.46
 Matrix of correlations and variance ratios
   1      0.0742
   2      0.2715    0.0970
 Covariances & correlations with approximate sampling errors
   7  COVS B 1 1       0.807894       0.492821       vrat     0.074   0.043
   8  COVS B 1 2       0.197531       0.309800       corr     0.271   0.380
   9  COVS B 2 2       0.655244       0.361927       vrat     0.097   0.050

***** Estimates of phenotypic covariances  ***********************************
 Covariance matrix
   1     10.885    
   2     1.6316       6.7561    
 Eigenvalues of covariance matrix
 Value        11.45         6.19
   (%)        64.92        35.08
 Trace        17.64
 Correlation matrix
   1      1.0000
   2      0.1903    1.0000
 Covariances & correlations with approximate sampling errors
  10  COVS T 1 1        10.8847       0.782527    
  11  COVS T 1 2        1.63155       0.647555       corr     0.190   0.072
  12  COVS T 2 2        6.75610       0.527752    
  
======== end of file ============================26-06-2025==========14:03====
  
