======= Version 03-11-2023 ======================================= **KM** ====

        Program WOMBAT: Estimates of covariance components
==============================================================================

 WOMBAT analysis of  Rep1FLX male WS                                        

 Analysis type          :   "UNI"
 Data file              :   "flx1mWS_dat.dat"
 Pedigree file          :   "ReducedPedFile.dat"
 Parameter file         :   "flx1mWS_par.par"
  
 No. of traits          =      1                    WS
 No. of records         =    488           488
 No. of parameters      =      3
 Maximum log L          =          1246.059
 -1/2 AIC & AICC        =          1243.059          1243.034
 -1/2 BIC               =          1236.785    "Penalty factor" =   3.091
  
 Operational zero used  =     0.00000001000
 Value for "small"      =     0.00010000000
 Limit: "small" pivots  =     0.00100000000
  
 Eigenvalues of AI matrix
    379.023        24.0012        4.59844    

 Parameter estimates with approx. sampling erors
   1   CHOL Z 1 1             -3.45388          0.162156              
   2   CHOL A 1 1             -3.19433          0.134538              
   3   CHOL B 1 1             -3.45388          0.466232              

 Convergence criteria for last 3 iterates
 Change in log likelihood    =    0.188901    0.002346    0.000029
 Change in parameter vector  =    0.000562    0.000007    0.000000
 Norm of gradient vector     =     77.4438     76.5862     76.5754
 Newton decrement            =    -54.8800    -54.4493    -54.4440

***** Estimates of residual covariances   ************************************
      Order of fit           =       1
 Covariance matrix
   1    0.10000E-02
 Matrix of correlations and variance ratios
   1      0.2717
 Covariances & correlations with approximate sampling errors
   1  COVS Z 1 1       0.100000E-02   0.324313E-03   vrat     0.272   0.115

***** Estimates for RE  1   "ANIMAL"   ***************************************
      No. of levels          =     717
      Covariance structure   = NRM
      Order of fit           =       1
 Covariance matrix
   1    0.16805E-02
 Matrix of correlations and variance ratios
   1      0.4566
 Covariances & correlations with approximate sampling errors
   2  COVS A 1 1       0.168049E-02   0.452181E-03   vrat     0.457   0.159

***** Estimates for RE  2   "NSEC"   *****************************************
      No. of levels          =      26
      Covariance structure   = IDE
      Order of fit           =       1
 Covariance matrix
   1    0.10000E-02
 Matrix of correlations and variance ratios
   1      0.2717
 Covariances & correlations with approximate sampling errors
   3  COVS B 1 1       0.100000E-02   0.932465E-03   vrat     0.272   0.186

***** Estimates of phenotypic covariances  ***********************************
 Covariance matrix
   1    0.36805E-02
 Covariances & correlations with approximate sampling errors
   4  COVS T 1 1       0.368049E-02   0.949806E-03
  
======== end of file ============================11-06-2025==========17:33====
  
