======= Version 03-11-2023 ======================================= **KM** ====

        Program WOMBAT: Estimates of covariance components
==============================================================================

 WOMBAT analysis of all six traits together from Rep1 CWT,                  

 Analysis type          :   "MUV 6"
 Data file              :   "cwt1_dat.dat"
 Pedigree file          :   "ReducedPedFile.dat"
 Parameter file         :   "cwt1_par.par"
  
 No. of traits          =      6
 No. of records         =   2742      513  mWS                 
                                      513  mDR                 
                                      513  mLA                 
                                      401  fWS                 
                                      401  fDR                 
                                      401  fLA                 
 No. of parameters      =     63
   ... not estimated    =      9
 Maximum log L          =          2489.814
 -1/2 AIC & AICC        =          2435.814          2434.709
 -1/2 BIC               =          2276.307    "Penalty factor" =   3.954
  
 Operational zero used  =     0.00000001000
 Value for "small"      =     0.00010000000
 Limit: "small" pivots  =     0.00001000000
  
 Eigenvalues of AI matrix
    474527.        435127.        407265.        393135.        364170.        180978.        162451.        136532.    
    80463.0        61147.2        46178.3        40764.0        35063.9        27347.8        19646.5        16117.6    
    10268.4        4409.92        4016.48        2989.20        2428.08        2132.40        1867.64        1662.29    
    870.911        718.882        693.130        600.229        462.749        262.108        232.215        176.431    
    162.986        81.2354        71.8858        62.1340        58.3387        44.9687        24.6994        18.7207    
    17.7073        17.1277        13.3543        12.3796        11.0625        4.14908        1.73433       0.557708    
   0.218322       0.531553E-01   0.390118E-01   0.181132E-01   0.140856E-01   0.123116E-01   -0.00000       -0.00000    
   -0.00000       -0.00000       -0.00000       -0.00000       -0.00000       -0.00000       -0.00000    

 Parameter estimates with approx. sampling erors
   1   CHOL Z 1 1             0.100104          0.100187              
   2   CHOL Z 1 2              0.00000           1000.00              
   3   CHOL Z 1 3            -0.597912E-01      0.432592E-01          
   4   CHOL Z 1 4              0.00000           1000.00              
   5   CHOL Z 1 5            -0.329060E-02      0.393940E-02          
   6   CHOL Z 1 6              0.00000           1000.00              
   7   CHOL Z 2 2            -0.212827          0.683187E-01          
   8   CHOL Z 2 3              0.00000           1000.00              
   9   CHOL Z 2 4             0.450921E-01      0.325620E-01          
  10   CHOL Z 2 5              0.00000           1000.00              
  11   CHOL Z 2 6            -0.173759E-02      0.314951E-02          
  12   CHOL Z 3 3             -1.29721          0.126259              
  13   CHOL Z 3 4              0.00000           1000.00              
  14   CHOL Z 3 5             0.168119E-02      0.453998E-02          
  15   CHOL Z 3 6              0.00000           1000.00              
  16   CHOL Z 4 4             -1.34901          0.116086              
  17   CHOL Z 4 5              0.00000           1000.00              
  18   CHOL Z 4 6            -0.437782E-02      0.413172E-02          
  19   CHOL Z 5 5             -4.03803          0.247960              
  20   CHOL Z 5 6              0.00000           1000.00              
  21   CHOL Z 6 6             -4.12328          0.288840              
  22   CHOL A 1 1            -0.177638          0.214551              
  23   CHOL A 1 2             0.352421          0.136065              
  24   CHOL A 1 3             0.651790E-01      0.639544E-01          
  25   CHOL A 1 4             0.130329          0.675066E-01          
  26   CHOL A 1 5             0.102487E-01      0.662495E-02          
  27   CHOL A 1 6             0.112432E-01      0.681828E-02          
  28   CHOL A 2 2            -0.976251          0.397370              
  29   CHOL A 2 3            -0.186637          0.111788              
  30   CHOL A 2 4            -0.182715          0.118703              
  31   CHOL A 2 5             0.583836E-02      0.962886E-02          
  32   CHOL A 2 6             0.121304E-01      0.923116E-02          
  33   CHOL A 3 3             -1.68622          0.661916              
  34   CHOL A 3 4             0.130849          0.159565              
  35   CHOL A 3 5             0.115672E-01      0.144093E-01          
  36   CHOL A 3 6             0.198741E-01      0.205148E-01          
  37   CHOL A 4 4             -3.04958           4.89796              
  38   CHOL A 4 5             0.100160E-01      0.684567E-01          
  39   CHOL A 4 6             0.105791E-03      0.664540E-01          
  40   CHOL A 5 5             -3.58295          0.935129              
  41   CHOL A 5 6             0.163906E-01      0.254171E-01          
  42   CHOL A 6 6             -5.03837           8.76805              
  43   CHOL B 1 1             -1.80285          0.237434              
  44   CHOL B 1 2             0.496405E-01      0.135781              
  45   CHOL B 1 3             0.498750E-01      0.876019E-01          
  46   CHOL B 1 4            -0.191429E-02      0.524980E-02          
  47   CHOL B 1 5            -0.522289E-02      0.483116E-02          
  48   CHOL B 1 6             0.131756          0.462039E-01          
  49   CHOL B 2 2             -2.03085           2.33033              
  50   CHOL B 2 3             0.822365E-01      0.276550              
  51   CHOL B 2 4            -0.822647E-02      0.258601E-01          
  52   CHOL B 2 5            -0.804012E-02      0.246533E-01          
  53   CHOL B 2 6             0.169680E-01      0.123649              
  54   CHOL B 3 3             -2.16137           1.72023              
  55   CHOL B 3 4            -0.928689E-02      0.238300E-01          
  56   CHOL B 3 5            -0.334680E-02      0.270348E-01          
  57   CHOL B 3 6            -0.692937E-01      0.172372              
  58   CHOL B 4 4             -5.15951           5.19116              
  59   CHOL B 4 5             0.470842E-02      0.320013E-01          
  60   CHOL B 4 6             0.154575E-01      0.358344              
  61   CHOL B 5 5             -5.75646           8.28453              
  62   CHOL B 5 6            -0.292617E-01      0.387040              
  63   CHOL B 6 6             -3.49429           7.24606              

 Convergence criteria for last 3 iterates
 Change in log likelihood    =    0.010700    0.010212    0.009168
 Change in parameter vector  =    0.001961    0.001562    0.002023
 Norm of gradient vector     =     36.6706     36.1580     31.8661
 Newton decrement            =     -0.2621     -0.2199     -0.2072

***** Estimates of residual covariances   ************************************
      Order of fit           =       6
 Covariance matrix
   1    0.28435E-03
   2   -0.12144E-02  0.69372E-01
   3   -0.14045E-02  0.36448E-01  0.65334    
   4     0.0000       0.0000       0.0000      0.32455E-03
   5     0.0000       0.0000       0.0000      0.65621E-03  0.78264E-01
   6     0.0000       0.0000       0.0000     -0.36371E-02 -0.66086E-01   1.2217    
 Eigenvalues of covariance matrix
 Value         1.23         0.66         0.07         0.07         0.00         0.00
   (%)        60.57        32.40         3.68         3.32         0.02         0.01
 Trace         2.02
 Matrix of correlations and variance ratios
   1      0.1816
   2     -0.2734    0.4082
   3     -0.1030    0.1712    0.6936
   4      0.0000    0.0000    0.0000    0.2172
   5      0.0000    0.0000    0.0000    0.1302    0.4538
   6      0.0000    0.0000    0.0000   -0.1827   -0.2137    0.6290
 Covariances & correlations with approximate sampling errors
   1  COVS Z 1 1       0.284346E-03   0.144070E-03   vrat     0.182   0.098
   2  COVS Z 1 2      -0.121438E-02   0.103942E-02   corr    -0.273   0.251
   3  COVS Z 1 3      -0.140449E-02   0.252613E-02   corr    -0.103   0.194
   7  COVS Z 2 2       0.693716E-01   0.152222E-01   vrat     0.408   0.099
   8  COVS Z 2 3       0.364477E-01   0.261057E-01   corr     0.171   0.126
  12  COVS Z 3 3       0.653342       0.892710E-01   vrat     0.694   0.096
  16  COVS Z 4 4       0.324547E-03   0.152437E-03   vrat     0.217   0.109
  17  COVS Z 4 5       0.656207E-03   0.116722E-02   corr     0.130   0.221
  18  COVS Z 4 6      -0.363705E-02   0.428114E-02   corr    -0.183   0.230
  19  COVS Z 5 5       0.782640E-01   0.172579E-01   vrat     0.454   0.109
  20  COVS Z 5 6      -0.660863E-01   0.462026E-01   corr    -0.214   0.160
  21  COVS Z 6 6        1.22166       0.244788       vrat     0.629   0.131

***** Estimates for RE  1   "ANIMAL"   ***************************************
      No. of levels          =    1158
      Covariance structure   = NRM
      Order of fit           =       6
 Covariance matrix
   1    0.11457E-02
   2    0.17208E-02  0.73387E-01
   3    0.58113E-02 -0.47339E-01  0.26612    
   4    0.87255E-03  0.21499E-02  0.85321E-02  0.97925E-03
   5    0.22570E-02  0.66832E-01 -0.22902E-01  0.18544E-02  0.69737E-01
   6    0.85807E-02  0.54571E-01  0.29506      0.94133E-02  0.10912      0.70098    
 Eigenvalues of covariance matrix
 Value         0.86         0.22         0.03         0.00         0.00         0.00
   (%)        77.46        19.71         2.59         0.14         0.09         0.00
 Trace         1.11
 Matrix of correlations and variance ratios
   1      0.7319
   2      0.1877    0.4319
   3      0.3328   -0.3387    0.2825
   4      0.8238    0.2536    0.5285    0.6553
   5      0.2525    0.9342   -0.1681    0.2244    0.4043
   6      0.3028    0.2406    0.6832    0.3593    0.4935    0.3609
 Covariances & correlations with approximate sampling errors
  22  COVS A 1 1       0.114572E-02   0.227671E-03   vrat     0.732   0.122
  23  COVS A 1 2       0.172080E-02   0.154411E-02   corr     0.188   0.166
  24  COVS A 1 3       0.581129E-02   0.353663E-02   corr     0.333   0.188
  25  COVS A 1 4       0.872550E-03   0.178029E-03   corr     0.824   0.097
  26  COVS A 1 5       0.225704E-02   0.162064E-02   corr     0.253   0.176
  27  COVS A 1 6       0.858068E-02   0.573188E-02   corr     0.303   0.192
  28  COVS A 2 2       0.733873E-01   0.211044E-01   vrat     0.432   0.117
  29  COVS A 2 3      -0.473394E-01   0.336073E-01   corr    -0.339   0.238
  30  COVS A 2 4       0.214988E-02   0.152562E-02   corr     0.254   0.173
  31  COVS A 2 5       0.668317E-01   0.165615E-01   corr     0.934   0.160
  32  COVS A 2 6       0.545708E-01   0.545066E-01   corr     0.241   0.233
  33  COVS A 3 3       0.266119       0.103121       vrat     0.283   0.104
  34  COVS A 3 4       0.853214E-02   0.341335E-02   corr     0.529   0.190
  35  COVS A 3 5      -0.229021E-01   0.334370E-01   corr    -0.168   0.245
  36  COVS A 3 6       0.295063       0.121267       corr     0.683   0.249
  37  COVS A 4 4       0.979249E-03   0.230798E-03   vrat     0.655   0.136
  38  COVS A 4 5       0.185441E-02   0.167643E-02   corr     0.224   0.188
  39  COVS A 4 6       0.941334E-02   0.590035E-02   corr     0.359   0.211
  40  COVS A 5 5       0.697367E-01   0.231247E-01   vrat     0.404   0.126
  41  COVS A 5 6       0.109117       0.598184E-01   corr     0.494   0.241
  42  COVS A 6 6       0.700980       0.300792       vrat     0.361   0.147

***** Estimates for RE  2   "NSEC"   *****************************************
      No. of levels          =      28
      Covariance structure   = IDE
      Order of fit           =       6
 Covariance matrix
   1    0.13529E-03
   2   -0.86088E-03  0.27169E-01
   3   -0.13071E-02  0.82208E-02  0.22514E-01
   4    0.13427E-03 -0.31553E-03 -0.18415E-02  0.19058E-03
   5   -0.61241E-03  0.21717E-01 -0.13643E-04  0.34051E-03  0.24467E-01
   6   -0.13143E-02  0.81822E-02  0.13267E-01 -0.11745E-02  0.87670E-02  0.19684E-01
 Eigenvalues of covariance matrix
 Value         0.06         0.03         0.01         0.00         0.00         0.00
   (%)        59.03        29.76        10.26         0.89         0.06         0.00
 Trace         0.09
 Matrix of correlations and variance ratios
   1      0.0864
   2     -0.4490    0.1599
   3     -0.7490    0.3324    0.0239
   4      0.8362   -0.1387   -0.8890    0.1275
   5     -0.3366    0.8423   -0.0006    0.1577    0.1419
   6     -0.8054    0.3538    0.6302   -0.6064    0.3995    0.0101
 Covariances & correlations with approximate sampling errors
  43  COVS B 1 1       0.135292E-03   0.983906E-04   vrat     0.086   0.059
  44  COVS B 1 2      -0.860882E-03   0.815115E-03   corr    -0.449   0.411
  45  COVS B 1 3      -0.130713E-02   0.124746E-02   corr    -0.749   0.828
  46  COVS B 1 4       0.134269E-03   0.901647E-04   corr     0.836   0.232
  47  COVS B 1 5      -0.612413E-03   0.807266E-03   corr    -0.337   0.447
  48  COVS B 1 6      -0.131432E-02   0.197427E-02   corr    -0.805  failed
  49  COVS B 2 2       0.271685E-01   0.129015E-01   vrat     0.160   0.066
  50  COVS B 2 3       0.822084E-02   0.143482E-01   corr     0.332   0.628
  51  COVS B 2 4      -0.315531E-03   0.861412E-03   corr    -0.139   0.383
  52  COVS B 2 5       0.217172E-01   0.111539E-01   corr     0.842   0.159
  53  COVS B 2 6       0.818219E-02   0.227205E-01   corr     0.354  failed
  54  COVS B 3 3       0.225139E-01   0.313819E-01   vrat     0.024   0.033
  55  COVS B 3 4      -0.184154E-02   0.135548E-02   corr    -0.889   0.875
  56  COVS B 3 5      -0.136426E-04   0.143469E-01   corr    -0.001   0.611
  57  COVS B 3 6       0.132672E-01   0.376313E-01   corr     0.630  failed
  58  COVS B 4 4       0.190585E-03   0.115564E-03   vrat     0.128   0.070
  59  COVS B 4 5       0.340512E-03   0.874769E-03   corr     0.158   0.391
  60  COVS B 4 6      -0.117454E-02   0.214167E-02   corr    -0.606  failed
  61  COVS B 5 5       0.244667E-01   0.128261E-01   vrat     0.142   0.067
  62  COVS B 5 6       0.876705E-02   0.229560E-01   corr     0.399  failed
  63  COVS B 6 6       0.196839E-01   0.819117E-01   vrat     0.010   0.042

***** Estimates of phenotypic covariances  ***********************************
 Covariance matrix
   1    0.15654E-02
   2   -0.35446E-03  0.16993    
   3    0.30997E-02 -0.26709E-02  0.94198    
   4    0.10068E-02  0.18344E-02  0.66906E-02  0.14944E-02
   5    0.16446E-02  0.88549E-01 -0.22916E-01  0.28511E-02  0.17247    
   6    0.72664E-02  0.62753E-01  0.30833      0.46017E-02  0.51798E-01   1.9423    
 Eigenvalues of covariance matrix
 Value         2.03         0.86         0.25         0.08         0.00         0.00
   (%)        62.94        26.55         7.87         2.55         0.07         0.02
 Trace         3.23
 Correlation matrix
   1      1.0000
   2     -0.0217    1.0000
   3      0.0807   -0.0067    1.0000
   4      0.6583    0.1151    0.1783    1.0000
   5      0.1001    0.5172   -0.0569    0.1776    1.0000
   6      0.1318    0.1092    0.2279    0.0854    0.0895    1.0000
 Covariances & correlations with approximate sampling errors
  64  COVS T 1 1       0.156536E-02   0.136213E-03
  65  COVS T 1 2      -0.354464E-03   0.102614E-02   corr    -0.022   0.063
  66  COVS T 1 3       0.309968E-02   0.202064E-02   corr     0.081   0.052
  67  COVS T 1 4       0.100682E-02   0.182582E-03   corr     0.658   0.088
  68  COVS T 1 5       0.164463E-02   0.164628E-02   corr     0.100   0.100
  69  COVS T 1 6       0.726635E-02   0.551674E-02   corr     0.132   0.099
  70  COVS T 2 2       0.169927       0.153200E-01
  71  COVS T 2 3      -0.267088E-02   0.208180E-01   corr    -0.007   0.052
  72  COVS T 2 4       0.183435E-02   0.157687E-02   corr     0.115   0.099
  73  COVS T 2 5       0.885488E-01   0.178868E-01   corr     0.517   0.080
  74  COVS T 2 6       0.627530E-01   0.521220E-01   corr     0.109   0.090
  75  COVS T 3 3       0.941975       0.631295E-01
  76  COVS T 3 4       0.669061E-02   0.330903E-02   corr     0.178   0.087
  77  COVS T 3 5      -0.229157E-01   0.322145E-01   corr    -0.057   0.080
  78  COVS T 3 6       0.308330       0.112668       corr     0.228   0.079
  79  COVS T 4 4       0.149438E-02   0.146935E-03
  80  COVS T 4 5       0.285113E-02   0.110269E-02   corr     0.178   0.066
  81  COVS T 4 6       0.460175E-02   0.321734E-02   corr     0.085   0.059
  82  COVS T 5 5       0.172467       0.160498E-01
  83  COVS T 5 6       0.517979E-01   0.338240E-01   corr     0.089   0.057
  84  COVS T 6 6        1.94232       0.149504    
  
======== end of file ============================27-06-2025==========14:47====
  
