======= Version 03-11-2023 ======================================= **KM** ====

        Program WOMBAT: Estimates of covariance components
==============================================================================

 WOMBAT analysis of  Rep1CFM female LA, null model                          

 Analysis type          :   "UNI"
 Data file              :   "cfm1fLA_dat.dat"
 Pedigree file          :   "ReducedPedFile.dat"
 Parameter file         :   "cfm1fLA_null.par"
  
 No. of traits          =      1                    LA
 No. of records         =    454           454
 No. of parameters      =      2
 Maximum log L          =          -592.951
 -1/2 AIC & AICC        =          -594.951          -594.964
 -1/2 BIC               =          -599.060    "Penalty factor" =   3.055
  
 Operational zero used  =     0.00000001000
 Value for "small"      =     0.00010000000
 Limit: "small" pivots  =     0.00100000000
  
 Eigenvalues of AI matrix
    181.440        4.67873    

 Parameter estimates with approx. sampling erors
   1   CHOL Z 1 1              2.19833          0.750637E-01          
   2   CHOL A 1 1            -0.997188          0.462180              

 Convergence criteria for last 3 iterates
 Change in log likelihood    =    9.394522    0.272367    0.000329
 Change in parameter vector  =    0.127753    0.025799    0.000869
 Norm of gradient vector     =     74.4312     10.3044      0.3452
 Newton decrement            =    -17.6858     -0.5366     -0.0007

***** Estimates of residual covariances   ************************************
      Order of fit           =       1
 Covariance matrix
   1     4.8327    
 Matrix of correlations and variance ratios
   1      0.9726
 Covariances & correlations with approximate sampling errors
   1  COVS Z 1 1        4.83265       0.330029       vrat     0.973   0.025

***** Estimates for RE  1   "NSEC"   *****************************************
      No. of levels          =      27
      Covariance structure   = NRM
      Order of fit           =       1
 Covariance matrix
   1    0.13610    
 Matrix of correlations and variance ratios
   1      0.0274
 Covariances & correlations with approximate sampling errors
   2  COVS A 1 1       0.136098       0.125804       vrat     0.027   0.025

***** Estimates of phenotypic covariances  ***********************************
 Covariance matrix
   1     4.9688    
 Covariances & correlations with approximate sampling errors
   3  COVS T 1 1        4.96875       0.335608    
  
======== end of file ============================12-06-2025==========11:30====
  
