======= Version 03-11-2023 ======================================= **KM** ====

        Program WOMBAT: Estimates of covariance components
==============================================================================

 bivariate WOMBAT analysis of WS from Rep2 FLX null model                   

 Analysis type          :   "MUV 2"
 Data file              :   "flx2WS_dat.dat"
 Pedigree file          :   "ReducedPedFile.dat"
 Parameter file         :   "flx2WS_null.par"
  
 No. of traits          =      2                   mWS                 fWS
 No. of records         =    954           493         461
 No. of parameters      =      8
   ... not estimated    =      1
 Maximum log L          =          2360.541
 -1/2 AIC & AICC        =          2353.541          2353.482
 -1/2 BIC               =          2336.558    "Penalty factor" =   3.426
  
 Operational zero used  =     0.00000001000
 Value for "small"      =     0.00010000000
 Limit: "small" pivots  =     0.00001000000
  
 Eigenvalues of AI matrix
    9158.06        673.087        99.2033        86.7192        5.37901        5.06905       -0.00000      -0.559648E-16

 Parameter estimates with approx. sampling erors
   1   CHOL Z 1 1             -3.61154          0.107457              
   2   CHOL Z 1 2              0.00000           1000.00      constant
   3   CHOL Z 2 2             -4.01984          0.434605              
   4   CHOL A 1 1             -3.04834          0.990687E-01          
   5   CHOL A 2 2             -2.98677           39.2379              
   6   CHOL B 1 1             -3.93560          0.428239              
   7   CHOL B 1 2             0.161340E-01      0.125541E-01          
   8   CHOL B 2 2             -4.60544           999.230              

 Convergence criteria for last 3 iterates
 Change in log likelihood    =************    0.407839    0.000962
 Change in parameter vector  =    1.020883    0.026307    0.000591
 Norm of gradient vector     =      0.0000     98.8727    222.7363
 Newton decrement            =      0.0000    -54.5931    -50.4383

***** Estimates of residual covariances   ************************************
      Order of fit           =       2
 Covariance matrix
   1    0.32241E-03
   2     0.0000      0.72955E-03
 Eigenvalues of covariance matrix
 Value         0.00         0.00
   (%)        69.35        30.65
 Trace         0.00
 Matrix of correlations and variance ratios
   1      0.1099
   2      0.0000    0.1995
 Covariances & correlations with approximate sampling errors
   1  COVS Z 1 1       0.322410E-03   0.280243E-03   vrat     0.110   0.100
   3  COVS Z 2 2       0.729554E-03   0.357344E-03   vrat     0.200   0.105

***** Estimates for RE  1   "ANIMAL"   ***************************************
      No. of levels          =    1189
      Covariance structure   = NRM
      Order of fit           =       2
 Variance components
   1    0.22503E-02
   2    0.25452E-02
 Variance ratios
   1      0.7672
   2      0.6961
 Covariances & correlations with approximate sampling errors
   4  COVS A 1 1       0.225032E-02   0.445873E-03   vrat     0.767   0.167
   5  COVS A 2 2       0.254522E-02   0.554038E-03   vrat     0.696   0.136

***** Estimates for RE  2   "NSEC"   *****************************************
      No. of levels          =      26
      Covariance structure   = IDE
      Order of fit           =       2
 Covariance matrix
   1    0.36025E-03
   2    0.31516E-03  0.38158E-03
 Eigenvalues of covariance matrix
 Value         0.00         0.00
   (%)        92.51         7.49
 Trace         0.00
 Matrix of correlations and variance ratios
   1      0.1228
   2      0.8500    0.1044
 Covariances & correlations with approximate sampling errors
   6  COVS B 1 1       0.360252E-03   0.452255E-03   vrat     0.123   0.136
   7  COVS B 1 2       0.315161E-03   0.266437E-03   corr     0.850   0.734
   8  COVS B 2 2       0.381576E-03   0.331518E-03   vrat     0.104   0.083

***** Estimates of phenotypic covariances  ***********************************
 Covariance matrix
   1    0.29330E-02
   2    0.31516E-03  0.36563E-02
 Eigenvalues of covariance matrix
 Value         0.00         0.00
   (%)        57.28        42.72
 Trace         0.01
 Correlation matrix
   1      1.0000
   2      0.0962    1.0000
 Covariances & correlations with approximate sampling errors
   9  COVS T 1 1       0.293298E-02   0.482190E-03
  10  COVS T 1 2       0.315161E-03   0.266437E-03   corr     0.096   0.078
  11  COVS T 2 2       0.365635E-02   0.398508E-03
  
======== end of file ============================25-06-2025==========17:27====
  
