======= Version 03-11-2023 ======================================= **KM** ====

        Program WOMBAT: Estimates of covariance components
==============================================================================

 bivariate WOMBAT analysis of LA from Rep2 CWT                              

 Analysis type          :   "MUV 2"
 Data file              :   "cwt2LA_dat.dat"
 Pedigree file          :   "ReducedPedFile.dat"
 Parameter file         :   "cwt2LA_par.par"
  
 No. of traits          =      2                   mLA                 fLA
 No. of records         =    950           499         451
 No. of parameters      =      9
   ... not estimated    =      1
 Maximum log L          =         -1170.495
 -1/2 AIC & AICC        =         -1178.495         -1178.571
 -1/2 BIC               =         -1197.887    "Penalty factor" =   3.424
  
 Operational zero used  =     0.00000001000
 Value for "small"      =     0.00010000000
 Limit: "small" pivots  =     0.00100000000
  
 Eigenvalues of AI matrix
    656.308        600.513        46.4777        29.5153        25.5578        13.4975       0.527931       0.243976E-04
   -0.00000    

 Parameter estimates with approx. sampling erors
   1   CHOL Z 1 1             0.629852          0.763444E-01          
   2   CHOL Z 1 2              0.00000           1000.00      constant
   3   CHOL Z 2 2             0.510437          0.645384E-01          
   4   CHOL A 1 1             0.274047          0.190439              
   5   CHOL A 1 2             0.816067          0.246045              
   6   CHOL A 2 2             -3.45388           202.453              
   7   CHOL B 1 1            -0.266431          0.229472              
   8   CHOL B 1 2             0.436204          0.206246              
   9   CHOL B 2 2             -1.45760           1.44473              

 Convergence criteria for last 3 iterates
 Change in log likelihood    =    0.020143    0.000714    0.000000
 Change in parameter vector  =    0.258330    0.002180    0.000198
 Norm of gradient vector     =      4.8261      0.8907      0.0201
 Newton decrement            =     -0.0430     -0.0015     -0.0000

***** Estimates of residual covariances   ************************************
      Order of fit           =       2
 Covariance matrix
   1     3.5244    
   2     0.0000       2.7756    
 Eigenvalues of covariance matrix
 Value         3.52         2.78
   (%)        55.94        44.06
 Trace         6.30
 Matrix of correlations and variance ratios
   1      0.6409
   2      0.0000    0.6888
 Covariances & correlations with approximate sampling errors
   1  COVS Z 1 1        3.52438       0.538133       vrat     0.641   0.100
   3  COVS Z 2 2        2.77562       0.358268       vrat     0.689   0.093

***** Estimates for RE  1   "ANIMAL"   ***************************************
      No. of levels          =    1188
      Covariance structure   = NRM
      Order of fit           =       2
 Covariance matrix
   1     1.7300    
   2     1.0734      0.66697    
 Eigenvalues of covariance matrix
 Value         2.40         0.00
   (%)        99.97         0.03
 Trace         2.40
 Matrix of correlations and variance ratios
   1      0.3146
   2      0.9993    0.1655
 Covariances & correlations with approximate sampling errors
   4  COVS A 1 1        1.72995       0.658901       vrat     0.315   0.115
   5  COVS A 1 2        1.07335       0.360916       corr     0.999   0.304
   6  COVS A 2 2       0.666965       0.381841       vrat     0.166   0.094

***** Estimates for RE  2   "NSEC"   *****************************************
      No. of levels          =      26
      Covariance structure   = IDE
      Order of fit           =       2
 Covariance matrix
   1    0.24447    
   2    0.33418      0.58692    
 Eigenvalues of covariance matrix
 Value         0.79         0.04
   (%)        95.16         4.84
 Trace         0.83
 Matrix of correlations and variance ratios
   1      0.0445
   2      0.8822    0.1457
 Covariances & correlations with approximate sampling errors
   7  COVS B 1 1       0.244467       0.239371       vrat     0.044   0.043
   8  COVS B 1 2       0.334179       0.204619       corr     0.882   0.297
   9  COVS B 2 2       0.586923       0.269365       vrat     0.146   0.059

***** Estimates of phenotypic covariances  ***********************************
 Covariance matrix
   1     5.4988    
   2     1.4075       4.0295    
 Eigenvalues of covariance matrix
 Value         6.35         3.18
   (%)        66.66        33.34
 Trace         9.53
 Correlation matrix
   1      1.0000
   2      0.2990    1.0000
 Covariances & correlations with approximate sampling errors
  10  COVS T 1 1        5.49880       0.384986    
  11  COVS T 1 2        1.40753       0.364913       corr     0.299   0.069
  12  COVS T 2 2        4.02951       0.342889    
  
======== end of file ============================26-06-2025==========15:00====
  
