======= Version 03-11-2023 ======================================= **KM** ====

        Program WOMBAT: Estimates of covariance components
==============================================================================

 bivariate WOMBAT analysis of LA from Rep1 FLX, null model                  

 Analysis type          :   "MUV 2"
 Data file              :   "flx1LA_dat.dat"
 Pedigree file          :   "ReducedPedFile.dat"
 Parameter file         :   "flx1LA_null.par"
  
 No. of traits          =      2                   mLA                 fLA
 No. of records         =    945           488         457
 No. of parameters      =      8
   ... not estimated    =      1
 Maximum log L          =         -1447.191
 -1/2 AIC & AICC        =         -1454.191         -1454.251
 -1/2 BIC               =         -1471.141    "Penalty factor" =   3.421
  
 Operational zero used  =     0.00000001000
 Value for "small"      =     0.00010000000
 Limit: "small" pivots  =     0.00100000000
  
 Eigenvalues of AI matrix
    178.846        128.907        44.4172        16.7508        10.5952        4.28861       0.216221E-14   -0.00000    

 Parameter estimates with approx. sampling erors
   1   CHOL Z 1 1              2.60229          0.886212E-01          
   2   CHOL Z 1 2              0.00000           1000.00      constant
   3   CHOL Z 2 2              2.34268          0.195614              
   4   CHOL A 1 1             0.583005          0.176315              
   5   CHOL A 2 2             -2.73433           999.971              
   6   CHOL B 1 1             0.778415          0.205505              
   7   CHOL B 1 2             0.405438          0.311769              
   8   CHOL B 2 2             0.554155           7.62287              

 Convergence criteria for last 3 iterates
 Change in log likelihood    =    0.147406    0.006602    0.000408
 Change in parameter vector  =    0.021306    0.007051    0.001757
 Norm of gradient vector     =      4.8808      0.5475      0.1202
 Newton decrement            =     -0.2860     -0.0112     -0.0007

***** Estimates of residual covariances   ************************************
      Order of fit           =       2
 Covariance matrix
   1     5.4881    
   2     0.0000       6.7719    
 Eigenvalues of covariance matrix
 Value         6.77         5.49
   (%)        55.24        44.76
 Trace        12.26
 Matrix of correlations and variance ratios
   1      0.5986
   2      0.0000    0.9173
 Covariances & correlations with approximate sampling errors
   1  COVS Z 1 1        5.48815       0.916524       vrat     0.599   0.105
   3  COVS Z 2 2        6.77191       0.712672       vrat     0.917   0.079

***** Estimates for RE  1   "ANIMAL"   ***************************************
      No. of levels          =    1185
      Covariance structure   = NRM
      Order of fit           =       2
 Variance components
   1     3.2092    
   2    0.42169E-02
 Variance ratios
   1      0.3500
   2      0.0006
 Covariances & correlations with approximate sampling errors
   4  COVS A 1 1        3.20916        1.13165       vrat     0.350   0.117
   5  COVS A 2 2       0.421686E-02   0.538253       vrat     0.001   0.073

***** Estimates for RE  2   "NSEC"   *****************************************
      No. of levels          =      26
      Covariance structure   = IDE
      Order of fit           =       2
 Covariance matrix
   1    0.47147    
   2    0.31560      0.60593    
 Eigenvalues of covariance matrix
 Value         0.86         0.22
   (%)        79.95        20.05
 Trace         1.08
 Matrix of correlations and variance ratios
   1      0.0514
   2      0.5905    0.0821
 Covariances & correlations with approximate sampling errors
   6  COVS B 1 1       0.471468       0.438341       vrat     0.051   0.046
   7  COVS B 1 2       0.315599       0.267334       corr     0.590   0.408
   8  COVS B 2 2       0.605930       0.323201       vrat     0.082   0.041

***** Estimates of phenotypic covariances  ***********************************
 Covariance matrix
   1     9.1688    
   2    0.31560       7.3821    
 Eigenvalues of covariance matrix
 Value         9.22         7.33
   (%)        55.72        44.28
 Trace        16.55
 Correlation matrix
   1      1.0000
   2      0.0384    1.0000
 Covariances & correlations with approximate sampling errors
   9  COVS T 1 1        9.16878       0.673716    
  10  COVS T 1 2       0.315599       0.267334       corr     0.038   0.032
  11  COVS T 2 2        7.38206       0.539130    
  
======== end of file ============================23-06-2025==========16:26====
  
