======= Version 03-11-2023 ======================================= **KM** ====

        Program WOMBAT: Estimates of covariance components
==============================================================================

 WOMBAT analysis of  Rep1FLX male DR, null model                            

 Analysis type          :   "UNI"
 Data file              :   "flx1mDR_datnull.dat"
 Pedigree file          :   "ReducedPedFile.dat"
 Parameter file         :   "flx1mDR_null.par"
  
 No. of traits          =      1                    DR
 No. of records         =    488           488
 No. of parameters      =      2
 Maximum log L          =          -576.047
 -1/2 AIC & AICC        =          -578.047          -578.059
 -1/2 BIC               =          -582.229    "Penalty factor" =   3.091
  
 Operational zero used  =     0.00000001000
 Value for "small"      =     0.00010000000
 Limit: "small" pivots  =     0.00100000000
  
 Eigenvalues of AI matrix
    260.588        34.0249    

 Parameter estimates with approx. sampling erors
   1   CHOL Z 1 1              1.88624          0.620135E-01          
   2   CHOL A 1 1             0.896416          0.171412              

 Convergence criteria for last 3 iterates
 Change in log likelihood    =    5.919399    0.116493    0.000060
 Change in parameter vector  =    0.080909    0.013873    0.000326
 Norm of gradient vector     =     67.4313      7.9982      0.1771
 Newton decrement            =    -11.2527     -0.2308     -0.0001

***** Estimates of residual covariances   ************************************
      Order of fit           =       1
 Covariance matrix
   1     3.5579    
 Matrix of correlations and variance ratios
   1      0.8158
 Covariances & correlations with approximate sampling errors
   1  COVS Z 1 1        3.55792       0.233945       vrat     0.816   0.059

***** Estimates for RE  1   "NSEC"   *****************************************
      No. of levels          =      26
      Covariance structure   = NRM
      Order of fit           =       1
 Covariance matrix
   1    0.80356    
 Matrix of correlations and variance ratios
   1      0.1842
 Covariances & correlations with approximate sampling errors
   2  COVS A 1 1       0.803562       0.307313       vrat     0.184   0.059

***** Estimates of phenotypic covariances  ***********************************
 Covariance matrix
   1     4.3615    
 Covariances & correlations with approximate sampling errors
   3  COVS T 1 1        4.36148       0.378135    
  
======== end of file ============================11-06-2025==========18:11====
  
