======= Version 03-11-2023 ======================================= **KM** ====

        Program WOMBAT: Estimates of covariance components
==============================================================================

 WOMBAT analysis of all six traits together from Rep2 FLX,                  

 Analysis type          :   "MUV 6"
 Data file              :   "flx2_dat.dat"
 Pedigree file          :   "ReducedPedFile.dat"
 Parameter file         :   "flx2_par.par"
  
 No. of traits          =      6
 No. of records         =   2862      493  mWS                 
                                      493  mDR                 
                                      493  mLA                 
                                      461  fWS                 
                                      461  fDR                 
                                      461  fLA                 
 No. of parameters      =     63
   ... not estimated    =      9
 Maximum log L          =          2581.069
 -1/2 AIC & AICC        =          2527.069          2526.011
 -1/2 BIC               =          2366.395    "Penalty factor" =   3.975
  
 Operational zero used  =     0.00000001000
 Value for "small"      =     0.00010000000
 Limit: "small" pivots  =     0.00001000000
  
 Eigenvalues of AI matrix
    512109.        476449.        435400.        402624.        344264.        134799.        131778.        113891.    
    86953.5        57650.9        53062.3        49863.2        42165.0        35745.7        32232.2        21669.7    
    16180.1        10737.8        6190.06        5224.19        5063.59        3374.16        3162.79        2946.56    
    2712.45        1002.20        884.204        723.930        711.614        684.172        596.707        304.724    
    199.255        189.180        147.120        112.970        102.221        72.5454        48.1410        29.8105    
    18.1250        16.1147        13.6839        9.91628        8.43347        6.78865        5.62664        3.98213    
    3.51777        1.03617       0.559241       0.162855       0.586365E-01   0.519603E-01   -0.00000       -0.00000    
   -0.00000       -0.00000       -0.00000       -0.00000       -0.00000       -0.00000       -0.00000    

 Parameter estimates with approx. sampling erors
   1   CHOL Z 1 1             0.272142          0.593319E-01          
   2   CHOL Z 1 2              0.00000           1000.00              
   3   CHOL Z 1 3             0.176870E-01      0.304913E-01          
   4   CHOL Z 1 4              0.00000           1000.00              
   5   CHOL Z 1 5            -0.277407E-02      0.293512E-02          
   6   CHOL Z 1 6              0.00000           1000.00              
   7   CHOL Z 2 2            -0.107054E-01      0.529781E-01          
   8   CHOL Z 2 3              0.00000           1000.00              
   9   CHOL Z 2 4            -0.363218E-02      0.234132E-01          
  10   CHOL Z 2 5              0.00000           1000.00              
  11   CHOL Z 2 6             0.432782E-02      0.271819E-02          
  12   CHOL Z 3 3             -1.22199          0.911314E-01          
  13   CHOL Z 3 4              0.00000           1000.00              
  14   CHOL Z 3 5             0.250240E-02      0.369871E-02          
  15   CHOL Z 3 6              0.00000           1000.00              
  16   CHOL Z 4 4             -1.36116          0.794226E-01          
  17   CHOL Z 4 5              0.00000           1000.00              
  18   CHOL Z 4 6             0.501536E-02      0.339985E-02          
  19   CHOL Z 5 5             -4.07057          0.261255              
  20   CHOL Z 5 6              0.00000           1000.00              
  21   CHOL Z 6 6             -4.43206          0.528612              
  22   CHOL A 1 1            -0.651500          0.373333              
  23   CHOL A 1 2             0.684972E-01      0.177194              
  24   CHOL A 1 3            -0.985401E-01      0.887942E-01          
  25   CHOL A 1 4            -0.103963          0.697528E-01          
  26   CHOL A 1 5             0.679694E-02      0.948362E-02          
  27   CHOL A 1 6             0.124058E-01      0.967535E-02          
  28   CHOL A 2 2             -1.67452           1.37180              
  29   CHOL A 2 3            -0.812073E-01      0.188041              
  30   CHOL A 2 4            -0.386553E-02      0.154731              
  31   CHOL A 2 5            -0.110023E-01      0.254483E-01          
  32   CHOL A 2 6            -0.602119E-02      0.218999E-01          
  33   CHOL A 3 3             -1.56900          0.408912              
  34   CHOL A 3 4             0.136905          0.796310E-01          
  35   CHOL A 3 5            -0.275204E-02      0.177928E-01          
  36   CHOL A 3 6             0.716215E-02      0.129105E-01          
  37   CHOL A 4 4             -2.66288           2.16738              
  38   CHOL A 4 5             0.552931E-02      0.513165E-01          
  39   CHOL A 4 6            -0.343919E-02      0.281532E-01          
  40   CHOL A 5 5             -3.45155          0.557240              
  41   CHOL A 5 6             0.248512E-01      0.153466E-01          
  42   CHOL A 6 6             -4.13485           1.42831              
  43   CHOL B 1 1             -1.21901          0.417816              
  44   CHOL B 1 2             0.366322E-01      0.143054              
  45   CHOL B 1 3             0.683559E-01      0.811102E-01          
  46   CHOL B 1 4             0.968380E-01      0.744491E-01          
  47   CHOL B 1 5            -0.116665E-02      0.577023E-02          
  48   CHOL B 1 6             0.189089E-02      0.607387E-02          
  49   CHOL B 2 2             -1.21971          0.278650              
  50   CHOL B 2 3             0.775033E-02      0.700496E-01          
  51   CHOL B 2 4            -0.255399E-02      0.686879E-01          
  52   CHOL B 2 5             0.134556E-02      0.486201E-02          
  53   CHOL B 2 6             0.167310E-02      0.523754E-02          
  54   CHOL B 3 3             -1.63294          0.230766              
  55   CHOL B 3 4             0.882420E-01      0.590295E-01          
  56   CHOL B 3 5            -0.389819E-02      0.415502E-02          
  57   CHOL B 3 6            -0.277103E-02      0.440018E-02          
  58   CHOL B 4 4             -2.27320          0.478169              
  59   CHOL B 4 5            -0.459513E-02      0.604497E-02          
  60   CHOL B 4 6            -0.128672E-03      0.663277E-02          
  61   CHOL B 5 5             -5.73823           4.12806              
  62   CHOL B 5 6             0.147672E-02      0.187048E-01          
  63   CHOL B 6 6             -5.75646           4.38608              

 Convergence criteria for last 3 iterates
 Change in log likelihood    =    0.001082    0.003729    0.000795
 Change in parameter vector  =    0.000961    0.000513    0.000871
 Norm of gradient vector     =     42.5111     45.5758     40.0692
 Newton decrement            =     -0.8519     -1.0402     -0.8533

***** Estimates of residual covariances   ************************************
      Order of fit           =       6
 Covariance matrix
   1    0.18526E-03
   2    0.12700E-02  0.65735E-01
   3    0.42817E-02 -0.35935E-02  0.97882    
   4     0.0000       0.0000       0.0000      0.30526E-03
   5     0.0000       0.0000       0.0000      0.68825E-03  0.87128E-01
   6     0.0000       0.0000       0.0000     -0.36417E-02  0.23219E-01   1.7234    
 Eigenvalues of covariance matrix
 Value         1.72         0.98         0.09         0.07         0.00         0.00
   (%)        60.36        34.28         3.04         2.30         0.01         0.00
 Trace         2.86
 Matrix of correlations and variance ratios
   1      0.1303
   2      0.3639    0.4595
   3      0.3180   -0.0142    0.8841
   4      0.0000    0.0000    0.0000    0.2060
   5      0.0000    0.0000    0.0000    0.1335    0.4991
   6      0.0000    0.0000    0.0000   -0.1588    0.0599    0.8276
 Covariances & correlations with approximate sampling errors
   1  COVS Z 1 1       0.185256E-03   0.147988E-03   vrat     0.130   0.109
   2  COVS Z 1 2       0.127003E-02   0.874112E-03   corr     0.364   0.281
   3  COVS Z 1 3       0.428174E-02   0.270322E-02   corr     0.318   0.227
   7  COVS Z 2 2       0.657349E-01   0.104450E-01   vrat     0.459   0.089
   8  COVS Z 2 3      -0.359351E-02   0.231707E-01   corr    -0.014   0.091
  12  COVS Z 3 3       0.978817       0.103712       vrat     0.884   0.084
  16  COVS Z 4 4       0.305264E-03   0.149930E-03   vrat     0.206   0.108
  17  COVS Z 4 5       0.688250E-03   0.108002E-02   corr     0.133   0.208
  18  COVS Z 4 6      -0.364173E-02   0.382498E-02   corr    -0.159   0.177
  19  COVS Z 5 5       0.871277E-01   0.157102E-01   vrat     0.499   0.098
  20  COVS Z 5 6       0.232191E-01   0.399156E-01   corr     0.060   0.104
  21  COVS Z 6 6        1.72338       0.204502       vrat     0.828   0.091

***** Estimates for RE  1   "ANIMAL"   ***************************************
      No. of levels          =    1189
      Covariance structure   = NRM
      Order of fit           =       6
 Covariance matrix
   1    0.12101E-02
   2   -0.65522E-03  0.34431E-01
   3   -0.15962E-02 -0.78456E-02  0.39810E-01
   4    0.89954E-03 -0.52581E-03 -0.27860E-03  0.11270E-02
   5   -0.34943E-03  0.39069E-01 -0.21968E-01  0.75804E-03  0.59675E-01
   6    0.35430E-02 -0.54192E-01  0.35705E-01  0.64667E-02 -0.51365E-01  0.27172    
 Eigenvalues of covariance matrix
 Value         0.30         0.07         0.03         0.00         0.00         0.00
   (%)        74.63        16.16         7.97         0.78         0.42         0.04
 Trace         0.41
 Matrix of correlations and variance ratios
   1      0.8512
   2     -0.1015    0.2407
   3     -0.2300   -0.2119    0.0360
   4      0.7703   -0.0844   -0.0416    0.7604
   5     -0.0411    0.8619   -0.4507    0.0924    0.3418
   6      0.1954   -0.5603    0.3433    0.3695   -0.4034    0.1305
 Covariances & correlations with approximate sampling errors
  22  COVS A 1 1       0.121006E-02   0.235376E-03   vrat     0.851   0.137
  23  COVS A 1 2      -0.655215E-03   0.124560E-02   corr    -0.102   0.194
  24  COVS A 1 3      -0.159625E-02   0.353556E-02   corr    -0.230   0.586
  25  COVS A 1 4       0.899538E-03   0.180850E-03   corr     0.770   0.092
  26  COVS A 1 5      -0.349426E-03   0.148533E-02   corr    -0.041   0.175
  27  COVS A 1 6       0.354299E-02   0.491027E-02   corr     0.195   0.272
  28  COVS A 2 2       0.344307E-01   0.126758E-01   vrat     0.241   0.088
  29  COVS A 2 3      -0.784558E-02   0.248367E-01   corr    -0.212   0.700
  30  COVS A 2 4      -0.525814E-03   0.118845E-02   corr    -0.084   0.189
  31  COVS A 2 5       0.390694E-01   0.112145E-01   corr     0.862   0.208
  32  COVS A 2 6      -0.541921E-01   0.344232E-01   corr    -0.560   0.372
  33  COVS A 3 3       0.398101E-01   0.954579E-01   vrat     0.036   0.086
  34  COVS A 3 4      -0.278598E-03   0.330711E-02   corr    -0.042   0.499
  35  COVS A 3 5      -0.219679E-01   0.290592E-01   corr    -0.451   0.743
  36  COVS A 3 6       0.357051E-01   0.926097E-01   corr     0.343   0.945
  37  COVS A 4 4       0.112703E-02   0.233428E-03   vrat     0.760   0.128
  38  COVS A 4 5       0.758041E-03   0.153070E-02   corr     0.092   0.185
  39  COVS A 4 6       0.646669E-02   0.501574E-02   corr     0.370   0.284
  40  COVS A 5 5       0.596746E-01   0.197784E-01   vrat     0.342   0.109
  41  COVS A 5 6      -0.513653E-01   0.453467E-01   corr    -0.403   0.360
  42  COVS A 6 6       0.271715       0.202880       vrat     0.130   0.096

***** Estimates for RE  2   "NSEC"   *****************************************
      No. of levels          =      26
      Covariance structure   = IDE
      Order of fit           =       6
 Covariance matrix
   1    0.26251E-04
   2   -0.39911E-03  0.42896E-01
   3    0.56336E-03  0.47928E-02  0.88553E-01
   4    0.16194E-04 -0.83085E-03  0.35463E-03  0.49854E-04
   5   -0.78936E-04  0.23838E-01  0.27932E-02 -0.93361E-03  0.27776E-01
   6    0.55880E-03  0.20201E-01  0.10826E-01 -0.34477E-03  0.28618E-01  0.87334E-01
 Eigenvalues of covariance matrix
 Value         0.12         0.08         0.04         0.01         0.00         0.00
   (%)        46.96        33.80        15.93         3.30         0.01         0.00
 Trace         0.25
 Matrix of correlations and variance ratios
   1      0.0185
   2     -0.3761    0.2998
   3      0.3695    0.0778    0.0800
   4      0.4477   -0.5682    0.1688    0.0336
   5     -0.0924    0.6906    0.0563   -0.7934    0.1591
   6      0.3691    0.3300    0.1231   -0.1652    0.5810    0.0419
 Covariances & correlations with approximate sampling errors
  43  COVS B 1 1       0.262505E-04   0.986016E-04   vrat     0.018   0.068
  44  COVS B 1 2      -0.399110E-03   0.839287E-03   corr    -0.376   0.975
  45  COVS B 1 3       0.563359E-03   0.155378E-02   corr     0.369  failed
  46  COVS B 1 4       0.161942E-04   0.656610E-04   corr     0.448  failed
  47  COVS B 1 5      -0.789356E-04   0.792761E-03   corr    -0.092   0.922
  48  COVS B 1 6       0.558800E-03   0.180952E-02   corr     0.369  failed
  49  COVS B 2 2       0.428956E-01   0.158288E-01   vrat     0.300   0.080
  50  COVS B 2 3       0.479282E-02   0.193686E-01   corr     0.078   0.313
  51  COVS B 2 4      -0.830845E-03   0.804295E-03   corr    -0.568   0.561
  52  COVS B 2 5       0.238381E-01   0.119691E-01   corr     0.691   0.177
  53  COVS B 2 6       0.202007E-01   0.239211E-01   corr     0.330   0.386
  54  COVS B 3 3       0.885533E-01   0.488602E-01   vrat     0.080   0.042
  55  COVS B 3 4       0.354627E-03   0.141851E-02   corr     0.169   0.679
  56  COVS B 3 5       0.279316E-02   0.179429E-01   corr     0.056   0.362
  57  COVS B 3 6       0.108257E-01   0.426160E-01   corr     0.123   0.477
  58  COVS B 4 4       0.498541E-04   0.774698E-04   vrat     0.034   0.051
  59  COVS B 4 5      -0.933611E-03   0.744647E-03   corr    -0.793   0.749
  60  COVS B 4 6      -0.344771E-03   0.168793E-02   corr    -0.165   0.838
  61  COVS B 5 5       0.277760E-01   0.133890E-01   vrat     0.159   0.067
  62  COVS B 5 6       0.286178E-01   0.225792E-01   corr     0.581   0.427
  63  COVS B 6 6       0.873337E-01   0.729789E-01   vrat     0.042   0.034

***** Estimates of phenotypic covariances  ***********************************
 Covariance matrix
   1    0.14216E-02
   2    0.21570E-03  0.14306    
   3    0.32488E-02 -0.66463E-02   1.1072    
   4    0.91573E-03 -0.13567E-02  0.76030E-04  0.14821E-02
   5   -0.42836E-03  0.62907E-01 -0.19175E-01  0.51268E-03  0.17458    
   6    0.41018E-02 -0.33991E-01  0.46531E-01  0.24802E-02  0.47159E-03   2.0824    
 Eigenvalues of covariance matrix
 Value         2.09         1.11         0.22         0.09         0.00         0.00
   (%)        59.41        31.49         6.35         2.67         0.07         0.01
 Trace         3.51
 Correlation matrix
   1      1.0000
   2      0.0151    1.0000
   3      0.0819   -0.0167    1.0000
   4      0.6309   -0.0932    0.0019    1.0000
   5     -0.0272    0.3981   -0.0436    0.0319    1.0000
   6      0.0754   -0.0623    0.0306    0.0446    0.0008    1.0000
 Covariances & correlations with approximate sampling errors
  64  COVS T 1 1       0.142157E-02   0.134435E-03
  65  COVS T 1 2       0.215705E-03   0.989308E-03   corr     0.015   0.070
  66  COVS T 1 3       0.324885E-02   0.218434E-02   corr     0.082   0.055
  67  COVS T 1 4       0.915732E-03   0.172842E-03   corr     0.631   0.094
  68  COVS T 1 5      -0.428362E-03   0.151786E-02   corr    -0.027   0.096
  69  COVS T 1 6       0.410179E-02   0.471671E-02   corr     0.075   0.086
  70  COVS T 2 2       0.143061       0.169729E-01
  71  COVS T 2 3      -0.664626E-02   0.235233E-01   corr    -0.017   0.059
  72  COVS T 2 4      -0.135666E-02   0.132461E-02   corr    -0.093   0.089
  73  COVS T 2 5       0.629074E-01   0.154539E-01   corr     0.398   0.076
  74  COVS T 2 6      -0.339914E-01   0.387756E-01   corr    -0.062   0.071
  75  COVS T 3 3        1.10718       0.779302E-01
  76  COVS T 3 4       0.760297E-04   0.320235E-02   corr     0.002   0.079
  77  COVS T 3 5      -0.191747E-01   0.305385E-01   corr    -0.044   0.069
  78  COVS T 3 6       0.465307E-01   0.903364E-01   corr     0.031   0.059
  79  COVS T 4 4       0.148215E-02   0.124458E-03
  80  COVS T 4 5       0.512680E-03   0.990204E-03   corr     0.032   0.062
  81  COVS T 4 6       0.248019E-02   0.291613E-02   corr     0.045   0.052
  82  COVS T 5 5       0.174578       0.160776E-01
  83  COVS T 5 6       0.471591E-03   0.326363E-01   corr     0.001   0.054
  84  COVS T 6 6        2.08242       0.144602    
  
======== end of file ============================16-07-2025==========15:19====
  
