======= Version 03-11-2023 ======================================= **KM** ====

        Program WOMBAT: Estimates of covariance components
==============================================================================

 bivariate WOMBAT analysis of WS from Rep1 CFM                              

 Analysis type          :   "MUV 2"
 Data file              :   "cfm1WS_dat.dat"
 Pedigree file          :   "ReducedPedFile.dat"
 Parameter file         :   "cfm1WS_par.par"
  
 No. of traits          =      2                   mWS                 fWS
 No. of records         =    947           493         454
 No. of parameters      =      9
   ... not estimated    =      1
 Maximum log L          =          2359.033
 -1/2 AIC & AICC        =          2351.033          2350.956
 -1/2 BIC               =          2331.654    "Penalty factor" =   3.422
  
 Operational zero used  =     0.00000001000
 Value for "small"      =     0.00010000000
 Limit: "small" pivots  =     0.00001000000
  
 Eigenvalues of AI matrix
    149590.        2737.53        483.075        76.3066        30.7698        5.64805       0.392586E-01   0.162548E-01
   -0.00000    

 Parameter estimates with approx. sampling erors
   1   CHOL Z 1 1             -3.48057          0.165874              
   2   CHOL Z 1 2              0.00000           1000.00              
   3   CHOL Z 2 2             -3.44924          0.131288              
   4   CHOL A 1 1             -3.10528          0.115791              
   5   CHOL A 1 2             0.341981E-01      0.543075E-02          
   6   CHOL A 2 2             -3.94999          0.424077              
   7   CHOL B 1 1             -5.75646           7.67635              
   8   CHOL B 1 2             0.649039E-03      0.345504E-01          
   9   CHOL B 2 2             -5.75646           5.29643              

 Convergence criteria for last 3 iterates
 Change in log likelihood    =    0.116044    0.030881    0.008200
 Change in parameter vector  =    0.006682    0.001324    0.000319
 Norm of gradient vector     =    165.0285     70.3586     31.4795
 Newton decrement            =     -0.9697     -1.3285     -1.3524

***** Estimates of residual covariances   ************************************
      Order of fit           =       2
 Covariance matrix
   1    0.10093E-02
   2     0.0000      0.94802E-03
 Eigenvalues of covariance matrix
 Value         0.00         0.00
   (%)        51.57        48.43
 Trace         0.00
 Matrix of correlations and variance ratios
   1      0.3943
   2      0.0000    0.3196
 Covariances & correlations with approximate sampling errors
   1  COVS Z 1 1       0.100931E-02   0.265022E-03   vrat     0.394   0.112
   3  COVS Z 2 2       0.948018E-03   0.314504E-03   vrat     0.320   0.114

***** Estimates for RE  1   "ANIMAL"   ***************************************
      No. of levels          =    1182
      Covariance structure   = NRM
      Order of fit           =       2
 Covariance matrix
   1    0.15403E-02
   2    0.15325E-02  0.20081E-02
 Eigenvalues of covariance matrix
 Value         0.00         0.00
   (%)        93.69         6.31
 Trace         0.00
 Matrix of correlations and variance ratios
   1      0.6017
   2      0.8714    0.6770
 Covariances & correlations with approximate sampling errors
   4  COVS A 1 1       0.154026E-02   0.371820E-03   vrat     0.602   0.129
   5  COVS A 1 2       0.153248E-02   0.315612E-03   corr     0.871   0.107
   6  COVS A 2 2       0.200811E-02   0.465042E-03   vrat     0.677   0.135

***** Estimates for RE  2   "NSEC"   *****************************************
      No. of levels          =      27
      Covariance structure   = IDE
      Order of fit           =       2
 Covariance matrix
   1    0.10421E-04
   2    0.20524E-05  0.10000E-04
 Eigenvalues of covariance matrix
 Value         0.00         0.00
   (%)        60.10        39.90
 Trace         0.00
 Matrix of correlations and variance ratios
   1      0.0041
   2      0.2011    0.0034
 Covariances & correlations with approximate sampling errors
   7  COVS B 1 1       0.104213E-04   0.136032E-03   vrat     0.004   0.053
   8  COVS B 1 2       0.205244E-05   0.120586E-03   corr     0.201  failed
   9  COVS B 2 2       0.100000E-04   0.153527E-03   vrat     0.003   0.052

***** Estimates of phenotypic covariances  ***********************************
 Covariance matrix
   1    0.25600E-02
   2    0.15345E-02  0.29661E-02
 Eigenvalues of covariance matrix
 Value         0.00         0.00
   (%)        78.01        21.99
 Trace         0.01
 Correlation matrix
   1      1.0000
   2      0.5569    1.0000
 Covariances & correlations with approximate sampling errors
  10  COVS T 1 1       0.255999E-02   0.205635E-03
  11  COVS T 1 2       0.153454E-02   0.297172E-03   corr     0.557   0.087
  12  COVS T 2 2       0.296613E-02   0.238858E-03
  
======== end of file ============================24-06-2025==========13:46====
  
