======= Version 03-11-2023 ======================================= **KM** ====

        Program WOMBAT: Estimates of covariance components
==============================================================================

 bivariate WOMBAT analysis of WS from Rep1 FLX                              

 Analysis type          :   "MUV 2"
 Data file              :   "flx1WS_dat.dat"
 Pedigree file          :   "ReducedPedFile.dat"
 Parameter file         :   "flx1WS_null.par"
  
 No. of traits          =      2                   mWS                 fWS
 No. of records         =    945           488         457
 No. of parameters      =      8
   ... not estimated    =      1
 Maximum log L          =          2407.657
 -1/2 AIC & AICC        =          2400.657          2400.597
 -1/2 BIC               =          2383.708    "Penalty factor" =   3.421
  
 Operational zero used  =     0.00000001000
 Value for "small"      =     0.00010000000
 Limit: "small" pivots  =     0.00001000000
  
 Eigenvalues of AI matrix
    12281.3        540.419        153.325        14.1144        3.47055        1.18198       -0.00000      -0.138071E-16

 Parameter estimates with approx. sampling erors
   1   CHOL Z 1 1             -3.78566          0.246241              
   2   CHOL Z 1 2              0.00000           1000.00              
   3   CHOL Z 2 2             -4.54140          0.538999              
   4   CHOL A 1 1             -3.16388          0.109719              
   5   CHOL A 2 2             -2.94390           36.1526              
   6   CHOL B 1 1             -4.68108          0.918349              
   7   CHOL B 1 2             0.134822E-01      0.171403E-01          
   8   CHOL B 2 2             -4.60358           999.346              

 Convergence criteria for last 3 iterates
 Change in log likelihood    =    0.180534    0.020642    0.002061
 Change in parameter vector  =    0.006867    0.001421    0.000445
 Norm of gradient vector     =    209.6071    253.9445    264.2082
 Newton decrement            =    -12.0027    -12.4979    -12.7144

***** Estimates of residual covariances   ************************************
      Order of fit           =       2
 Covariance matrix
   1    0.51501E-03
   2     0.0000      0.11360E-03
 Eigenvalues of covariance matrix
 Value         0.00         0.00
   (%)        81.93        18.07
 Trace         0.00
 Matrix of correlations and variance ratios
   1      0.1994
   2      0.0000    0.0382
 Covariances & correlations with approximate sampling errors
   1  COVS Z 1 1       0.515013E-03   0.253635E-03   vrat     0.199   0.106
   3  COVS Z 2 2       0.113603E-03   0.324989E-03   vrat     0.038   0.111

***** Estimates for RE  1   "ANIMAL"   ***************************************
      No. of levels          =    1185
      Covariance structure   = NRM
      Order of fit           =       2
 Variance components
   1    0.17860E-02
   2    0.27731E-02
 Variance ratios
   1      0.6914
   2      0.9329
 Covariances & correlations with approximate sampling errors
   4  COVS A 1 1       0.178604E-02   0.391927E-03   vrat     0.691   0.142
   5  COVS A 2 2       0.277308E-02   0.540609E-03   vrat     0.933   0.136

***** Estimates for RE  2   "NSEC"   *****************************************
      No. of levels          =      26
      Covariance structure   = IDE
      Order of fit           =       2
 Covariance matrix
   1    0.28209E-03
   2    0.12497E-03  0.85914E-04
 Eigenvalues of covariance matrix
 Value         0.00         0.00
   (%)        93.17         6.83
 Trace         0.00
 Matrix of correlations and variance ratios
   1      0.1092
   2      0.8027    0.0289
 Covariances & correlations with approximate sampling errors
   6  COVS B 1 1       0.282090E-03   0.279989E-03   vrat     0.109   0.098
   7  COVS B 1 2       0.124966E-03   0.141703E-03   corr     0.803  failed
   8  COVS B 2 2       0.859136E-04   0.165188E-03   vrat     0.029   0.055

***** Estimates of phenotypic covariances  ***********************************
 Covariance matrix
   1    0.25831E-02
   2    0.12497E-03  0.29726E-02
 Eigenvalues of covariance matrix
 Value         0.00         0.00
   (%)        54.16        45.84
 Trace         0.01
 Correlation matrix
   1      1.0000
   2      0.0451    1.0000
 Covariances & correlations with approximate sampling errors
   9  COVS T 1 1       0.258314E-02   0.320289E-03
  10  COVS T 1 2       0.124966E-03   0.141703E-03   corr     0.045   0.051
  11  COVS T 2 2       0.297259E-02   0.270983E-03
  
======== end of file ============================24-06-2025==========16:43====
  
