======= Version 03-11-2023 ======================================= **KM** ====

        Program WOMBAT: Estimates of covariance components
==============================================================================

 WOMBAT analysis of  Rep2CWT male wing length,                              

 Analysis type          :   "UNI"
 Data file              :   "cwt2mWS_dat.dat"
 Pedigree file          :   "ReducedPedFile.dat"
 Parameter file         :   "cwt2mWS_par.par"
  
 No. of traits          =      1                    WL
 No. of records         =    499           499
 No. of parameters      =      3
 Maximum log L          =          1179.063
 -1/2 AIC & AICC        =          1176.063          1176.039
 -1/2 BIC               =          1169.756    "Penalty factor" =   3.102
  
 Operational zero used  =     0.00000001000
 Value for "small"      =     0.00010000000
 Limit: "small" pivots  =     0.00100000000
  
 Eigenvalues of AI matrix
    501.650        24.6466        13.6488    

 Parameter estimates with approx. sampling erors
   1   CHOL Z 1 1             -3.45388          0.179131              
   2   CHOL A 1 1             -3.01427          0.107578              
   3   CHOL B 1 1             -3.45388          0.268649              

 Convergence criteria for last 3 iterates
 Change in log likelihood    =    0.000000    2.588890    0.000552
 Change in parameter vector  =    0.000000    0.019640    0.001027
 Norm of gradient vector     =      0.0000     48.1241      9.1209
 Newton decrement            =      0.0000     -8.5494     -4.2853
 *** "WOMBAT" : Full convergence has not been achieved 
                Treat results with caution !!!  

***** Estimates of residual covariances   ************************************
      Order of fit           =       1
 Covariance matrix
   1    0.10000E-02
 Matrix of correlations and variance ratios
   1      0.2268
 Covariances & correlations with approximate sampling errors
   1  COVS Z 1 1       0.100000E-02   0.358262E-03   vrat     0.227   0.089

***** Estimates for RE  1   "ANIMAL"   ***************************************
      No. of levels          =     732
      Covariance structure   = NRM
      Order of fit           =       1
 Covariance matrix
   1    0.24090E-02
 Matrix of correlations and variance ratios
   1      0.5464
 Covariances & correlations with approximate sampling errors
   2  COVS A 1 1       0.240902E-02   0.518316E-03   vrat     0.546   0.122

***** Estimates for RE  2   "NSEC"   *****************************************
      No. of levels          =      26
      Covariance structure   = IDE
      Order of fit           =       1
 Covariance matrix
   1    0.10000E-02
 Matrix of correlations and variance ratios
   1      0.2268
 Covariances & correlations with approximate sampling errors
   3  COVS B 1 1       0.100000E-02   0.537298E-03   vrat     0.227   0.097

***** Estimates of phenotypic covariances  ***********************************
 Covariance matrix
   1    0.44090E-02
 Covariances & correlations with approximate sampling errors
   4  COVS T 1 1       0.440902E-02   0.573213E-03
  
======== end of file ============================09-10-2024==========18:00====
  
