======= Version 03-11-2023 ======================================= **KM** ====

        Program WOMBAT: Estimates of covariance components
==============================================================================

 bivariate WOMBAT analysis of DR from Rep2 CWT                              

 Analysis type          :   "MUV 2"
 Data file              :   "cwt2DR_dat.dat"
 Pedigree file          :   "ReducedPedFile.dat"
 Parameter file         :   "cwt2DR_par.par"
  
 No. of traits          =      2                   mDR                 fDR
 No. of records         =    950           499         451
 No. of parameters      =      9
   ... not estimated    =      1
 Maximum log L          =         -1624.503
 -1/2 AIC & AICC        =         -1632.503         -1632.580
 -1/2 BIC               =         -1651.895    "Penalty factor" =   3.424
  
 Operational zero used  =     0.00000001000
 Value for "small"      =     0.00010000000
 Limit: "small" pivots  =     0.00100000000
  
 Eigenvalues of AI matrix
    191.440        176.784        16.8312        11.8040        6.95961        3.24666        2.50688       0.973905E-01
   -0.00000    

 Parameter estimates with approx. sampling erors
   1   CHOL Z 1 1              3.83549          0.399934              
   2   CHOL Z 1 2              0.00000           1000.00      constant
   3   CHOL Z 2 2              1.88561          0.146895              
   4   CHOL A 1 1              1.29364          0.153930              
   5   CHOL A 1 2              1.07905          0.286755              
   6   CHOL A 2 2            -0.243879          0.541926              
   7   CHOL B 1 1            -0.406153          0.359084              
   8   CHOL B 1 2            -0.164083          0.672748              
   9   CHOL B 2 2            -0.824726           3.17976              

 Convergence criteria for last 3 iterates
 Change in log likelihood    =    0.142736    0.001565    0.000062
 Change in parameter vector  =    0.047854    0.013285    0.002527
 Norm of gradient vector     =      5.8156      0.4047      0.0273
 Newton decrement            =     -0.2845     -0.0028     -0.0001

***** Estimates of residual covariances   ************************************
      Order of fit           =       2
 Covariance matrix
   1     3.5555    
   2     0.0000       14.711    
 Eigenvalues of covariance matrix
 Value        14.71         3.56
   (%)        80.54        19.46
 Trace        18.27
 Matrix of correlations and variance ratios
   1      0.6154
   2      0.0000    0.5212
 Covariances & correlations with approximate sampling errors
   1  COVS Z 1 1        3.55551       0.553973       vrat     0.615   0.099
   3  COVS Z 2 2        14.7110        3.06789       vrat     0.521   0.115

***** Estimates for RE  1   "ANIMAL"   ***************************************
      No. of levels          =    1188
      Covariance structure   = NRM
      Order of fit           =       2
 Covariance matrix
   1     1.7784    
   2     3.9343       13.294    
 Eigenvalues of covariance matrix
 Value        14.51         0.56
   (%)        96.27         3.73
 Trace        15.07
 Matrix of correlations and variance ratios
   1      0.3078
   2      0.8092    0.4710
 Covariances & correlations with approximate sampling errors
   4  COVS A 1 1        1.77835       0.680988       vrat     0.308   0.114
   5  COVS A 1 2        3.93426        1.18862       corr     0.809   0.196
   6  COVS A 2 2        13.2936        4.09256       vrat     0.471   0.133

***** Estimates for RE  2   "NSEC"   *****************************************
      No. of levels          =      26
      Covariance structure   = IDE
      Order of fit           =       2
 Covariance matrix
   1    0.44383    
   2   -0.10931      0.21908    
 Eigenvalues of covariance matrix
 Value         0.49         0.17
   (%)        73.65        26.35
 Trace         0.66
 Matrix of correlations and variance ratios
   1      0.0768
   2     -0.3506    0.0078
 Covariances & correlations with approximate sampling errors
   7  COVS B 1 1       0.443834       0.318747       vrat     0.077   0.053
   8  COVS B 1 2      -0.109314       0.432442       corr    -0.351  failed
   9  COVS B 2 2       0.219078        1.12405       vrat     0.008   0.040

***** Estimates of phenotypic covariances  ***********************************
 Covariance matrix
   1     5.7777    
   2     3.8250       28.224    
 Eigenvalues of covariance matrix
 Value        28.86         5.14
   (%)        84.87        15.13
 Trace        34.00
 Correlation matrix
   1      1.0000
   2      0.2995    1.0000
 Covariances & correlations with approximate sampling errors
  10  COVS T 1 1        5.77770       0.431766    
  11  COVS T 1 2        3.82495        1.08340       corr     0.300   0.079
  12  COVS T 2 2        28.2237        2.05215    
  
======== end of file ============================27-10-2024==========13:14====
  
