======= Version 03-11-2023 ======================================= **KM** ====

        Program WOMBAT: Estimates of covariance components
==============================================================================

 bivariate WOMBAT analysis of DR from Rep2 CWT null model                   

 Analysis type          :   "MUV 2"
 Data file              :   "cwt2DR_dat.dat"
 Pedigree file          :   "ReducedPedFile.dat"
 Parameter file         :   "cwt2DR_null.par"
  
 No. of traits          =      2                   mDR                 fDR
 No. of records         =    950           499         451
 No. of parameters      =      8
   ... not estimated    =      1
 Maximum log L          =         -1630.628
 -1/2 AIC & AICC        =         -1637.628         -1637.687
 -1/2 BIC               =         -1654.596    "Penalty factor" =   3.424
  
 Operational zero used  =     0.00000001000
 Value for "small"      =     0.00010000000
 Limit: "small" pivots  =     0.00100000000
  
 Eigenvalues of AI matrix
    6230.21        205.435        22.9020        17.0440        4.58989        1.17806       -0.00000      -0.638690E-17

 Parameter estimates with approx. sampling erors
   1   CHOL Z 1 1              3.87667          0.210019              
   2   CHOL Z 1 2              0.00000           1000.00              
   3   CHOL Z 2 2              1.90300          0.146552              
   4   CHOL A 1 1             0.247874          0.206045              
   5   CHOL A 2 2              1.26955           2.13191              
   6   CHOL B 1 1            -0.197290           20.0376              
   7   CHOL B 1 2             0.844069           16.9149              
   8   CHOL B 2 2             -2.12478           999.654              

 Convergence criteria for last 3 iterates
 Change in log likelihood    =    0.001418    0.001120    0.000890
 Change in parameter vector  =    0.000923    0.000809    0.000711
 Norm of gradient vector     =      6.8287      6.0624      5.3891
 Newton decrement            =     -0.0078     -0.0061     -0.0048

***** Estimates of residual covariances   ************************************
      Order of fit           =       2
 Covariance matrix
   1     3.6214    
   2     0.0000       15.029    
 Eigenvalues of covariance matrix
 Value        15.03         3.62
   (%)        80.58        19.42
 Trace        18.65
 Matrix of correlations and variance ratios
   1      0.6100
   2      0.0000    0.5287
 Covariances & correlations with approximate sampling errors
   1  COVS Z 1 1        3.62139       0.557782       vrat     0.610   0.099
   3  COVS Z 2 2        15.0286        3.06917       vrat     0.529   0.114

***** Estimates for RE  1   "ANIMAL"   ***************************************
      No. of levels          =    1188
      Covariance structure   = NRM
      Order of fit           =       2
 Variance components
   1     1.6417    
   2     12.668    
 Variance ratios
   1      0.2765
   2      0.4457
 Covariances & correlations with approximate sampling errors
   4  COVS A 1 1        1.64173       0.676553       vrat     0.277   0.112
   5  COVS A 2 2        12.6682        4.05328       vrat     0.446   0.132

***** Estimates for RE  2   "NSEC"   *****************************************
      No. of levels          =      26
      Covariance structure   = IDE
      Order of fit           =       2
 Covariance matrix
   1    0.67396    
   2    0.69294      0.72672    
 Eigenvalues of covariance matrix
 Value         1.39         0.01
   (%)        99.51         0.49
 Trace         1.40
 Matrix of correlations and variance ratios
   1      0.1135
   2      0.9901    0.0256
 Covariances & correlations with approximate sampling errors
   6  COVS B 1 1       0.673964       0.396564       vrat     0.114   0.061
   7  COVS B 1 2       0.692941       0.502132       corr     0.990   0.779
   8  COVS B 2 2       0.726723        1.29612       vrat     0.026   0.045

***** Estimates of phenotypic covariances  ***********************************
 Covariance matrix
   1     5.9371    
   2    0.69294       28.424    
 Eigenvalues of covariance matrix
 Value        28.44         5.92
   (%)        82.78        17.22
 Trace        34.36
 Correlation matrix
   1      1.0000
   2      0.0533    1.0000
 Covariances & correlations with approximate sampling errors
   9  COVS T 1 1        5.93708       0.485720    
  10  COVS T 1 2       0.692941       0.502132       corr     0.053   0.037
  11  COVS T 2 2        28.4235        2.11591    
  
======== end of file ============================26-06-2025==========14:53====
  
