======= Version 03-11-2023 ======================================= **KM** ====

        Program WOMBAT: Estimates of covariance components
==============================================================================

 WOMBAT analysis of all six traits together from Rep1 CFM,                  

 Analysis type          :   "MUV 6"
 Data file              :   "cfm1_dat.dat"
 Pedigree file          :   "ReducedPedFile.dat"
 Parameter file         :   "cfm1_par.par"
  
 No. of traits          =      6
 No. of records         =   2841      493  mWS                 
                                      493  mDR                 
                                      493  mLA                 
                                      454  fWS                 
                                      454  fDR                 
                                      454  fLA                 
 No. of parameters      =     63
   ... not estimated    =      9
 Maximum log L          =          2450.627
 -1/2 AIC & AICC        =          2396.627          2395.561
 -1/2 BIC               =          2236.154    "Penalty factor" =   3.972
  
 Operational zero used  =     0.00000001000
 Value for "small"      =     0.00010000000
 Limit: "small" pivots  =     0.00001000000
  
 Eigenvalues of AI matrix
    436064.        381103.        370365.        360487.        276706.        120209.        75524.9        62135.8    
    56166.3        53457.7        42136.5        33867.0        26540.6        19955.6        16597.2        13852.7    
    11729.4        8105.81        4087.86        3833.00        1967.27        1957.14        952.351        778.056    
    735.300        670.865        518.644        489.683        457.169        448.225        315.563        264.829    
    211.152        177.545        128.246        75.6157        67.5078        49.6131        44.3581        32.1805    
    28.9435        26.7716        25.5829        21.7294        19.7369        17.8111        17.5522        9.92767    
   0.736335       0.410130       0.159451       0.398810E-01   0.853251E-03   0.137379E-05   -0.00000       -0.00000    
   -0.00000       -0.00000       -0.00000       -0.00000       -0.00000       -0.00000       -0.00000    

 Parameter estimates with approx. sampling erors
   1   CHOL Z 1 1             0.236038          0.925324E-01          
   2   CHOL Z 1 2              0.00000           1000.00              
   3   CHOL Z 1 3            -0.943397E-01      0.498489E-01          
   4   CHOL Z 1 4              0.00000           1000.00              
   5   CHOL Z 1 5              0.00000           1000.00              
   6   CHOL Z 1 6             0.519459E-02      0.346936E-02          
   7   CHOL Z 2 2            -0.217762          0.973237E-01          
   8   CHOL Z 2 3              0.00000           1000.00              
   9   CHOL Z 2 4            -0.578804E-02      0.358071E-01          
  10   CHOL Z 2 5             0.106554E-02      0.400181E-02          
  11   CHOL Z 2 6              0.00000           1000.00              
  12   CHOL Z 3 3             -1.16732          0.142602              
  13   CHOL Z 3 4              0.00000           1000.00              
  14   CHOL Z 3 5              0.00000           1000.00              
  15   CHOL Z 3 6             0.634988E-02      0.438064E-02          
  16   CHOL Z 4 4             -1.46152          0.122237              
  17   CHOL Z 4 5            -0.122271E-02      0.450136E-02          
  18   CHOL Z 4 6              0.00000           1000.00              
  19   CHOL Z 5 5             -3.90403          0.203706              
  20   CHOL Z 5 6              0.00000           1000.00              
  21   CHOL Z 6 6             -3.99404          0.207119              
  22   CHOL A 1 1            -0.279418          0.147289              
  23   CHOL A 1 2            -0.871501E-02      0.525939E-01          
  24   CHOL A 1 3             0.347138          0.225599              
  25   CHOL A 1 4             0.839557E-01      0.695354E-01          
  26   CHOL A 1 5             0.312415E-02      0.614515E-02          
  27   CHOL A 1 6             0.323570E-02      0.505414E-02          
  28   CHOL A 2 2             -1.33117          0.133799              
  29   CHOL A 2 3            -0.174628          0.221930              
  30   CHOL A 2 4             0.135214          0.658937E-01          
  31   CHOL A 2 5             0.342226E-02      0.580838E-02          
  32   CHOL A 2 6             0.247370E-03      0.485926E-02          
  33   CHOL A 3 3            -0.741684E-01      0.222603              
  34   CHOL A 3 4             0.601039E-01      0.897456E-01          
  35   CHOL A 3 5             0.191671E-02      0.754019E-02          
  36   CHOL A 3 6            -0.342172E-02      0.664706E-02          
  37   CHOL A 4 4             -1.24689          0.222663              
  38   CHOL A 4 5             0.517223E-02      0.735753E-02          
  39   CHOL A 4 6            -0.217737E-02      0.668218E-02          
  40   CHOL A 5 5             -3.44018          0.121479              
  41   CHOL A 5 6             0.210835E-01      0.448785E-02          
  42   CHOL A 6 6             -4.01679          0.299965              
  43   CHOL B 1 1             -1.84625           2.31191              
  44   CHOL B 1 2             0.220300          0.549951              
  45   CHOL B 1 3             0.101434          0.308999              
  46   CHOL B 1 4             0.378202E-01      0.225889              
  47   CHOL B 1 5            -0.686726E-02      0.217492E-01          
  48   CHOL B 1 6            -0.153653E-01      0.491676E-01          
  49   CHOL B 2 2             -1.84086           4.74469              
  50   CHOL B 2 3            -0.593137E-01      0.943001              
  51   CHOL B 2 4            -0.575818E-01      0.595015              
  52   CHOL B 2 5             0.209510E-03      0.485167E-01          
  53   CHOL B 2 6             0.547631E-02      0.131058              
  54   CHOL B 3 3             -1.83329           3.27962              
  55   CHOL B 3 4             0.160690          0.244292              
  56   CHOL B 3 5             0.230217E-02      0.473944E-01          
  57   CHOL B 3 6             0.112492E-01      0.158278              
  58   CHOL B 4 4             -3.32434           10.7636              
  59   CHOL B 4 5            -0.704018E-02      0.158766              
  60   CHOL B 4 6            -0.187177E-01      0.501009              
  61   CHOL B 5 5             -5.75646           131.404              
  62   CHOL B 5 6             0.152689E-02       2.28607              
  63   CHOL B 6 6             -5.75646           843.617              

 Convergence criteria for last 3 iterates
 Change in log likelihood    =    0.114666    0.103180    0.096794
 Change in parameter vector  =    0.000069    0.000066    0.000064
 Norm of gradient vector     =    139.2569    130.0248    124.9496
 Newton decrement            =     -0.1185     -0.1052     -0.0980

***** Estimates of residual covariances   ************************************
      Order of fit           =       6
 Covariance matrix
   1    0.40907E-03
   2   -0.28969E-03  0.53803E-01
   3    0.85704E-03 -0.46554E-02  0.64693    
   4     0.0000       0.0000       0.0000      0.40679E-03
   5     0.0000       0.0000       0.0000      0.14860E-02  0.10574    
   6     0.0000       0.0000       0.0000      0.65775E-02 -0.11946       1.6033    
 Eigenvalues of covariance matrix
 Value         1.61         0.65         0.10         0.05         0.00         0.00
   (%)        66.90        26.84         4.00         2.23         0.02         0.01
 Trace         2.41
 Matrix of correlations and variance ratios
   1      0.1823
   2     -0.0617    0.3459
   3      0.0527   -0.0250    0.5005
   4      0.0000    0.0000    0.0000    0.3094
   5      0.0000    0.0000    0.0000    0.2266    0.4120
   6      0.0000    0.0000    0.0000    0.2576   -0.2901    0.6070
 Covariances & correlations with approximate sampling errors
   1  COVS Z 1 1       0.409072E-03   0.164663E-03   vrat     0.182   0.119
   2  COVS Z 1 2      -0.289693E-03   0.104212E-02   corr    -0.062   0.224
   3  COVS Z 1 3       0.857036E-03   0.322245E-02   corr     0.053   0.198
   7  COVS Z 2 2       0.538030E-01   0.131685E-01   vrat     0.346   0.095
   8  COVS Z 2 3      -0.465541E-02   0.288290E-01   corr    -0.025   0.154
  12  COVS Z 3 3       0.646925       0.125922       vrat     0.501   0.105
  16  COVS Z 4 4       0.406789E-03   0.130356E-03   vrat     0.309   0.112
  17  COVS Z 4 5       0.148602E-02   0.130757E-02   corr     0.227   0.199
  18  COVS Z 4 6       0.657751E-02   0.441253E-02   corr     0.258   0.173
  19  COVS Z 5 5       0.105745       0.261975E-01   vrat     0.412   0.113
  20  COVS Z 5 6      -0.119455       0.625155E-01   corr    -0.290   0.157
  21  COVS Z 6 6        1.60332       0.296718       vrat     0.607   0.122

***** Estimates for RE  1   "ANIMAL"   ***************************************
      No. of levels          =    1182
      Covariance structure   = NRM
      Order of fit           =       6
 Covariance matrix
   1    0.10797E-02
   2    0.87683E-03  0.69861E-01
   3    0.23626E-02 -0.65905E-02  0.57187    
   4    0.66905E-03  0.37148E-04  0.24469E-02  0.79588E-03
   5    0.23267E-02  0.34988E-01  0.63489E-01 -0.52633E-03  0.11154    
   6    0.22666E-02 -0.49157E-01  0.26251     -0.20971E-02  0.61339E-01   1.0131    
 Eigenvalues of covariance matrix
 Value         1.14         0.45         0.13         0.04         0.00         0.00
   (%)        64.69        25.64         7.10         2.47         0.09         0.01
 Trace         1.77
 Matrix of correlations and variance ratios
   1      0.4811
   2      0.1010    0.4492
   3      0.0951   -0.0330    0.4425
   4      0.7218    0.0050    0.1147    0.6054
   5      0.2120    0.3964    0.2514   -0.0559    0.4346
   6      0.0685   -0.1848    0.3449   -0.0739    0.1825    0.3836
 Covariances & correlations with approximate sampling errors
  22  COVS A 1 1       0.107968E-02   0.252140E-03   vrat     0.481   0.265
  23  COVS A 1 2       0.876829E-03   0.154327E-02   corr     0.101   0.176
  24  COVS A 1 3       0.236255E-02   0.465684E-02   corr     0.095   0.187
  25  COVS A 1 4       0.669052E-03   0.160982E-03   corr     0.722   0.128
  26  COVS A 1 5       0.232672E-02   0.211992E-02   corr     0.212   0.187
  27  COVS A 1 6       0.226658E-02   0.704072E-02   corr     0.069   0.212
  28  COVS A 2 2       0.698612E-01   0.187234E-01   vrat     0.449   0.118
  29  COVS A 2 3      -0.659050E-02   0.398376E-01   corr    -0.033   0.199
  30  COVS A 2 4       0.371482E-04   0.128279E-02   corr     0.005   0.172
  31  COVS A 2 5       0.349877E-01   0.180713E-01   corr     0.396   0.188
  32  COVS A 2 6      -0.491566E-01   0.592305E-01   corr    -0.185   0.222
  33  COVS A 3 3       0.571874       0.168462       vrat     0.442   0.121
  34  COVS A 3 4       0.244691E-02   0.383233E-02   corr     0.115   0.179
  35  COVS A 3 5       0.634893E-01   0.531003E-01   corr     0.251   0.207
  36  COVS A 3 6       0.262514       0.176475       corr     0.345   0.216
  37  COVS A 4 4       0.795880E-03   0.190606E-03   vrat     0.605   0.146
  38  COVS A 4 5      -0.526326E-03   0.186904E-02   corr    -0.056   0.199
  39  COVS A 4 6      -0.209708E-02   0.613326E-02   corr    -0.074   0.217
  40  COVS A 5 5       0.111541       0.368114E-01   vrat     0.435   0.133
  41  COVS A 5 6       0.613394E-01   0.851962E-01   corr     0.182   0.252
  42  COVS A 6 6        1.01314       0.391348       vrat     0.384   0.136

***** Estimates for RE  2   "NSEC"   *****************************************
      No. of levels          =      27
      Covariance structure   = IDE
      Order of fit           =       6
 Covariance matrix
   1    0.75531E-03
   2    0.23742E-03  0.31863E-01
   3   -0.25160E-02 -0.80537E-03  0.73712E-01
   4    0.26917E-03 -0.15527E-03 -0.14796E-02  0.11207E-03
   5   -0.84788E-04  0.32944E-01  0.12934E-01 -0.34092E-03  0.39371E-01
   6   -0.24251E-02  0.59691E-02  0.34769E-01 -0.10838E-02  0.16009E-01  0.24910E-01
 Eigenvalues of covariance matrix
 Value         0.10         0.06         0.01         0.00         0.00         0.00
   (%)        59.08        36.81         3.47         0.63         0.01         0.00
 Trace         0.17
 Matrix of correlations and variance ratios
   1      0.3366
   2      0.0484    0.2049
   3     -0.3372   -0.0166    0.0570
   4      0.9252   -0.0822   -0.5148    0.0852
   5     -0.0155    0.9301    0.2401   -0.1623    0.1534
   6     -0.5591    0.2119    0.8114   -0.6487    0.5112    0.0094
 Covariances & correlations with approximate sampling errors
  43  COVS B 1 1       0.755308E-03   0.114032E-02   vrat     0.337   0.338
  44  COVS B 1 2       0.237420E-03   0.228861E-02   corr     0.048   0.454
  45  COVS B 1 3      -0.251598E-02   0.573042E-02   corr    -0.337   0.597
  46  COVS B 1 4       0.269166E-03   0.408990E-03   corr     0.925   0.236
  47  COVS B 1 5      -0.847883E-04   0.249217E-02   corr    -0.016   0.459
  48  COVS B 1 6      -0.242507E-02   0.630138E-02   corr    -0.559  failed
  49  COVS B 2 2       0.318630E-01   0.159693E-01   vrat     0.205   0.084
  50  COVS B 2 3      -0.805369E-03   0.241422E-01   corr    -0.017   0.498
  51  COVS B 2 4      -0.155270E-03   0.103113E-02   corr    -0.082   0.562
  52  COVS B 2 5       0.329437E-01   0.155326E-01   corr     0.930   0.181
  53  COVS B 2 6       0.596908E-02   0.308853E-01   corr     0.212  failed
  54  COVS B 3 3       0.737118E-01   0.725928E-01   vrat     0.057   0.054
  55  COVS B 3 4      -0.147961E-02   0.242788E-02   corr    -0.515   0.694
  56  COVS B 3 5       0.129340E-01   0.282821E-01   corr     0.240   0.491
  57  COVS B 3 6       0.347695E-01   0.668008E-01   corr     0.811  failed
  58  COVS B 4 4       0.112067E-03   0.168652E-03   vrat     0.085   0.118
  59  COVS B 4 5      -0.340918E-03   0.114815E-02   corr    -0.162   0.551
  60  COVS B 4 6      -0.108385E-02   0.280981E-02   corr    -0.649  failed
  61  COVS B 5 5       0.393705E-01   0.211878E-01   vrat     0.153   0.073
  62  COVS B 5 6       0.160092E-01   0.349176E-01   corr     0.511  failed
  63  COVS B 6 6       0.249097E-01   0.115178       vrat     0.009   0.043

***** Estimates of phenotypic covariances  ***********************************
 Covariance matrix
   1    0.22441E-02
   2    0.82456E-03  0.15553    
   3    0.70361E-03 -0.12051E-01   1.2925    
   4    0.93822E-03 -0.11812E-03  0.96730E-03  0.13147E-02
   5    0.22419E-02  0.67931E-01  0.76423E-01  0.61878E-03  0.25666    
   6   -0.15849E-03 -0.43188E-01  0.29728      0.33966E-02 -0.42106E-01   2.6414    
 Eigenvalues of covariance matrix
 Value         2.71         1.24         0.28         0.12         0.00         0.00
   (%)        62.19        28.44         6.54         2.75         0.06         0.02
 Trace         4.35
 Correlation matrix
   1      1.0000
   2      0.0441    1.0000
   3      0.0131   -0.0269    1.0000
   4      0.5462   -0.0083    0.0235    1.0000
   5      0.0934    0.3400    0.1327    0.0337    1.0000
   6     -0.0021   -0.0674    0.1609    0.0576   -0.0511    1.0000
 Covariances & correlations with approximate sampling errors
  64  COVS T 1 1       0.224406E-02   0.114236E-02
  65  COVS T 1 2       0.824555E-03   0.235957E-02   corr     0.044   0.123
  66  COVS T 1 3       0.703610E-03   0.600947E-02   corr     0.013   0.114
  67  COVS T 1 4       0.938218E-03   0.429222E-03   corr     0.546   0.107
  68  COVS T 1 5       0.224193E-02   0.307324E-02   corr     0.093   0.127
  69  COVS T 1 6      -0.158491E-03   0.877655E-02   corr    -0.002   0.114
  70  COVS T 2 2       0.155527       0.175202E-01
  71  COVS T 2 3      -0.120513E-01   0.291140E-01   corr    -0.027   0.065
  72  COVS T 2 4      -0.118122E-03   0.150070E-02   corr    -0.008   0.105
  73  COVS T 2 5       0.679314E-01   0.218261E-01   corr     0.340   0.092
  74  COVS T 2 6      -0.431875E-01   0.591551E-01   corr    -0.067   0.092
  75  COVS T 3 3        1.29251       0.103274    
  76  COVS T 3 4       0.967302E-03   0.409940E-02   corr     0.023   0.100
  77  COVS T 3 5       0.764233E-01   0.538305E-01   corr     0.133   0.091
  78  COVS T 3 6       0.297283       0.166719       corr     0.161   0.088
  79  COVS T 4 4       0.131474E-02   0.184005E-03
  80  COVS T 4 5       0.618779E-03   0.137739E-02   corr     0.034   0.075
  81  COVS T 4 6       0.339658E-02   0.383464E-02   corr     0.058   0.066
  82  COVS T 5 5       0.256657       0.261721E-01
  83  COVS T 5 6      -0.421065E-01   0.510717E-01   corr    -0.051   0.062
  84  COVS T 6 6        2.64137       0.213000    
  
======== end of file ============================18-07-2025==========13:53====
  
