======= Version 03-11-2023 ======================================= **KM** ====

        Program WOMBAT: Estimates of covariance components
==============================================================================

 WOMBAT analysis of all six traits together from Rep2 CWT,                  

 Analysis type          :   "MUV 6"
 Data file              :   "cwt2_dat.dat"
 Pedigree file          :   "ReducedPedFile.dat"
 Parameter file         :   "cwt2_par.par"
  
 No. of traits          =      6
 No. of records         =   2850      499  mWS                 
                                      499  mDR                 
                                      499  mLA                 
                                      451  fWS                 
                                      451  fDR                 
                                      451  fLA                 
 No. of parameters      =     63
   ... not estimated    =      9
 Maximum log L          =          2300.408
 -1/2 AIC & AICC        =          2246.408          2245.345
 -1/2 BIC               =          2085.849    "Penalty factor" =   3.973
  
 Operational zero used  =     0.00000001000
 Value for "small"      =     0.00010000000
 Limit: "small" pivots  =     0.00001000000
  
 Eigenvalues of AI matrix
    416439.        341119.        338570.        321369.        287937.        111138.        72987.7        50292.0    
    42316.5        38157.9        34732.2        32559.4        25681.4        23773.8        17956.4        16867.3    
    5993.96        5395.87        4273.22        3603.79        3052.08        1968.22        1704.20        1110.79    
    897.084        771.303        764.534        635.440        580.413        432.948        345.631        302.988    
    216.279        179.979        151.602        117.896        61.1355        51.1737        39.0270        35.9395    
    30.5397        22.7020        20.9863        16.4860        9.38886        5.11975        4.11965        3.42839    
    1.57050       0.547902       0.266775       0.207075       0.240691E-01   0.542039E-09   -0.00000       -0.00000    
   -0.00000       -0.00000       -0.00000       -0.00000       -0.00000       -0.00000       -0.00000    

 Parameter estimates with approx. sampling erors
   1   CHOL Z 1 1             0.464873E-01      0.632791E-01          
   2   CHOL Z 1 2              0.00000           1000.00              
   3   CHOL Z 1 3              0.00000           1000.00              
   4   CHOL Z 1 4             0.488255E-02      0.328676E-01          
   5   CHOL Z 1 5              0.00000           1000.00              
   6   CHOL Z 1 6             0.419138E-02      0.370498E-02          
   7   CHOL Z 2 2            -0.105789          0.577025E-01          
   8   CHOL Z 2 3             0.661939E-02      0.281983E-01          
   9   CHOL Z 2 4              0.00000           1000.00              
  10   CHOL Z 2 5            -0.229860E-02      0.328787E-02          
  11   CHOL Z 2 6              0.00000           1000.00              
  12   CHOL Z 3 3             -1.14627          0.681902E-01          
  13   CHOL Z 3 4              0.00000           1000.00              
  14   CHOL Z 3 5             0.515009E-03      0.369212E-02          
  15   CHOL Z 3 6              0.00000           1000.00              
  16   CHOL Z 4 4             -1.23541          0.103185              
  17   CHOL Z 4 5              0.00000           1000.00              
  18   CHOL Z 4 6            -0.238768E-02      0.496401E-02          
  19   CHOL Z 5 5             -4.06193          0.329859              
  20   CHOL Z 5 6              0.00000           1000.00              
  21   CHOL Z 6 6             -4.42588          0.801345              
  22   CHOL A 1 1            -0.633528          0.186191              
  23   CHOL A 1 2            -0.523751E-01      0.613366E-01          
  24   CHOL A 1 3            -0.132254E-01      0.542954E-01          
  25   CHOL A 1 4             0.872006E-02      0.765642E-02          
  26   CHOL A 1 5             0.103012E-01      0.741490E-02          
  27   CHOL A 1 6             0.318886          0.164101              
  28   CHOL A 2 2             -1.31928          0.163109              
  29   CHOL A 2 3             0.161230          0.434632E-01          
  30   CHOL A 2 4             0.170238E-01      0.729657E-02          
  31   CHOL A 2 5            -0.384247E-02      0.690858E-02          
  32   CHOL A 2 6            -0.791897E-01      0.165593              
  33   CHOL A 3 3             -2.18504          0.496449              
  34   CHOL A 3 4            -0.638482E-02      0.140590E-01          
  35   CHOL A 3 5             0.172147E-01      0.151088E-01          
  36   CHOL A 3 6            -0.306980          0.231733              
  37   CHOL A 4 4             -3.27297          0.149463              
  38   CHOL A 4 5             0.302831E-01      0.885552E-02          
  39   CHOL A 4 6            -0.225295          0.165423              
  40   CHOL A 5 5             -4.13523           1.30565              
  41   CHOL A 5 6             0.220738          0.391540              
  42   CHOL A 6 6             -5.75646           1000.00              
  43   CHOL B 1 1            -0.697289          0.218404              
  44   CHOL B 1 2             0.195650          0.899868E-01          
  45   CHOL B 1 3            -0.311708E-01      0.415769E-01          
  46   CHOL B 1 4            -0.308800E-02      0.370068E-01          
  47   CHOL B 1 5            -0.482872E-02      0.569647E-02          
  48   CHOL B 1 6             0.599007E-02      0.587342E-02          
  49   CHOL B 2 2             -1.65881          0.541981              
  50   CHOL B 2 3             0.485214E-01      0.663689E-01          
  51   CHOL B 2 4             0.333631E-03      0.596812E-01          
  52   CHOL B 2 5            -0.648449E-02      0.933847E-02          
  53   CHOL B 2 6             0.131886E-01      0.891128E-02          
  54   CHOL B 3 3             -2.33047          0.495743              
  55   CHOL B 3 4            -0.237365E-02      0.601824E-01          
  56   CHOL B 3 5            -0.554136E-02      0.945096E-02          
  57   CHOL B 3 6            -0.392292E-02      0.116780E-01          
  58   CHOL B 4 4             -3.17181           1.94383              
  59   CHOL B 4 5             0.319566E-02      0.175360E-01          
  60   CHOL B 4 6             0.292035E-02      0.227923E-01          
  61   CHOL B 5 5             -5.08657           2.18827              
  62   CHOL B 5 6            -0.911148E-03      0.255014E-01          
  63   CHOL B 6 6             -5.34290           6.43870              

 Convergence criteria for last 3 iterates
 Change in log likelihood    =    0.205155    0.202325    0.199163
 Change in parameter vector  =    0.000093    0.000092    0.000092
 Norm of gradient vector     =    164.8399    163.8513    162.4602
 Newton decrement            =     -0.2060     -0.2032     -0.1998

***** Estimates of residual covariances   ************************************
      Order of fit           =       6
 Covariance matrix
   1    0.30193E-03
   2    0.14847E-03  0.10105    
   3   -0.20679E-02  0.59549E-02  0.80931    
   4     0.0000       0.0000       0.0000      0.16640E-03
   5     0.0000       0.0000       0.0000     -0.67367E-03  0.84539E-01
   6     0.0000       0.0000       0.0000      0.43908E-02  0.51149E-02   1.0974    
 Eigenvalues of covariance matrix
 Value         1.10         0.81         0.10         0.08         0.00         0.00
   (%)        52.44        38.67         4.83         4.04         0.01         0.01
 Trace         2.09
 Matrix of correlations and variance ratios
   1      0.1405
   2      0.0269    0.6620
   3     -0.1323    0.0208    0.6944
   4      0.0000    0.0000    0.0000    0.0773
   5      0.0000    0.0000    0.0000   -0.1796    0.5267
   6      0.0000    0.0000    0.0000    0.3249    0.0168    0.6663
 Covariances & correlations with approximate sampling errors
   1  COVS Z 1 1       0.301933E-03   0.192943E-03   vrat     0.140   0.094
   2  COVS Z 1 2       0.148465E-03   0.117127E-02   corr     0.027   0.211
   3  COVS Z 1 3      -0.206786E-02   0.293930E-02   corr    -0.132   0.201
   7  COVS Z 2 2       0.101054       0.145706E-01   vrat     0.662   0.096
   8  COVS Z 2 3       0.595490E-02   0.259057E-01   corr     0.021   0.091
  12  COVS Z 3 3       0.809307       0.935860E-01   vrat     0.694   0.079
  16  COVS Z 4 4       0.166397E-03   0.218987E-03   vrat     0.077   0.104
  17  COVS Z 4 5      -0.673671E-03   0.141241E-02   corr    -0.180   0.432
  18  COVS Z 4 6       0.439082E-02   0.388115E-02   corr     0.325   0.359
  19  COVS Z 5 5       0.845389E-01   0.176341E-01   vrat     0.527   0.116
  20  COVS Z 5 6       0.511488E-02   0.350656E-01   corr     0.017   0.115
  21  COVS Z 6 6        1.09743       0.139902       vrat     0.666   0.092

***** Estimates for RE  1   "ANIMAL"   ***************************************
      No. of levels          =    1188
      Covariance structure   = NRM
      Order of fit           =       6
 Covariance matrix
   1    0.15903E-02
   2    0.11804E-02  0.38820E-01
   3    0.54670E-02 -0.70190E-02  0.28166    
   4    0.10620E-02  0.19113E-02  0.46279E-02  0.18425E-02
   5   -0.15667E-02  0.43794E-01 -0.27796E-01  0.40942E-02  0.74208E-01
   6   -0.49864E-02 -0.51512E-01  0.16924     -0.51446E-02 -0.37871E-01  0.30169    
 Eigenvalues of covariance matrix
 Value         0.47         0.14         0.08         0.01         0.00         0.00
   (%)        67.44        19.57        11.96         0.78         0.24         0.00
 Trace         0.70
 Matrix of correlations and variance ratios
   1      0.7398
   2      0.1502    0.2543
   3      0.2583   -0.0671    0.2417
   4      0.6204    0.2260    0.2031    0.8556
   5     -0.1442    0.8159   -0.1923    0.3501    0.4623
   6     -0.2277   -0.4760    0.5806   -0.2182   -0.2531    0.1832
 Covariances & correlations with approximate sampling errors
  22  COVS A 1 1       0.159026E-02   0.305663E-03   vrat     0.740   0.125
  23  COVS A 1 2       0.118042E-02   0.162871E-02   corr     0.150   0.205
  24  COVS A 1 3       0.546704E-02   0.406572E-02   corr     0.258   0.182
  25  COVS A 1 4       0.106204E-02   0.235403E-03   corr     0.620   0.102
  26  COVS A 1 5      -0.156673E-02   0.183792E-02   corr    -0.144   0.168
  27  COVS A 1 6      -0.498639E-02   0.491649E-02   corr    -0.228   0.228
  28  COVS A 2 2       0.388202E-01   0.169172E-01   vrat     0.254   0.109
  29  COVS A 2 3      -0.701895E-02   0.295426E-01   corr    -0.067   0.282
  30  COVS A 2 4       0.191129E-02   0.165893E-02   corr     0.226   0.190
  31  COVS A 2 5       0.437940E-01   0.140025E-01   corr     0.816   0.221
  32  COVS A 2 6      -0.515121E-01   0.351654E-01   corr    -0.476   0.335
  33  COVS A 3 3       0.281660       0.105152       vrat     0.242   0.088
  34  COVS A 3 4       0.462788E-02   0.410261E-02   corr     0.203   0.177
  35  COVS A 3 5      -0.277963E-01   0.328271E-01   corr    -0.192   0.226
  36  COVS A 3 6       0.169238       0.877522E-01   corr     0.581   0.313
  37  COVS A 4 4       0.184254E-02   0.344158E-03   vrat     0.856   0.136
  38  COVS A 4 5       0.409422E-02   0.207674E-02   corr     0.350   0.159
  39  COVS A 4 6      -0.514461E-02   0.542730E-02   corr    -0.218   0.235
  40  COVS A 5 5       0.742075E-01   0.233175E-01   vrat     0.462   0.134
  41  COVS A 5 6      -0.378713E-01   0.434207E-01   corr    -0.253   0.291
  42  COVS A 6 6       0.301689       0.158014       vrat     0.183   0.094

***** Estimates for RE  2   "NSEC"   *****************************************
      No. of levels          =      26
      Covariance structure   = IDE
      Order of fit           =       6
 Covariance matrix
   1    0.25744E-03
   2    0.71709E-04  0.12784E-01
   3    0.36826E-02  0.31383E-02  0.74518E-01
   4   -0.89005E-04 -0.70302E-03 -0.21792E-02  0.14447E-03
   5    0.11766E-03 -0.11840E-03 -0.54065E-03  0.15989E-03  0.17732E-02
   6    0.29827E-02 -0.15521E-01  0.97421E-01 -0.24044E-02 -0.15376E-02  0.24794    
 Eigenvalues of covariance matrix
 Value         0.29         0.03         0.01         0.00         0.00         0.00
   (%)        86.64        10.30         2.51         0.53         0.01         0.01
 Trace         0.34
 Matrix of correlations and variance ratios
   1      0.1198
   2      0.0395    0.0837
   3      0.8408    0.1017    0.0639
   4     -0.4615   -0.5173   -0.6642    0.0671
   5      0.1741   -0.0249   -0.0470    0.3159    0.0110
   6      0.3733   -0.2757    0.7167   -0.4017   -0.0733    0.1505
 Covariances & correlations with approximate sampling errors
  43  COVS B 1 1       0.257436E-03   0.164405E-03   vrat     0.120   0.070
  44  COVS B 1 2       0.717095E-04   0.836287E-03   corr     0.040   0.458
  45  COVS B 1 3       0.368262E-02   0.206227E-02   corr     0.841   0.363
  46  COVS B 1 4      -0.890053E-04   0.113564E-03   corr    -0.462   0.720
  47  COVS B 1 5       0.117658E-03   0.735617E-03   corr     0.174  failed
  48  COVS B 1 6       0.298265E-02   0.297053E-02   corr     0.373   0.369
  49  COVS B 2 2       0.127836E-01   0.852022E-02   vrat     0.084   0.053
  50  COVS B 2 3       0.313827E-02   0.136886E-01   corr     0.102   0.442
  51  COVS B 2 4      -0.703022E-03   0.829463E-03   corr    -0.517   0.645
  52  COVS B 2 5      -0.118395E-03   0.555827E-02   corr    -0.025  failed
  53  COVS B 2 6      -0.155210E-01   0.214546E-01   corr    -0.276   0.354
  54  COVS B 3 3       0.745180E-01   0.453882E-01   vrat     0.064   0.037
  55  COVS B 3 4      -0.217916E-02   0.188361E-02   corr    -0.664   0.609
  56  COVS B 3 5      -0.540654E-03   0.122817E-01   corr    -0.047  failed
  57  COVS B 3 6       0.974205E-01   0.527753E-01   corr     0.717   0.279
  58  COVS B 4 4       0.144466E-03   0.160884E-03   vrat     0.067   0.071
  59  COVS B 4 5       0.159888E-03   0.738311E-03   corr     0.316  failed
  60  COVS B 4 6      -0.240438E-02   0.293411E-02   corr    -0.402   0.460
  61  COVS B 5 5       0.177321E-02   0.674688E-02   vrat     0.011   0.042
  62  COVS B 5 6      -0.153762E-02   0.184920E-01   corr    -0.073   0.879
  63  COVS B 6 6       0.247938       0.108352       vrat     0.151   0.058

***** Estimates of phenotypic covariances  ***********************************
 Covariance matrix
   1    0.21496E-02
   2    0.14006E-02  0.15266    
   3    0.70818E-02  0.20742E-02   1.1655    
   4    0.97303E-03  0.12083E-02  0.24487E-02  0.21534E-02
   5   -0.14491E-02  0.43676E-01 -0.28337E-01  0.35804E-02  0.16052    
   6   -0.20037E-02 -0.67033E-01  0.26666     -0.31582E-02 -0.34294E-01   1.6471    
 Eigenvalues of covariance matrix
 Value         1.77         1.05         0.20         0.11         0.00         0.00
   (%)        56.52        33.49         6.29         3.57         0.10         0.03
 Trace         3.13
 Correlation matrix
   1      1.0000
   2      0.0773    1.0000
   3      0.1415    0.0049    1.0000
   4      0.4523    0.0666    0.0489    1.0000
   5     -0.0780    0.2790   -0.0655    0.1926    1.0000
   6     -0.0337   -0.1337    0.1925   -0.0530   -0.0667    1.0000
 Covariances & correlations with approximate sampling errors
  64  COVS T 1 1       0.214963E-02   0.202561E-03
  65  COVS T 1 2       0.140060E-02   0.105729E-02   corr     0.077   0.058
  66  COVS T 1 3       0.708180E-02   0.266010E-02   corr     0.141   0.050
  67  COVS T 1 4       0.973031E-03   0.238170E-03   corr     0.452   0.100
  68  COVS T 1 5      -0.144907E-02   0.175118E-02   corr    -0.078   0.094
  69  COVS T 1 6      -0.200374E-02   0.523071E-02   corr    -0.034   0.088
  70  COVS T 2 2       0.152658       0.114366E-01
  71  COVS T 2 3       0.207422E-02   0.197703E-01   corr     0.005   0.047
  72  COVS T 2 4       0.120827E-02   0.163486E-02   corr     0.067   0.090
  73  COVS T 2 5       0.436756E-01   0.128308E-01   corr     0.279   0.077
  74  COVS T 2 6      -0.670331E-01   0.359579E-01   corr    -0.134   0.070
  75  COVS T 3 3        1.16548       0.697554E-01
  76  COVS T 3 4       0.244871E-02   0.400302E-02   corr     0.049   0.080
  77  COVS T 3 5      -0.283370E-01   0.301967E-01   corr    -0.066   0.070
  78  COVS T 3 6       0.266659       0.905794E-01   corr     0.192   0.062
  79  COVS T 4 4       0.215340E-02   0.208451E-03
  80  COVS T 4 5       0.358044E-02   0.109909E-02   corr     0.193   0.056
  81  COVS T 4 6      -0.315817E-02   0.373016E-02   corr    -0.053   0.062
  82  COVS T 5 5       0.160520       0.119528E-01
  83  COVS T 5 6      -0.342940E-01   0.273181E-01   corr    -0.067   0.053
  84  COVS T 6 6        1.64706       0.135475    
  
======== end of file ============================18-07-2025==========14:08====
  
