======= Version 03-11-2023 ======================================= **KM** ====

        Program WOMBAT: Estimates of covariance components
==============================================================================

 WOMBAT analysis of  Rep2CFM male wing length, null model                   

 Analysis type          :   "UNI"
 Data file              :   "cfm2mWS_dat.dat"
 Pedigree file          :   "ReducedPedFile.dat"
 Parameter file         :   "cfm2mWS_null.par"
  
 No. of traits          =      1                    WL
 No. of records         =    506           506
 No. of parameters      =      2
 Maximum log L          =          1215.332
 -1/2 AIC & AICC        =          1213.332          1213.321
 -1/2 BIC               =          1209.114    "Penalty factor" =   3.109
  
 Operational zero used  =     0.00000001000
 Value for "small"      =     0.00010000000
 Limit: "small" pivots  =     0.00100000000
  
 Eigenvalues of AI matrix
    958.994        10.1854    

 Parameter estimates with approx. sampling erors
   1   CHOL Z 1 1             -2.97009          0.322975E-01          
   2   CHOL A 1 1             -3.45388          0.313335              

 Convergence criteria for last 3 iterates
 Change in log likelihood    =   13.679528    0.221816    0.000000
 Change in parameter vector  =    0.030466    0.005130    0.000000
 Norm of gradient vector     =    183.3620     25.1092     13.8039
 Newton decrement            =    -42.1255    -18.2754    -17.9827

***** Estimates of residual covariances   ************************************
      Order of fit           =       1
 Covariance matrix
   1    0.26316E-02
 Matrix of correlations and variance ratios
   1      0.7246
 Covariances & correlations with approximate sampling errors
   1  COVS Z 1 1       0.263157E-02   0.169986E-03   vrat     0.725   0.126

***** Estimates for RE  1   "NSEC"   *****************************************
      No. of levels          =      27
      Covariance structure   = NRM
      Order of fit           =       1
 Covariance matrix
   1    0.10000E-02
 Matrix of correlations and variance ratios
   1      0.2754
 Covariances & correlations with approximate sampling errors
   2  COVS A 1 1       0.100000E-02   0.626671E-03   vrat     0.275   0.126

***** Estimates of phenotypic covariances  ***********************************
 Covariance matrix
   1    0.36316E-02
 Covariances & correlations with approximate sampling errors
   3  COVS T 1 1       0.363157E-02   0.646236E-03
  
======== end of file ============================17-06-2025==========15:17====
  
