======= Version 03-11-2023 ======================================= **KM** ====

        Program WOMBAT: Estimates of covariance components
==============================================================================

 bivariate WOMBAT analysis of LA from Rep2 FLX null model                   

 Analysis type          :   "MUV 2"
 Data file              :   "flx2LA_dat.dat"
 Pedigree file          :   "ReducedPedFile.dat"
 Parameter file         :   "flx2LA_null.par"
  
 No. of traits          =      2                   mLA                 fLA
 No. of records         =    954           493         461
 No. of parameters      =      8
   ... not estimated    =      1
 Maximum log L          =         -1401.148
 -1/2 AIC & AICC        =         -1408.148         -1408.207
 -1/2 BIC               =         -1425.131    "Penalty factor" =   3.426
  
 Operational zero used  =     0.00000001000
 Value for "small"      =     0.00010000000
 Limit: "small" pivots  =     0.00100000000
  
 Eigenvalues of AI matrix
    171.763        112.569        59.1745        22.6566        9.19303       0.111297       0.244735E-17   -0.00000    

 Parameter estimates with approx. sampling erors
   1   CHOL Z 1 1              2.86901          0.146988              
   2   CHOL Z 1 2              0.00000           1000.00              
   3   CHOL Z 2 2              2.25804          0.768440E-01          
   4   CHOL A 1 1             -1.04540           2.99522              
   5   CHOL A 2 2             -1.85607           999.861              
   6   CHOL B 1 1            -0.153679           16.6051              
   7   CHOL B 1 2             0.736694E-01       1.24124              
   8   CHOL B 2 2            -0.672010          0.477278              

 Convergence criteria for last 3 iterates
 Change in log likelihood    =    0.004274    0.001326    0.000411
 Change in parameter vector  =    0.003767    0.002071    0.001140
 Norm of gradient vector     =      0.8107      0.4522      0.2506
 Newton decrement            =     -0.0109     -0.0034     -0.0010

***** Estimates of residual covariances   ************************************
      Order of fit           =       2
 Covariance matrix
   1     8.2312    
   2     0.0000       5.0988    
 Eigenvalues of covariance matrix
 Value         8.23         5.10
   (%)        61.75        38.25
 Trace        13.33
 Matrix of correlations and variance ratios
   1      0.9055
   2      0.0000    0.9461
 Covariances & correlations with approximate sampling errors
   1  COVS Z 1 1        8.23124       0.843421       vrat     0.906   0.081
   3  COVS Z 2 2        5.09876       0.520510       vrat     0.946   0.074

***** Estimates for RE  1   "ANIMAL"   ***************************************
      No. of levels          =    1189
      Covariance structure   = NRM
      Order of fit           =       2
 Variance components
   1    0.12359    
   2    0.24425E-01
 Variance ratios
   1      0.0136
   2      0.0045
 Covariances & correlations with approximate sampling errors
   4  COVS A 1 1       0.123587       0.740342       vrat     0.014   0.081
   5  COVS A 2 2       0.244250E-01   0.397683       vrat     0.005   0.074

***** Estimates for RE  2   "NSEC"   *****************************************
      No. of levels          =      26
      Covariance structure   = IDE
      Order of fit           =       2
 Covariance matrix
   1    0.73539    
   2    0.63175E-01  0.26622    
 Eigenvalues of covariance matrix
 Value         0.74         0.26
   (%)        74.25        25.75
 Trace         1.00
 Matrix of correlations and variance ratios
   1      0.0809
   2      0.1428    0.0494
 Covariances & correlations with approximate sampling errors
   6  COVS B 1 1       0.735387       0.393424       vrat     0.081   0.041
   7  COVS B 1 2       0.631750E-01   0.181395       corr     0.143   0.404
   8  COVS B 2 2       0.266222       0.177055       vrat     0.049   0.032

***** Estimates of phenotypic covariances  ***********************************
 Covariance matrix
   1     9.0902    
   2    0.63175E-01   5.3894    
 Eigenvalues of covariance matrix
 Value         9.09         5.39
   (%)        62.79        37.21
 Trace        14.48
 Correlation matrix
   1      1.0000
   2      0.0090    1.0000
 Covariances & correlations with approximate sampling errors
   9  COVS T 1 1        9.09021       0.636483    
  10  COVS T 1 2       0.631750E-01   0.181395       corr     0.009   0.026
  11  COVS T 2 2        5.38941       0.370643    
  
======== end of file ============================25-06-2025==========17:51====
  
