======= Version 03-11-2023 ======================================= **KM** ====

        Program WOMBAT: Estimates of covariance components
==============================================================================

 WOMBAT analysis of  Rep1FLX female DR                                      

 Analysis type          :   "UNI"
 Data file              :   "flx1fDR_dat.dat"
 Pedigree file          :   "ReducedPedFile.dat"
 Parameter file         :   "flx1fDR_par.par"
  
 No. of traits          =      1                    DR
 No. of records         =    457           457
 No. of parameters      =      3
 Maximum log L          =          -901.293
 -1/2 AIC & AICC        =          -904.293          -904.320
 -1/2 BIC               =          -910.467    "Penalty factor" =   3.058
  
 Operational zero used  =     0.00000001000
 Value for "small"      =     0.00010000000
 Limit: "small" pivots  =     0.00100000000
  
 Eigenvalues of AI matrix
    45.3332        6.54820        2.69411    

 Parameter estimates with approx. sampling erors
   1   CHOL Z 1 1              3.14036          0.356244              
   2   CHOL A 1 1              3.16965          0.477552              
   3   CHOL B 1 1             0.130616          0.437021              

 Convergence criteria for last 3 iterates
 Change in log likelihood    =    0.285291    0.001815    0.000046
 Change in parameter vector  =    0.059021    0.007473    0.001101
 Norm of gradient vector     =      2.3500      0.0996      0.0176
 Newton decrement            =     -0.5956     -0.0032     -0.0001

***** Estimates of residual covariances   ************************************
      Order of fit           =       1
 Covariance matrix
   1     9.8618    
 Matrix of correlations and variance ratios
   1      0.4650
 Covariances & correlations with approximate sampling errors
   1  COVS Z 1 1        9.86183        2.23746       vrat     0.465   0.113

***** Estimates for RE  1   "ANIMAL"   ***************************************
      No. of levels          =     683
      Covariance structure   = NRM
      Order of fit           =       1
 Covariance matrix
   1     10.047    
 Matrix of correlations and variance ratios
   1      0.4737
 Covariances & correlations with approximate sampling errors
   2  COVS A 1 1        10.0467        3.02735       vrat     0.474   0.131

***** Estimates for RE  2   "NSEC"   *****************************************
      No. of levels          =      26
      Covariance structure   = IDE
      Order of fit           =       1
 Covariance matrix
   1     1.2985    
 Matrix of correlations and variance ratios
   1      0.0612
 Covariances & correlations with approximate sampling errors
   3  COVS B 1 1        1.29853        1.13497       vrat     0.061   0.052

***** Estimates of phenotypic covariances  ***********************************
 Covariance matrix
   1     21.207    
 Covariances & correlations with approximate sampling errors
   4  COVS T 1 1        21.2070        1.66691    
  
======== end of file ============================12-06-2025==========10:13====
  
