======= Version 03-11-2023 ======================================= **KM** ====

        Program WOMBAT: Estimates of covariance components
==============================================================================

 WOMBAT analysis of  Rep1CWT female wing length, null model                 

 Analysis type          :   "UNI"
 Data file              :   "cwt1fWS_dat.dat"
 Pedigree file          :   "ReducedPedFile.dat"
 Parameter file         :   "cwt1fWS_null.par"
  
 No. of traits          =      1                    WL
 No. of records         =    396           396
 No. of parameters      =      2
 Maximum log L          =           929.052
 -1/2 AIC & AICC        =           927.052           927.037
 -1/2 BIC               =           923.081    "Penalty factor" =   2.986
  
 Operational zero used  =     0.00000001000
 Value for "small"      =     0.00010000000
 Limit: "small" pivots  =     0.00100000000
  
 Eigenvalues of AI matrix
    738.527        22.2514    

 Parameter estimates with approx. sampling erors
   1   CHOL Z 1 1             -2.93740          0.368333E-01          
   2   CHOL A 1 1             -3.45388          0.211987              

 Convergence criteria for last 3 iterates
 Change in log likelihood    =   15.437820    0.384163    0.000000
 Change in parameter vector  =    0.035474    0.007181    0.000000
 Norm of gradient vector     =    174.7874     24.9322      5.5453
 Newton decrement            =    -29.1248     -2.0096     -1.2870

***** Estimates of residual covariances   ************************************
      Order of fit           =       1
 Covariance matrix
   1    0.28094E-02
 Matrix of correlations and variance ratios
   1      0.7375
 Covariances & correlations with approximate sampling errors
   1  COVS Z 1 1       0.280938E-02   0.206957E-03   vrat     0.737   0.084

***** Estimates for RE  1   "NSEC"   *****************************************
      No. of levels          =      28
      Covariance structure   = NRM
      Order of fit           =       1
 Covariance matrix
   1    0.10000E-02
 Matrix of correlations and variance ratios
   1      0.2625
 Covariances & correlations with approximate sampling errors
   2  COVS A 1 1       0.100000E-02   0.423974E-03   vrat     0.263   0.084

***** Estimates of phenotypic covariances  ***********************************
 Covariance matrix
   1    0.38094E-02
 Covariances & correlations with approximate sampling errors
   3  COVS T 1 1       0.380938E-02   0.463636E-03
  
======== end of file ============================12-06-2025==========12:10====
  
