======= Version 03-11-2023 ======================================= **KM** ====

        Program WOMBAT: Estimates of covariance components
==============================================================================

 WOMBAT analysis of  Rep1FLX female WS, null model                          

 Analysis type          :   "UNI"
 Data file              :   "flx1fWS_datnull.dat"
 Pedigree file          :   "ReducedPedFile.dat"
 Parameter file         :   "flx1fWS_null.par"
  
 No. of traits          =      1                    WS
 No. of records         =    457           457
 No. of parameters      =      2
 Maximum log L          =          1111.656
 -1/2 AIC & AICC        =          1109.656          1109.643
 -1/2 BIC               =          1105.540    "Penalty factor" =   3.058
  
 Operational zero used  =     0.00000001000
 Value for "small"      =     0.00010000000
 Limit: "small" pivots  =     0.00100000000
  
 Eigenvalues of AI matrix
    859.856        13.4086    

 Parameter estimates with approx. sampling erors
   1   CHOL Z 1 1             -3.00923          0.341256E-01          
   2   CHOL A 1 1             -3.45388          0.273089              

 Convergence criteria for last 3 iterates
 Change in log likelihood    =   10.280801    0.132266    0.000000
 Change in parameter vector  =    0.028279    0.004468    0.000000
 Norm of gradient vector     =    148.7590     18.3973     10.3522
 Newton decrement            =    -25.2157     -7.4364     -7.3270

***** Estimates of residual covariances   ************************************
      Order of fit           =       1
 Covariance matrix
   1    0.24334E-02
 Matrix of correlations and variance ratios
   1      0.7087
 Covariances & correlations with approximate sampling errors
   1  COVS Z 1 1       0.243340E-02   0.166083E-03   vrat     0.709   0.114

***** Estimates for RE  1   "NSEC"   *****************************************
      No. of levels          =      26
      Covariance structure   = NRM
      Order of fit           =       1
 Covariance matrix
   1    0.10000E-02
 Matrix of correlations and variance ratios
   1      0.2913
 Covariances & correlations with approximate sampling errors
   2  COVS A 1 1       0.100000E-02   0.546177E-03   vrat     0.291   0.114

***** Estimates of phenotypic covariances  ***********************************
 Covariance matrix
   1    0.34334E-02
 Covariances & correlations with approximate sampling errors
   3  COVS T 1 1       0.343340E-02   0.565046E-03
  
======== end of file ============================11-06-2025==========17:45====
  
