======= Version 03-11-2023 ======================================= **KM** ====

        Program WOMBAT: Estimates of covariance components
==============================================================================

 WOMBAT analysis of  Rep1FLX male LA                                        

 Analysis type          :   "UNI"
 Data file              :   "flx1mLA_dat.dat"
 Pedigree file          :   "ReducedPedFile.dat"
 Parameter file         :   "flx1mLA_par.par"
  
 No. of traits          =      1                    LA
 No. of records         =    488           488
 No. of parameters      =      3
 Maximum log L          =          -768.889
 -1/2 AIC & AICC        =          -771.889          -771.914
 -1/2 BIC               =          -778.163    "Penalty factor" =   3.091
  
 Operational zero used  =     0.00000001000
 Value for "small"      =     0.00010000000
 Limit: "small" pivots  =     0.00100000000
  
 Eigenvalues of AI matrix
    109.455        9.11793        2.86203    

 Parameter estimates with approx. sampling erors
   1   CHOL Z 1 1              2.31029          0.200280              
   2   CHOL A 1 1              1.85576          0.314204              
   3   CHOL B 1 1            -0.518622          0.573913              

 Convergence criteria for last 3 iterates
 Change in log likelihood    =    7.314258    0.155200    0.000082
 Change in parameter vector  =    0.110436    0.024386    0.001000
 Norm of gradient vector     =     48.6590      5.7846      0.1054
 Newton decrement            =    -13.8005     -0.3063     -0.0002

***** Estimates of residual covariances   ************************************
      Order of fit           =       1
 Covariance matrix
   1     5.3374    
 Matrix of correlations and variance ratios
   1      0.5842
 Covariances & correlations with approximate sampling errors
   1  COVS Z 1 1        5.33745       0.925410       vrat     0.584   0.107

***** Estimates for RE  1   "ANIMAL"   ***************************************
      No. of levels          =     717
      Covariance structure   = NRM
      Order of fit           =       1
 Covariance matrix
   1     3.4438    
 Matrix of correlations and variance ratios
   1      0.3770
 Covariances & correlations with approximate sampling errors
   2  COVS A 1 1        3.44383        1.16617       vrat     0.377   0.120

***** Estimates for RE  2   "NSEC"   *****************************************
      No. of levels          =      26
      Covariance structure   = IDE
      Order of fit           =       1
 Covariance matrix
   1    0.35443    
 Matrix of correlations and variance ratios
   1      0.0388
 Covariances & correlations with approximate sampling errors
   3  COVS B 1 1       0.354430       0.406824       vrat     0.039   0.044

***** Estimates of phenotypic covariances  ***********************************
 Covariance matrix
   1     9.1357    
 Covariances & correlations with approximate sampling errors
   4  COVS T 1 1        9.13571       0.659923    
  
======== end of file ============================12-06-2025==========10:27====
  
