======= Version 03-11-2023 ======================================= **KM** ====

        Program WOMBAT: Estimates of covariance components
==============================================================================

 WOMBAT analysis of  Rep1CWT male wing length,                              

 Analysis type          :   "UNI"
 Data file              :   "cwt1mWS_dat.dat"
 Pedigree file          :   "ReducedPedFile.dat"
 Parameter file         :   "cwt1mWS_par.par"
  
 No. of traits          =      1                    WL
 No. of records         =    508           508
 No. of parameters      =      3
 Maximum log L          =          1273.325
 -1/2 AIC & AICC        =          1270.325          1270.301
 -1/2 BIC               =          1263.991    "Penalty factor" =   3.111
  
 Operational zero used  =     0.00000001000
 Value for "small"      =     0.00010000000
 Limit: "small" pivots  =     0.00100000000
  
 Eigenvalues of AI matrix
    402.374        23.7124        9.69025    

 Parameter estimates with approx. sampling erors
   1   CHOL Z 1 1             -3.45388          0.172277              
   2   CHOL A 1 1             -3.11106          0.124036              
   3   CHOL B 1 1             -3.45388          0.320608              

 Convergence criteria for last 3 iterates
 Change in log likelihood    =    0.304002    0.004838    0.000076
 Change in parameter vector  =    0.000779    0.000013    0.000000
 Norm of gradient vector     =     85.0157     83.6911     83.6698
 Newton decrement            =    -31.1239    -30.4882    -30.4781

***** Estimates of residual covariances   ************************************
      Order of fit           =       1
 Covariance matrix
   1    0.10000E-02
 Matrix of correlations and variance ratios
   1      0.2509
 Covariances & correlations with approximate sampling errors
   1  COVS Z 1 1       0.100000E-02   0.344554E-03   vrat     0.251   0.099

***** Estimates for RE  1   "ANIMAL"   ***************************************
      No. of levels          =     748
      Covariance structure   = NRM
      Order of fit           =       1
 Covariance matrix
   1    0.19850E-02
 Matrix of correlations and variance ratios
   1      0.4981
 Covariances & correlations with approximate sampling errors
   2  COVS A 1 1       0.198503E-02   0.492428E-03   vrat     0.498   0.135

***** Estimates for RE  2   "NSEC"   *****************************************
      No. of levels          =      28
      Covariance structure   = IDE
      Order of fit           =       1
 Covariance matrix
   1    0.10000E-02
 Matrix of correlations and variance ratios
   1      0.2509
 Covariances & correlations with approximate sampling errors
   3  COVS B 1 1       0.100000E-02   0.641216E-03   vrat     0.251   0.123

***** Estimates of phenotypic covariances  ***********************************
 Covariance matrix
   1    0.39850E-02
 Covariances & correlations with approximate sampling errors
   4  COVS T 1 1       0.398503E-02   0.670898E-03
  
======== end of file ============================12-06-2025==========11:58====
  
