======= Version 03-11-2023 ======================================= **KM** ====

        Program WOMBAT: Estimates of covariance components
==============================================================================

 bivariate WOMBAT analysis of WS from Rep2 CFM null model                   

 Analysis type          :   "MUV 2"
 Data file              :   "cfm2WS_dat.dat"
 Pedigree file          :   "ReducedPedFile.dat"
 Parameter file         :   "cfm2WS_null.par"
  
 No. of traits          =      2                   mWS                 fWS
 No. of records         =    953           506         447
 No. of parameters      =      8
   ... not estimated    =      1
 Maximum log L          =          2258.552
 -1/2 AIC & AICC        =          2251.552          2251.493
 -1/2 BIC               =          2234.573    "Penalty factor" =   3.426
  
 Operational zero used  =     0.00000001000
 Value for "small"      =     0.00010000000
 Limit: "small" pivots  =     0.00001000000
  
 Eigenvalues of AI matrix
    7468.30        449.920        318.021        32.9456        22.4766        1.25119       -0.00000      -0.336074E-15

 Parameter estimates with approx. sampling erors
   1   CHOL Z 1 1             -3.06463          0.562276E-01          
   2   CHOL Z 1 2              0.00000           1000.00      constant
   3   CHOL Z 2 2             -3.34458          0.128059              
   4   CHOL A 1 1             -3.17854          0.128649              
   5   CHOL A 2 2             -3.16546           138.093              
   6   CHOL B 1 1             -4.42057          0.892743              
   7   CHOL B 1 2             0.154519E-01      0.236726E-01          
   8   CHOL B 2 2             -4.15056           990.419              

 Convergence criteria for last 3 iterates
 Change in log likelihood    =************    1.052359    0.001238
 Change in parameter vector  =    0.672800    0.045819    0.001097
 Norm of gradient vector     =      0.0000     87.4317    185.4640
 Newton decrement            =      0.0000    -47.8822    -43.7892

***** Estimates of residual covariances   ************************************
      Order of fit           =       2
 Covariance matrix
   1    0.12443E-02
   2     0.0000      0.21782E-02
 Eigenvalues of covariance matrix
 Value         0.00         0.00
   (%)        63.64        36.36
 Trace         0.00
 Matrix of correlations and variance ratios
   1      0.3590
   2      0.0000    0.5308
 Covariances & correlations with approximate sampling errors
   1  COVS Z 1 1       0.124432E-02   0.318693E-03   vrat     0.359   0.106
   3  COVS Z 2 2       0.217820E-02   0.448191E-03   vrat     0.531   0.115

***** Estimates for RE  1   "ANIMAL"   ***************************************
      No. of levels          =    1193
      Covariance structure   = NRM
      Order of fit           =       2
 Variance components
   1    0.17344E-02
   2    0.17804E-02
 Variance ratios
   1      0.5004
   2      0.4339
 Covariances & correlations with approximate sampling errors
   4  COVS A 1 1       0.173443E-02   0.446266E-03   vrat     0.500   0.131
   5  COVS A 2 2       0.178041E-02   0.556638E-03   vrat     0.434   0.129

***** Estimates for RE  2   "NSEC"   *****************************************
      No. of levels          =      27
      Covariance structure   = IDE
      Order of fit           =       2
 Covariance matrix
   1    0.48700E-03
   2    0.18585E-03  0.14466E-03
 Eigenvalues of covariance matrix
 Value         0.00         0.00
   (%)        90.00        10.00
 Trace         0.00
 Matrix of correlations and variance ratios
   1      0.1405
   2      0.7002    0.0353
 Covariances & correlations with approximate sampling errors
   6  COVS B 1 1       0.487001E-03   0.440361E-03   vrat     0.141   0.111
   7  COVS B 1 2       0.185846E-03   0.241447E-03   corr     0.700  failed
   8  COVS B 2 2       0.144659E-03   0.267380E-03   vrat     0.035   0.063

***** Estimates of phenotypic covariances  ***********************************
 Covariance matrix
   1    0.34658E-02
   2    0.18585E-03  0.41033E-02
 Eigenvalues of covariance matrix
 Value         0.00         0.00
   (%)        54.87        45.13
 Trace         0.01
 Correlation matrix
   1      1.0000
   2      0.0493    1.0000
 Covariances & correlations with approximate sampling errors
   9  COVS T 1 1       0.346575E-02   0.476440E-03
  10  COVS T 1 2       0.185846E-03   0.241447E-03   corr     0.049   0.064
  11  COVS T 2 2       0.410327E-02   0.360631E-03
  
======== end of file ============================26-06-2025==========13:16====
  
