======= Version 03-11-2023 ======================================= **KM** ====

        Program WOMBAT: Estimates of covariance components
==============================================================================

 bivariate WOMBAT analysis of DR from Rep1 FLX                              

 Analysis type          :   "MUV 2"
 Data file              :   "flx1DR_dat.dat"
 Pedigree file          :   "ReducedPedFile.dat"
 Parameter file         :   "flx1DR_par.par"
  
 No. of traits          =      2                   mDR                 fDR
 No. of records         =    945           488         457
 No. of parameters      =      9
   ... not estimated    =      1
 Maximum log L          =         -1442.526
 -1/2 AIC & AICC        =         -1450.526         -1450.603
 -1/2 BIC               =         -1469.896    "Penalty factor" =   3.421
  
 Operational zero used  =     0.00000001000
 Value for "small"      =     0.00010000000
 Limit: "small" pivots  =     0.00100000000
  
 Eigenvalues of AI matrix
    254.384        47.4887        17.3177        11.6065        10.1103        4.86393        2.97649       0.346644E-05
   -0.00000    

 Parameter estimates with approx. sampling erors
   1   CHOL Z 1 1              3.20424          0.336600              
   2   CHOL Z 1 2              0.00000           1000.00              
   3   CHOL Z 2 2              1.05630          0.199305              
   4   CHOL A 1 1              3.07461          0.463565              
   5   CHOL A 1 2              1.04560          0.280642              
   6   CHOL A 2 2              1.30272          0.248335              
   7   CHOL B 1 1            -0.386997          0.328857              
   8   CHOL B 1 2              1.29514          0.542863              
   9   CHOL B 2 2             -3.45388           537.104              

 Convergence criteria for last 3 iterates
 Change in log likelihood    =    0.518193    0.004044    0.000120
 Change in parameter vector  =    0.041485    0.004384    0.002766
 Norm of gradient vector     =     11.5597      1.1870      0.1328
 Newton decrement            =     -1.0487     -0.0253     -0.0166

***** Estimates of residual covariances   ************************************
      Order of fit           =       2
 Covariance matrix
   1     1.1158    
   2     0.0000       10.267    
 Eigenvalues of covariance matrix
 Value        10.27         1.12
   (%)        90.20         9.80
 Trace        11.38
 Matrix of correlations and variance ratios
   1      0.2555
   2      0.0000    0.4798
 Covariances & correlations with approximate sampling errors
   1  COVS Z 1 1        1.11578       0.421052       vrat     0.255   0.104
   3  COVS Z 2 2        10.2672        2.15710       vrat     0.480   0.108

***** Estimates for RE  1   "ANIMAL"   ***************************************
      No. of levels          =    1185
      Covariance structure   = NRM
      Order of fit           =       2
 Covariance matrix
   1     2.7904    
   2     3.2148       9.4532    
 Eigenvalues of covariance matrix
 Value        10.75         1.49
   (%)        87.81        12.19
 Trace        12.24
 Matrix of correlations and variance ratios
   1      0.6389
   2      0.6259    0.4418
 Covariances & correlations with approximate sampling errors
   4  COVS A 1 1        2.79035       0.631951       vrat     0.639   0.128
   5  COVS A 1 2        3.21481       0.977542       corr     0.626   0.151
   6  COVS A 2 2        9.45321        2.85056       vrat     0.442   0.125

***** Estimates for RE  2   "NSEC"   *****************************************
      No. of levels          =      26
      Covariance structure   = IDE
      Order of fit           =       2
 Covariance matrix
   1    0.46117    
   2    0.87952       1.6784    
 Eigenvalues of covariance matrix
 Value         2.14         0.00
   (%)        99.99         0.01
 Trace         2.14
 Matrix of correlations and variance ratios
   1      0.1056
   2      0.9997    0.0784
 Covariances & correlations with approximate sampling errors
   7  COVS B 1 1       0.461167       0.303316       vrat     0.106   0.064
   8  COVS B 1 2       0.879523       0.509479       corr     1.000   0.320
   9  COVS B 2 2        1.67839        1.27785       vrat     0.078   0.057

***** Estimates of phenotypic covariances  ***********************************
 Covariance matrix
   1     4.3673    
   2     4.0943       21.399    
 Eigenvalues of covariance matrix
 Value        22.33         3.43
   (%)        86.67        13.33
 Trace        25.77
 Correlation matrix
   1      1.0000
   2      0.4235    1.0000
 Covariances & correlations with approximate sampling errors
  10  COVS T 1 1        4.36730       0.389253    
  11  COVS T 1 2        4.09433       0.988866       corr     0.424   0.087
  12  COVS T 2 2        21.3988        1.75150    
  
======== end of file ============================24-06-2025==========13:01====
  
