======= Version 03-11-2023 ======================================= **KM** ====

        Program WOMBAT: Estimates of covariance components
==============================================================================

 bivariate WOMBAT analysis of WS from Rep2 FLX                              

 Analysis type          :   "MUV 2"
 Data file              :   "flx2WS_dat.dat"
 Pedigree file          :   "ReducedPedFile.dat"
 Parameter file         :   "flx2WS_par.par"
  
 No. of traits          =      2                   mWS                 fWS
 No. of records         =    954           493         461
 No. of parameters      =      9
   ... not estimated    =      1
 Maximum log L          =          2381.044
 -1/2 AIC & AICC        =          2373.044          2372.968
 -1/2 BIC               =          2353.635    "Penalty factor" =   3.426
  
 Operational zero used  =     0.00000001000
 Value for "small"      =     0.00010000000
 Limit: "small" pivots  =     0.00001000000
  
 Eigenvalues of AI matrix
    172973.        8364.14        554.034        39.3921        17.1643        6.40811       0.633045       0.259861E-01
   -0.00000    

 Parameter estimates with approx. sampling erors
   1   CHOL Z 1 1             -3.61103          0.237962              
   2   CHOL Z 1 2              0.00000           1000.00              
   3   CHOL Z 2 2             -3.97963          0.389740              
   4   CHOL A 1 1             -2.97969          0.104536              
   5   CHOL A 1 2             0.354840E-01      0.575175E-02          
   6   CHOL A 2 2             -3.48309          0.193488              
   7   CHOL B 1 1             -4.84496           1.25463              
   8   CHOL B 1 2             0.264513E-02      0.133096E-01          
   9   CHOL B 2 2             -5.75646           6.20260              

 Convergence criteria for last 3 iterates
 Change in log likelihood    =    0.001649    0.002528    0.000213
 Change in parameter vector  =    0.001829    0.000767    0.001565
 Norm of gradient vector     =     45.9919     51.2175     44.6143
 Newton decrement            =     -0.8464     -0.8128     -0.8391

***** Estimates of residual covariances   ************************************
      Order of fit           =       2
 Covariance matrix
   1    0.34941E-03
   2     0.0000      0.73030E-03
 Eigenvalues of covariance matrix
 Value         0.00         0.00
   (%)        67.64        32.36
 Trace         0.00
 Matrix of correlations and variance ratios
   1      0.1360
   2      0.0000    0.2165
 Covariances & correlations with approximate sampling errors
   1  COVS Z 1 1       0.349412E-03   0.272360E-03   vrat     0.136   0.111
   3  COVS Z 2 2       0.730298E-03   0.347566E-03   vrat     0.216   0.110

***** Estimates for RE  1   "ANIMAL"   ***************************************
      No. of levels          =    1189
      Covariance structure   = NRM
      Order of fit           =       2
 Covariance matrix
   1    0.22024E-02
   2    0.18029E-02  0.25815E-02
 Eigenvalues of covariance matrix
 Value         0.00         0.00
   (%)        87.89        12.11
 Trace         0.00
 Matrix of correlations and variance ratios
   1      0.8574
   2      0.7561    0.7652
 Covariances & correlations with approximate sampling errors
   4  COVS A 1 1       0.220236E-02   0.432085E-03   vrat     0.857   0.136
   5  COVS A 1 2       0.180290E-02   0.370948E-03   corr     0.756   0.096
   6  COVS A 2 2       0.258153E-02   0.539726E-03   vrat     0.765   0.129

***** Estimates for RE  2   "NSEC"   *****************************************
      No. of levels          =      26
      Covariance structure   = IDE
      Order of fit           =       2
 Covariance matrix
   1    0.16997E-04
   2    0.20812E-04  0.61904E-04
 Eigenvalues of covariance matrix
 Value         0.00         0.00
   (%)        88.80        11.20
 Trace         0.00
 Matrix of correlations and variance ratios
   1      0.0066
   2      0.6416    0.0183
 Covariances & correlations with approximate sampling errors
   7  COVS B 1 1       0.169967E-04   0.154326E-03   vrat     0.007   0.060
   8  COVS B 1 2       0.208117E-04   0.118739E-03   corr     0.642  failed
   9  COVS B 2 2       0.619040E-04   0.155333E-03   vrat     0.018   0.046

***** Estimates of phenotypic covariances  ***********************************
 Covariance matrix
   1    0.25688E-02
   2    0.18237E-02  0.33737E-02
 Eigenvalues of covariance matrix
 Value         0.00         0.00
   (%)        81.43        18.57
 Trace         0.01
 Correlation matrix
   1      1.0000
   2      0.6195    1.0000
 Covariances & correlations with approximate sampling errors
  10  COVS T 1 1       0.256877E-02   0.227901E-03
  11  COVS T 1 2       0.182371E-02   0.349136E-03   corr     0.619   0.094
  12  COVS T 2 2       0.337373E-02   0.273418E-03
  
======== end of file ============================25-06-2025==========16:45====
  
