======= Version 03-11-2023 ======================================= **KM** ====

        Program WOMBAT: Estimates of covariance components
==============================================================================

 WOMBAT analysis of  Rep1CFM male wing length, null model                   

 Analysis type          :   "UNI"
 Data file              :   "cfm1mWS_dat.dat"
 Pedigree file          :   "ReducedPedFile.dat"
 Parameter file         :   "cfm1mWS_null.par"
  
 No. of traits          =      1                    WL
 No. of records         =    493           493
 No. of parameters      =      2
 Maximum log L          =          1204.850
 -1/2 AIC & AICC        =          1202.850          1202.838
 -1/2 BIC               =          1198.657    "Penalty factor" =   3.096
  
 Operational zero used  =     0.00000001000
 Value for "small"      =     0.00010000000
 Limit: "small" pivots  =     0.00100000000
  
 Eigenvalues of AI matrix
    931.971        5.73648    

 Parameter estimates with approx. sampling erors
   1   CHOL Z 1 1             -3.01187          0.327599E-01          
   2   CHOL A 1 1             -3.45388          0.417520              

 Convergence criteria for last 3 iterates
 Change in log likelihood    =   10.895479    0.134164    0.000000
 Change in parameter vector  =    0.028010    0.004313    0.000000
 Norm of gradient vector     =    159.9796     23.2314     16.7716
 Newton decrement            =    -64.8892    -47.1575    -47.2517

***** Estimates of residual covariances   ************************************
      Order of fit           =       1
 Covariance matrix
   1    0.24206E-02
 Matrix of correlations and variance ratios
   1      0.7077
 Covariances & correlations with approximate sampling errors
   1  COVS Z 1 1       0.242061E-02   0.158598E-03   vrat     0.708   0.173

***** Estimates for RE  1   "NSEC"   *****************************************
      No. of levels          =      27
      Covariance structure   = NRM
      Order of fit           =       1
 Covariance matrix
   1    0.10000E-02
 Matrix of correlations and variance ratios
   1      0.2923
 Covariances & correlations with approximate sampling errors
   2  COVS A 1 1       0.100000E-02   0.835040E-03   vrat     0.292   0.173

***** Estimates of phenotypic covariances  ***********************************
 Covariance matrix
   1    0.34206E-02
 Covariances & correlations with approximate sampling errors
   3  COVS T 1 1       0.342061E-02   0.847762E-03
  
======== end of file ============================12-06-2025==========10:57====
  
