======= Version 03-11-2023 ======================================= **KM** ====

        Program WOMBAT: Estimates of covariance components
==============================================================================

 bivariate WOMBAT analysis of WS from Rep1 CWT null model                   

 Analysis type          :   "MUV 2"
 Data file              :   "cwt1WS_dat.dat"
 Pedigree file          :   "ReducedPedFile.dat"
 Parameter file         :   "cwt1WS_null.par"
  
 No. of traits          =      2                   mWS                 fWS
 No. of records         =    904           508         396
 No. of parameters      =      8
   ... not estimated    =      1
 Maximum log L          =          2232.627
 -1/2 AIC & AICC        =          2225.627          2225.565
 -1/2 BIC               =          2208.834    "Penalty factor" =   3.399
  
 Operational zero used  =     0.00000001000
 Value for "small"      =     0.00010000000
 Limit: "small" pivots  =     0.00001000000
  
 Eigenvalues of AI matrix
    37632.2        667.520        520.936        98.7563        10.4085        9.56256       0.128298E-16   -0.00000    

 Parameter estimates with approx. sampling erors
   1   CHOL Z 1 1             -3.53031          0.100816              
   2   CHOL Z 1 2              0.00000           1000.00              
   3   CHOL Z 2 2             -3.86676          0.309678              
   4   CHOL A 1 1             -3.07210          0.101098              
   5   CHOL A 2 2             -3.03847           4.35817              
   6   CHOL B 1 1             -3.84488          0.306029              
   7   CHOL B 1 2             0.137557E-01      0.704093E-02          
   8   CHOL B 2 2             -5.75637           999.991              

 Convergence criteria for last 3 iterates
 Change in log likelihood    =    1.478627    0.017132    0.000000
 Change in parameter vector  =    0.023831    0.008558    0.000000
 Norm of gradient vector     =    139.1679     76.7546     28.0060
 Newton decrement            =    -11.6306     -1.4283     -0.4054

***** Estimates of residual covariances   ************************************
      Order of fit           =       2
 Covariance matrix
   1    0.43790E-03
   2     0.0000      0.85824E-03
 Eigenvalues of covariance matrix
 Value         0.00         0.00
   (%)        66.22        33.78
 Trace         0.00
 Matrix of correlations and variance ratios
   1      0.1573
   2      0.0000    0.2377
 Covariances & correlations with approximate sampling errors
   1  COVS Z 1 1       0.437900E-03   0.271218E-03   vrat     0.157   0.103
   3  COVS Z 2 2       0.858240E-03   0.397488E-03   vrat     0.238   0.118

***** Estimates for RE  1   "ANIMAL"   ***************************************
      No. of levels          =    1146
      Covariance structure   = NRM
      Order of fit           =       2
 Variance components
   1    0.21459E-02
   2    0.22952E-02
 Variance ratios
   1      0.7711
   2      0.6356
 Covariances & correlations with approximate sampling errors
   4  COVS A 1 1       0.214590E-02   0.433895E-03   vrat     0.771   0.128
   5  COVS A 2 2       0.229520E-02   0.595424E-03   vrat     0.636   0.146

***** Estimates for RE  2   "NSEC"   *****************************************
      No. of levels          =      28
      Covariance structure   = IDE
      Order of fit           =       2
 Covariance matrix
   1    0.19922E-03
   2    0.29422E-03  0.45749E-03
 Eigenvalues of covariance matrix
 Value         0.00         0.00
   (%)        98.93         1.07
 Trace         0.00
 Matrix of correlations and variance ratios
   1      0.0716
   2      0.9746    0.1267
 Covariances & correlations with approximate sampling errors
   6  COVS B 1 1       0.199220E-03   0.166103E-03   vrat     0.072   0.057
   7  COVS B 1 2       0.294220E-03   0.157607E-03   corr     0.975   0.530
   8  COVS B 2 2       0.457490E-03   0.287638E-03   vrat     0.127   0.073

***** Estimates of phenotypic covariances  ***********************************
 Covariance matrix
   1    0.27830E-02
   2    0.29422E-03  0.36109E-02
 Eigenvalues of covariance matrix
 Value         0.00         0.00
   (%)        57.94        42.06
 Trace         0.01
 Correlation matrix
   1      1.0000
   2      0.0928    1.0000
 Covariances & correlations with approximate sampling errors
   9  COVS T 1 1       0.278302E-02   0.239535E-03
  10  COVS T 1 2       0.294220E-03   0.157607E-03   corr     0.093   0.048
  11  COVS T 2 2       0.361093E-02   0.363532E-03
  
======== end of file ============================24-06-2025==========17:17====
  
