======= Version 03-11-2023 ======================================= **KM** ====

        Program WOMBAT: Estimates of covariance components
==============================================================================

 WOMBAT analysis of  Rep1CFM female DR                                      

 Analysis type          :   "UNI"
 Data file              :   "cfm1fDR_dat.dat"
 Pedigree file          :   "ReducedPedFile.dat"
 Parameter file         :   "cfm1fDR_par.par"
  
 No. of traits          =      1                    DR
 No. of records         =    454           454
 No. of parameters      =      3
 Maximum log L          =          -974.878
 -1/2 AIC & AICC        =          -977.878          -977.904
 -1/2 BIC               =          -984.042    "Penalty factor" =   3.055
  
 Operational zero used  =     0.00000001000
 Value for "small"      =     0.00010000000
 Limit: "small" pivots  =     0.00100000000
  
 Eigenvalues of AI matrix
    32.7907        3.89790        2.17035    

 Parameter estimates with approx. sampling erors
   1   CHOL Z 1 1              4.04160          0.364486              
   2   CHOL A 1 1              3.22736          0.575433              
   3   CHOL B 1 1              2.31890          0.532754              

 Convergence criteria for last 3 iterates
 Change in log likelihood    =    0.120173    0.000629    0.000000
 Change in parameter vector  =    0.042243    0.003533    0.000076
 Norm of gradient vector     =      1.0260      0.0664      0.0009
 Newton decrement            =     -0.2314     -0.0012     -0.0000

***** Estimates of residual covariances   ************************************
      Order of fit           =       1
 Covariance matrix
   1     16.335    
 Matrix of correlations and variance ratios
   1      0.5084
 Covariances & correlations with approximate sampling errors
   1  COVS Z 1 1        16.3345        2.94621       vrat     0.508   0.100

***** Estimates for RE  1   "ANIMAL"   ***************************************
      No. of levels          =     678
      Covariance structure   = NRM
      Order of fit           =       1
 Covariance matrix
   1     10.416    
 Matrix of correlations and variance ratios
   1      0.3242
 Covariances & correlations with approximate sampling errors
   2  COVS A 1 1        10.4158        3.71425       vrat     0.324   0.112

***** Estimates for RE  2   "NSEC"   *****************************************
      No. of levels          =      27
      Covariance structure   = IDE
      Order of fit           =       1
 Covariance matrix
   1     5.3773    
 Matrix of correlations and variance ratios
   1      0.1674
 Covariances & correlations with approximate sampling errors
   3  COVS B 1 1        5.37730        2.47081       vrat     0.167   0.067

***** Estimates of phenotypic covariances  ***********************************
 Covariance matrix
   1     32.128    
 Covariances & correlations with approximate sampling errors
   4  COVS T 1 1        32.1276        2.95536    
  
======== end of file ============================12-06-2025==========11:13====
  
