======= Version 03-11-2023 ======================================= **KM** ====

        Program WOMBAT: Estimates of covariance components
==============================================================================

 WOMBAT analysis of  Rep1CWT male wing length, null model                   

 Analysis type          :   "UNI"
 Data file              :   "cwt1mWS_dat.dat"
 Pedigree file          :   "ReducedPedFile.dat"
 Parameter file         :   "cwt1mWS_null.par"
  
 No. of traits          =      1                    WL
 No. of records         =    508           508
 No. of parameters      =      2
 Maximum log L          =          1250.782
 -1/2 AIC & AICC        =          1248.782          1248.770
 -1/2 BIC               =          1244.560    "Penalty factor" =   3.111
  
 Operational zero used  =     0.00000001000
 Value for "small"      =     0.00010000000
 Limit: "small" pivots  =     0.00100000000
  
 Eigenvalues of AI matrix
    960.623        16.8395    

 Parameter estimates with approx. sampling erors
   1   CHOL Z 1 1             -3.03843          0.322708E-01          
   2   CHOL A 1 1             -3.45388          0.243688              

 Convergence criteria for last 3 iterates
 Change in log likelihood    =    9.058423    0.102979    0.000000
 Change in parameter vector  =    0.025399    0.003495    0.000000
 Norm of gradient vector     =    145.9120     18.2393     11.4252
 Newton decrement            =    -24.0829     -7.7199     -7.5543

***** Estimates of residual covariances   ************************************
      Order of fit           =       1
 Covariance matrix
   1    0.22954E-02
 Matrix of correlations and variance ratios
   1      0.6965
 Covariances & correlations with approximate sampling errors
   1  COVS Z 1 1       0.229536E-02   0.148146E-03   vrat     0.697   0.104

***** Estimates for RE  1   "NSEC"   *****************************************
      No. of levels          =      28
      Covariance structure   = NRM
      Order of fit           =       1
 Covariance matrix
   1    0.10000E-02
 Matrix of correlations and variance ratios
   1      0.3035
 Covariances & correlations with approximate sampling errors
   2  COVS A 1 1       0.100000E-02   0.487375E-03   vrat     0.303   0.104

***** Estimates of phenotypic covariances  ***********************************
 Covariance matrix
   1    0.32954E-02
 Covariances & correlations with approximate sampling errors
   3  COVS T 1 1       0.329536E-02   0.506593E-03
  
======== end of file ============================12-06-2025==========12:02====
  
