======= Version 03-11-2023 ======================================= **KM** ====

        Program WOMBAT: Estimates of covariance components
==============================================================================

 WOMBAT analysis of all six traits together from Rep2 CFM,                  

 Analysis type          :   "MUV 6"
 Data file              :   "cfm2_dat.dat"
 Pedigree file          :   "ReducedPedFile.dat"
 Parameter file         :   "cfm2_par.par"
  
 No. of traits          =      6
 No. of records         =   2859      506  mWS                 
                                      506  mDR                 
                                      506  mLA                 
                                      447  fWS                 
                                      447  fDR                 
                                      447  fLA                 
 No. of parameters      =     63
   ... not estimated    =      9
 Maximum log L          =          2530.267
 -1/2 AIC & AICC        =          2476.267          2475.208
 -1/2 BIC               =          2315.622    "Penalty factor" =   3.975
  
 Operational zero used  =     0.00000001000
 Value for "small"      =     0.00010000000
 Limit: "small" pivots  =     0.00001000000
  
 Eigenvalues of AI matrix
    379440.        366081.        299470.        294572.        246509.        189294.        113460.        86092.8    
    61878.9        54743.5        43985.3        35045.6        32497.7        27351.1        24295.5        16571.8    
    13260.2        6158.57        5139.06        4769.92        4076.30        3102.35        2921.20        2054.82    
    1839.89        1498.77        1389.80        704.394        643.971        605.467        559.858        517.491    
    457.427        390.689        249.621        199.618        139.907        96.9278        88.0031        59.2391    
    57.4199        46.3250        21.7714        21.4729        11.5028        10.7440        4.78929        2.34820    
   0.329157       0.252978       0.854711E-01   0.599293E-01   0.486711E-01   0.280867E-01   -0.00000       -0.00000    
   -0.00000       -0.00000       -0.00000       -0.00000       -0.00000       -0.00000       -0.00000    

 Parameter estimates with approx. sampling erors
   1   CHOL Z 1 1             0.752678E-01      0.813092E-01          
   2   CHOL Z 1 2              0.00000           1000.00              
   3   CHOL Z 1 3            -0.285065E-01      0.362625E-01          
   4   CHOL Z 1 4              0.00000           1000.00              
   5   CHOL Z 1 5            -0.733751E-02      0.396929E-02          
   6   CHOL Z 1 6              0.00000           1000.00              
   7   CHOL Z 2 2            -0.165547          0.657620E-01          
   8   CHOL Z 2 3              0.00000           1000.00              
   9   CHOL Z 2 4             0.434928E-01      0.270632E-01          
  10   CHOL Z 2 5              0.00000           1000.00              
  11   CHOL Z 2 6             0.622986E-03      0.319638E-02          
  12   CHOL Z 3 3             -1.12588          0.758716E-01          
  13   CHOL Z 3 4              0.00000           1000.00              
  14   CHOL Z 3 5             0.112601E-02      0.388654E-02          
  15   CHOL Z 3 6              0.00000           1000.00              
  16   CHOL Z 4 4             -1.34014          0.818883E-01          
  17   CHOL Z 4 5              0.00000           1000.00              
  18   CHOL Z 4 6             0.441004E-02      0.360543E-02          
  19   CHOL Z 5 5             -3.65052          0.147106              
  20   CHOL Z 5 6              0.00000           1000.00              
  21   CHOL Z 6 6             -3.72279          0.138210              
  22   CHOL A 1 1            -0.368636          0.235432              
  23   CHOL A 1 2             0.346761          0.144488              
  24   CHOL A 1 3            -0.524527E-01      0.656479E-01          
  25   CHOL A 1 4            -0.398901E-01      0.540831E-01          
  26   CHOL A 1 5            -0.489125E-02      0.687417E-02          
  27   CHOL A 1 6             0.123474E-01      0.775007E-02          
  28   CHOL A 2 2             -1.03410          0.469537              
  29   CHOL A 2 3             0.143351E-01      0.921738E-01          
  30   CHOL A 2 4             0.213634E-02      0.824862E-01          
  31   CHOL A 2 5             0.574429E-02      0.112594E-01          
  32   CHOL A 2 6            -0.133481E-02      0.117950E-01          
  33   CHOL A 3 3             -1.57962          0.223433              
  34   CHOL A 3 4             0.182198          0.505072E-01          
  35   CHOL A 3 5             0.660196E-04      0.752850E-02          
  36   CHOL A 3 6             0.873574E-02      0.818701E-02          
  37   CHOL A 4 4             -2.55518           1.41568              
  38   CHOL A 4 5            -0.216313E-01      0.338053E-01          
  39   CHOL A 4 6            -0.204672E-01      0.376425E-01          
  40   CHOL A 5 5             -3.88694           1.74418              
  41   CHOL A 5 6             0.168543E-01      0.437822E-01          
  42   CHOL A 6 6             -4.81682           3.47047              
  43   CHOL B 1 1            -0.893496          0.291976              
  44   CHOL B 1 2             0.812334E-01      0.115242              
  45   CHOL B 1 3             0.306146E-01      0.459911E-01          
  46   CHOL B 1 4             0.377095E-01      0.395107E-01          
  47   CHOL B 1 5             0.853558E-03      0.460329E-02          
  48   CHOL B 1 6             0.823807E-03      0.522249E-02          
  49   CHOL B 2 2             -1.32713          0.310329              
  50   CHOL B 2 3            -0.754143E-01      0.463535E-01          
  51   CHOL B 2 4            -0.436049E-01      0.410235E-01          
  52   CHOL B 2 5             0.427666E-03      0.474158E-02          
  53   CHOL B 2 6             0.159951E-02      0.535638E-02          
  54   CHOL B 3 3             -3.10394           2.00240              
  55   CHOL B 3 4             0.470253E-01      0.869710E-01          
  56   CHOL B 3 5             0.347977E-02      0.133489E-01          
  57   CHOL B 3 6             0.106248E-02      0.137179E-01          
  58   CHOL B 4 4             -3.59627           3.99471              
  59   CHOL B 4 5             0.252883E-02      0.203127E-01          
  60   CHOL B 4 6             0.392265E-03      0.203295E-01          
  61   CHOL B 5 5             -5.68493           4.86985              
  62   CHOL B 5 6             0.311722E-02      0.195140E-01          
  63   CHOL B 6 6             -5.75646           5.57832              

 Convergence criteria for last 3 iterates
 Change in log likelihood    =    0.157589    0.047864    0.003713
 Change in parameter vector  =    0.000943    0.001251    0.002290
 Norm of gradient vector     =    318.7566    288.1026    268.1484
 Newton decrement            =     -6.7926     -2.5196     -2.2299

***** Estimates of residual covariances   ************************************
      Order of fit           =       6
 Covariance matrix
   1    0.60385E-03
   2    0.11817E-02  0.70436E-01
   3    0.52794E-03  0.36857E-01  0.71814    
   4     0.0000       0.0000       0.0000      0.72994E-03
   5     0.0000       0.0000       0.0000      0.57441E-03  0.10603    
   6     0.0000       0.0000       0.0000     -0.79111E-02 -0.30735E-01   1.1625    
 Eigenvalues of covariance matrix
 Value         1.16         0.72         0.11         0.07         0.00         0.00
   (%)        56.52        34.99         5.11         3.32         0.03         0.03
 Trace         2.06
 Matrix of correlations and variance ratios
   1      0.3821
   2      0.1812    0.5992
   3      0.0254    0.1639    0.6894
   4      0.0000    0.0000    0.0000    0.4163
   5      0.0000    0.0000    0.0000    0.0653    0.6623
   6      0.0000    0.0000    0.0000   -0.2716   -0.0875    0.6428
 Covariances & correlations with approximate sampling errors
   1  COVS Z 1 1       0.603849E-03   0.157298E-03   vrat     0.382   0.108
   2  COVS Z 1 2       0.118169E-02   0.935262E-03   corr     0.181   0.147
   3  COVS Z 1 3       0.527937E-03   0.270864E-02   corr     0.025   0.130
   7  COVS Z 2 2       0.704359E-01   0.111989E-01   vrat     0.599   0.100
   8  COVS Z 2 3       0.368571E-01   0.230372E-01   corr     0.164   0.102
  12  COVS Z 3 3       0.718138       0.944523E-01   vrat     0.689   0.093
  16  COVS Z 4 4       0.729939E-03   0.186992E-03   vrat     0.416   0.115
  17  COVS Z 4 5       0.574409E-03   0.123717E-02   corr     0.065   0.138
  18  COVS Z 4 6      -0.791110E-02   0.418803E-02   corr    -0.272   0.153
  19  COVS Z 5 5       0.106028       0.162300E-01   vrat     0.662   0.105
  20  COVS Z 5 6      -0.307349E-01   0.394966E-01   corr    -0.088   0.110
  21  COVS Z 6 6        1.16246       0.189037       vrat     0.643   0.110

***** Estimates for RE  1   "ANIMAL"   ***************************************
      No. of levels          =    1193
      Covariance structure   = NRM
      Order of fit           =       6
 Covariance matrix
   1    0.94542E-03
   2   -0.14609E-02  0.40826E-01
   3    0.34627E-03 -0.13073E-01  0.24666    
   4    0.72090E-03 -0.49362E-03  0.38070E-02  0.99902E-03
   5    0.35251E-03  0.39665E-01 -0.13092E-01  0.11332E-02  0.45415E-01
   6   -0.33832E-02 -0.27591E-01  0.23985      0.85404E-02 -0.36280E-01  0.47842    
 Eigenvalues of covariance matrix
 Value         0.63         0.10         0.08         0.00         0.00         0.00
   (%)        77.87        12.25         9.27         0.54         0.07         0.00
 Trace         0.81
 Matrix of correlations and variance ratios
   1      0.5983
   2     -0.2351    0.3473
   3      0.0227   -0.1303    0.2368
   4      0.7418   -0.0773    0.2425    0.5698
   5      0.0538    0.9212   -0.1237    0.1682    0.2837
   6     -0.1591   -0.1974    0.6982    0.3907   -0.2461    0.2646
 Covariances & correlations with approximate sampling errors
  22  COVS A 1 1       0.945420E-03   0.225497E-03   vrat     0.598   0.125
  23  COVS A 1 2      -0.146087E-02   0.125704E-02   corr    -0.235   0.201
  24  COVS A 1 3       0.346271E-03   0.349314E-02   corr     0.023   0.229
  25  COVS A 1 4       0.720897E-03   0.177171E-03   corr     0.742   0.134
  26  COVS A 1 5       0.352508E-03   0.139543E-02   corr     0.054   0.213
  27  COVS A 1 6      -0.338317E-02   0.475403E-02   corr    -0.159   0.223
  28  COVS A 2 2       0.408257E-01   0.139576E-01   vrat     0.347   0.112
  29  COVS A 2 3      -0.130728E-01   0.272368E-01   corr    -0.130   0.275
  30  COVS A 2 4      -0.493618E-03   0.130931E-02   corr    -0.077   0.206
  31  COVS A 2 5       0.396654E-01   0.117600E-01   corr     0.921   0.214
  32  COVS A 2 6      -0.275911E-01   0.380385E-01   corr    -0.197   0.265
  33  COVS A 3 3       0.246658       0.105756       vrat     0.237   0.098
  34  COVS A 3 4       0.380701E-02   0.360555E-02   corr     0.243   0.228
  35  COVS A 3 5      -0.130918E-01   0.301506E-01   corr    -0.124   0.282
  36  COVS A 3 6       0.239847       0.105237       corr     0.698   0.279
  37  COVS A 4 4       0.999016E-03   0.259412E-03   vrat     0.570   0.133
  38  COVS A 4 5       0.113324E-02   0.158090E-02   corr     0.168   0.227
  39  COVS A 4 6       0.854040E-02   0.540308E-02   corr     0.391   0.240
  40  COVS A 5 5       0.454148E-01   0.188157E-01   vrat     0.284   0.112
  41  COVS A 5 6      -0.362803E-01   0.465637E-01   corr    -0.246   0.301
  42  COVS A 6 6       0.478417       0.225269       vrat     0.265   0.120

***** Estimates for RE  2   "NSEC"   *****************************************
      No. of levels          =      27
      Covariance structure   = IDE
      Order of fit           =       6
 Covariance matrix
   1    0.30953E-04
   2    0.24653E-03  0.62869E-02
   3    0.18277E-03 -0.85024E-02  0.76950E-01
   4    0.16665E-04  0.22040E-04  0.49117E-03  0.24237E-04
   5    0.15002E-03  0.65530E-02 -0.17516E-01 -0.47730E-04  0.86381E-02
   6    0.34930E-03  0.15432E-01  0.33243E-01  0.33712E-03  0.12528E-01  0.16746    
 Eigenvalues of covariance matrix
 Value         0.18         0.08         0.00         0.00         0.00         0.00
   (%)        69.20        29.07         1.59         0.12         0.01         0.00
 Trace         0.26
 Matrix of correlations and variance ratios
   1      0.0196
   2      0.5589    0.0535
   3      0.1184   -0.3866    0.0739
   4      0.6084    0.0565    0.3597    0.0138
   5      0.2901    0.8892   -0.6794   -0.1043    0.0540
   6      0.1534    0.4756    0.2928    0.1673    0.3294    0.0926
 Covariances & correlations with approximate sampling errors
  43  COVS B 1 1       0.309533E-04   0.725872E-04   vrat     0.020   0.045
  44  COVS B 1 2       0.246531E-03   0.444619E-03   corr     0.559  failed
  45  COVS B 1 3       0.182771E-03   0.129987E-02   corr     0.118   0.849
  46  COVS B 1 4       0.166649E-04   0.646538E-04   corr     0.608  failed
  47  COVS B 1 5       0.150023E-03   0.505749E-03   corr     0.290  failed
  48  COVS B 1 6       0.349295E-03   0.187829E-02   corr     0.153   0.851
  49  COVS B 2 2       0.628695E-02   0.541218E-02   vrat     0.053   0.045
  50  COVS B 2 3      -0.850245E-02   0.114082E-01   corr    -0.387   0.500
  51  COVS B 2 4       0.220405E-04   0.507690E-03   corr     0.056  failed
  52  COVS B 2 5       0.655301E-02   0.497359E-02   corr     0.889   0.356
  53  COVS B 2 6       0.154316E-01   0.164580E-01   corr     0.476   0.501
  54  COVS B 3 3       0.769504E-01   0.473815E-01   vrat     0.074   0.043
  55  COVS B 3 4       0.491171E-03   0.149790E-02   corr     0.360  failed
  56  COVS B 3 5      -0.175159E-01   0.135426E-01   corr    -0.679   0.453
  57  COVS B 3 6       0.332425E-01   0.499955E-01   corr     0.293   0.389
  58  COVS B 4 4       0.242369E-04   0.101995E-03   vrat     0.014   0.058
  59  COVS B 4 5      -0.477298E-04   0.578855E-03   corr    -0.104  failed
  60  COVS B 4 6       0.337120E-03   0.215093E-02   corr     0.167  failed
  61  COVS B 5 5       0.863806E-02   0.701519E-02   vrat     0.054   0.042
  62  COVS B 5 6       0.125282E-01   0.186683E-01   corr     0.329   0.506
  63  COVS B 6 6       0.167463       0.977903E-01   vrat     0.093   0.051

***** Estimates of phenotypic covariances  ***********************************
 Covariance matrix
   1    0.15802E-02
   2   -0.32653E-04  0.11755    
   3    0.10570E-02  0.15282E-01   1.0417    
   4    0.73756E-03 -0.47158E-03  0.42982E-02  0.17532E-02
   5    0.50253E-03  0.46218E-01 -0.30608E-01  0.16599E-02  0.16008    
   6   -0.30339E-02 -0.12159E-01  0.27309      0.96642E-03 -0.54487E-01   1.8083    
 Eigenvalues of covariance matrix
 Value         1.90         0.95         0.19         0.09         0.00         0.00
   (%)        60.61        30.50         6.00         2.78         0.08         0.03
 Trace         3.13
 Correlation matrix
   1      1.0000
   2     -0.0024    1.0000
   3      0.0261    0.0437    1.0000
   4      0.4431   -0.0328    0.1006    1.0000
   5      0.0316    0.3369   -0.0750    0.0991    1.0000
   6     -0.0568   -0.0264    0.1990    0.0172   -0.1013    1.0000
 Covariances & correlations with approximate sampling errors
  64  COVS T 1 1       0.158022E-02   0.119387E-03
  65  COVS T 1 2      -0.326532E-04   0.708708E-03   corr    -0.002   0.052
  66  COVS T 1 3       0.105698E-02   0.209433E-02   corr     0.026   0.052
  67  COVS T 1 4       0.737562E-03   0.167448E-03   corr     0.443   0.088
  68  COVS T 1 5       0.502531E-03   0.132806E-02   corr     0.032   0.083
  69  COVS T 1 6      -0.303387E-02   0.454584E-02   corr    -0.057   0.085
  70  COVS T 2 2       0.117549       0.846243E-02
  71  COVS T 2 3       0.152819E-01   0.179191E-01   corr     0.044   0.051
  72  COVS T 2 4      -0.471578E-03   0.123756E-02   corr    -0.033   0.086
  73  COVS T 2 5       0.462184E-01   0.114656E-01   corr     0.337   0.075
  74  COVS T 2 6      -0.121595E-01   0.366932E-01   corr    -0.026   0.080
  75  COVS T 3 3        1.04175       0.750859E-01
  76  COVS T 3 4       0.429818E-02   0.353476E-02   corr     0.101   0.082
  77  COVS T 3 5      -0.306076E-01   0.302146E-01   corr    -0.075   0.073
  78  COVS T 3 6       0.273089       0.106017       corr     0.199   0.074
  79  COVS T 4 4       0.175319E-02   0.149384E-03
  80  COVS T 4 5       0.165992E-02   0.933793E-03   corr     0.099   0.055
  81  COVS T 4 6       0.966420E-03   0.320453E-02   corr     0.017   0.057
  82  COVS T 5 5       0.160080       0.120007E-01
  83  COVS T 5 6      -0.544870E-01   0.293375E-01   corr    -0.101   0.054
  84  COVS T 6 6        1.80834       0.142445    
  
======== end of file ============================16-07-2025==========15:52====
  
