======= Version 03-11-2023 ======================================= **KM** ====

        Program WOMBAT: Estimates of covariance components
==============================================================================

 WOMBAT analysis of  Rep1FLX male LA, null model                            

 Analysis type          :   "UNI"
 Data file              :   "flx1mLA_datnull.dat"
 Pedigree file          :   "ReducedPedFile.dat"
 Parameter file         :   "flx1mLA_null.par"
  
 No. of traits          =      1                    LA
 No. of records         =    488           488
 No. of parameters      =      2
 Maximum log L          =          -776.781
 -1/2 AIC & AICC        =          -778.781          -778.794
 -1/2 BIC               =          -782.963    "Penalty factor" =   3.091
  
 Operational zero used  =     0.00000001000
 Value for "small"      =     0.00010000000
 Limit: "small" pivots  =     0.00100000000
  
 Eigenvalues of AI matrix
    111.151        15.1776    

 Parameter estimates with approx. sampling erors
   1   CHOL Z 1 1              2.89235          0.954270E-01          
   2   CHOL A 1 1            -0.789753E-01      0.256470              

 Convergence criteria for last 3 iterates
 Change in log likelihood    =    0.209586    0.002254    0.000065
 Change in parameter vector  =    0.035012    0.005503    0.000929
 Norm of gradient vector     =      5.9070      0.2510      0.0424
 Newton decrement            =     -0.3968     -0.0039     -0.0001

***** Estimates of residual covariances   ************************************
      Order of fit           =       1
 Covariance matrix
   1     8.3657    
 Matrix of correlations and variance ratios
   1      0.9074
 Covariances & correlations with approximate sampling errors
   1  COVS Z 1 1        8.36567       0.552016       vrat     0.907   0.044

***** Estimates for RE  1   "NSEC"   *****************************************
      No. of levels          =      26
      Covariance structure   = NRM
      Order of fit           =       1
 Covariance matrix
   1    0.85389    
 Matrix of correlations and variance ratios
   1      0.0926
 Covariances & correlations with approximate sampling errors
   2  COVS A 1 1       0.853892       0.437996       vrat     0.093   0.044

***** Estimates of phenotypic covariances  ***********************************
 Covariance matrix
   1     9.2196    
 Covariances & correlations with approximate sampling errors
   3  COVS T 1 1        9.21956       0.668800    
  
======== end of file ============================12-06-2025==========10:30====
  
